<?xml version="1.0" encoding="UTF-8"?>
<testsuite name="com.jstudyplanner.dao.hibernate.HibernateEnrollmentDAOTest" time="0.001" tests="1" errors="1" skipped="0" failures="0">
  <properties>
    <property name="java.runtime.name" value="Java(TM) SE Runtime Environment"/>
    <property name="sun.boot.library.path" value="/Library/Java/JavaVirtualMachines/jdk1.8.0_151.jdk/Contents/Home/jre/lib"/>
    <property name="java.vm.version" value="25.151-b12"/>
    <property name="user.country.format" value="IN"/>
    <property name="gopherProxySet" value="false"/>
    <property name="java.vm.vendor" value="Oracle Corporation"/>
    <property name="maven.multiModuleProjectDirectory" value="/Users/661225/workspace-sts-3.9.1.RELEASE/StudyPlanner"/>
    <property name="java.vendor.url" value="http://java.oracle.com/"/>
    <property name="path.separator" value=":"/>
    <property name="guice.disable.misplaced.annotation.check" value="true"/>
    <property name="java.vm.name" value="Java HotSpot(TM) 64-Bit Server VM"/>
    <property name="file.encoding.pkg" value="sun.io"/>
    <property name="user.country" value="US"/>
    <property name="sun.java.launcher" value="SUN_STANDARD"/>
    <property name="sun.os.patch.level" value="unknown"/>
    <property name="java.vm.specification.name" value="Java Virtual Machine Specification"/>
    <property name="user.dir" value="/Users/661225/workspace-sts-3.9.1.RELEASE/StudyPlanner"/>
    <property name="java.runtime.version" value="1.8.0_151-b12"/>
    <property name="java.awt.graphicsenv" value="sun.awt.CGraphicsEnvironment"/>
    <property name="java.endorsed.dirs" value="/Library/Java/JavaVirtualMachines/jdk1.8.0_151.jdk/Contents/Home/jre/lib/endorsed"/>
    <property name="os.arch" value="x86_64"/>
    <property name="java.io.tmpdir" value="/var/folders/g_/j5kbfdpj65lb_lqyz_fd19nnx_4p9d/T/"/>
    <property name="line.separator" value="&#10;"/>
    <property name="java.vm.specification.vendor" value="Oracle Corporation"/>
    <property name="os.name" value="Mac OS X"/>
    <property name="classworlds.conf" value="/Users/661225/workspace-sts-3.9.1.RELEASE/.metadata/.plugins/org.eclipse.m2e.launching/launches/m2conf7732334682598930773.tmp"/>
    <property name="sun.jnu.encoding" value="UTF-8"/>
    <property name="java.library.path" value="/Users/661225/Library/Java/Extensions:/Library/Java/Extensions:/Network/Library/Java/Extensions:/System/Library/Java/Extensions:/usr/lib/java:."/>
    <property name="java.specification.name" value="Java Platform API Specification"/>
    <property name="java.class.version" value="52.0"/>
    <property name="sun.management.compiler" value="HotSpot 64-Bit Tiered Compilers"/>
    <property name="os.version" value="10.11.6"/>
    <property name="http.nonProxyHosts" value="local|*.local|169.254/16|*.169.254/16"/>
    <property name="user.home" value="/Users/661225"/>
    <property name="user.timezone" value="Asia/Kolkata"/>
    <property name="java.awt.printerjob" value="sun.lwawt.macosx.CPrinterJob"/>
    <property name="java.specification.version" value="1.8"/>
    <property name="file.encoding" value="UTF-8"/>
    <property name="user.name" value="661225"/>
    <property name="java.class.path" value="/Volumes/Spring Tool Suite/STS.app/Contents/Eclipse/plugins/org.eclipse.m2e.maven.runtime_1.8.2.20171007-0216/jars/plexus-classworlds-2.5.2.jar"/>
    <property name="java.vm.specification.version" value="1.8"/>
    <property name="sun.arch.data.model" value="64"/>
    <property name="java.home" value="/Library/Java/JavaVirtualMachines/jdk1.8.0_151.jdk/Contents/Home/jre"/>
    <property name="sun.java.command" value="org.codehaus.plexus.classworlds.launcher.Launcher -B install"/>
    <property name="java.specification.vendor" value="Oracle Corporation"/>
    <property name="user.language" value="en"/>
    <property name="awt.toolkit" value="sun.lwawt.macosx.LWCToolkit"/>
    <property name="java.vm.info" value="mixed mode"/>
    <property name="java.version" value="1.8.0_151"/>
    <property name="java.ext.dirs" value="/Users/661225/Library/Java/Extensions:/Library/Java/JavaVirtualMachines/jdk1.8.0_151.jdk/Contents/Home/jre/lib/ext:/Library/Java/Extensions:/Network/Library/Java/Extensions:/System/Library/Java/Extensions:/usr/lib/java"/>
    <property name="sun.boot.class.path" value="/Library/Java/JavaVirtualMachines/jdk1.8.0_151.jdk/Contents/Home/jre/lib/resources.jar:/Library/Java/JavaVirtualMachines/jdk1.8.0_151.jdk/Contents/Home/jre/lib/rt.jar:/Library/Java/JavaVirtualMachines/jdk1.8.0_151.jdk/Contents/Home/jre/lib/sunrsasign.jar:/Library/Java/JavaVirtualMachines/jdk1.8.0_151.jdk/Contents/Home/jre/lib/jsse.jar:/Library/Java/JavaVirtualMachines/jdk1.8.0_151.jdk/Contents/Home/jre/lib/jce.jar:/Library/Java/JavaVirtualMachines/jdk1.8.0_151.jdk/Contents/Home/jre/lib/charsets.jar:/Library/Java/JavaVirtualMachines/jdk1.8.0_151.jdk/Contents/Home/jre/lib/jfr.jar:/Library/Java/JavaVirtualMachines/jdk1.8.0_151.jdk/Contents/Home/jre/classes"/>
    <property name="java.vendor" value="Oracle Corporation"/>
    <property name="maven.home" value="/Users/661225/workspace-sts-3.9.1.RELEASE/StudyPlanner/EMBEDDED"/>
    <property name="file.separator" value="/"/>
    <property name="java.vendor.url.bug" value="http://bugreport.sun.com/bugreport/"/>
    <property name="sun.cpu.endian" value="little"/>
    <property name="sun.io.unicode.encoding" value="UnicodeBig"/>
    <property name="socksNonProxyHosts" value="local|*.local|169.254/16|*.169.254/16"/>
    <property name="ftp.nonProxyHosts" value="local|*.local|169.254/16|*.169.254/16"/>
    <property name="sun.cpu.isalist" value=""/>
  </properties>
  <testcase name="testCRUDEnrollment" classname="com.jstudyplanner.dao.hibernate.HibernateEnrollmentDAOTest" time="0.001">
    <error message="Could not open Hibernate Session for transaction; nested exception is org.hibernate.exception.JDBCConnectionException: Could not open connection" type="org.springframework.transaction.CannotCreateTransactionException"><![CDATA[org.springframework.transaction.CannotCreateTransactionException: Could not open Hibernate Session for transaction; nested exception is org.hibernate.exception.JDBCConnectionException: Could not open connection
	at java.net.PlainSocketImpl.socketConnect(Native Method)
	at java.net.AbstractPlainSocketImpl.doConnect(AbstractPlainSocketImpl.java:350)
	at java.net.AbstractPlainSocketImpl.connectToAddress(AbstractPlainSocketImpl.java:206)
	at java.net.AbstractPlainSocketImpl.connect(AbstractPlainSocketImpl.java:188)
	at java.net.SocksSocketImpl.connect(SocksSocketImpl.java:392)
	at java.net.Socket.connect(Socket.java:589)
	at java.net.Socket.connect(Socket.java:538)
	at java.net.Socket.<init>(Socket.java:434)
	at java.net.Socket.<init>(Socket.java:244)
	at com.mysql.jdbc.StandardSocketFactory.connect(StandardSocketFactory.java:259)
	at com.mysql.jdbc.MysqlIO.<init>(MysqlIO.java:307)
	at com.mysql.jdbc.ConnectionImpl.coreConnect(ConnectionImpl.java:2482)
	at com.mysql.jdbc.ConnectionImpl.connectOneTryOnly(ConnectionImpl.java:2519)
	at com.mysql.jdbc.ConnectionImpl.createNewIO(ConnectionImpl.java:2304)
	at com.mysql.jdbc.ConnectionImpl.<init>(ConnectionImpl.java:834)
	at com.mysql.jdbc.JDBC4Connection.<init>(JDBC4Connection.java:47)
	at sun.reflect.NativeConstructorAccessorImpl.newInstance0(Native Method)
	at sun.reflect.NativeConstructorAccessorImpl.newInstance(NativeConstructorAccessorImpl.java:62)
	at sun.reflect.DelegatingConstructorAccessorImpl.newInstance(DelegatingConstructorAccessorImpl.java:45)
	at java.lang.reflect.Constructor.newInstance(Constructor.java:423)
	at com.mysql.jdbc.Util.handleNewInstance(Util.java:411)
	at com.mysql.jdbc.ConnectionImpl.getInstance(ConnectionImpl.java:416)
	at com.mysql.jdbc.NonRegisteringDriver.connect(NonRegisteringDriver.java:346)
	at java.sql.DriverManager.getConnection(DriverManager.java:664)
	at java.sql.DriverManager.getConnection(DriverManager.java:208)
	at org.springframework.jdbc.datasource.DriverManagerDataSource.getConnectionFromDriverManager(DriverManagerDataSource.java:153)
	at org.springframework.jdbc.datasource.DriverManagerDataSource.getConnectionFromDriver(DriverManagerDataSource.java:144)
	at org.springframework.jdbc.datasource.AbstractDriverBasedDataSource.getConnectionFromDriver(AbstractDriverBasedDataSource.java:196)
	at org.springframework.jdbc.datasource.AbstractDriverBasedDataSource.getConnection(AbstractDriverBasedDataSource.java:159)
	at org.hibernate.service.jdbc.connections.internal.DatasourceConnectionProviderImpl.getConnection(DatasourceConnectionProviderImpl.java:141)
	at org.hibernate.internal.AbstractSessionImpl$NonContextualJdbcConnectionAccess.obtainConnection(AbstractSessionImpl.java:281)
	at org.hibernate.engine.jdbc.internal.LogicalConnectionImpl.obtainConnection(LogicalConnectionImpl.java:297)
	at org.hibernate.engine.jdbc.internal.LogicalConnectionImpl.getConnection(LogicalConnectionImpl.java:169)
	at org.hibernate.engine.transaction.internal.jdbc.JdbcTransaction.doBegin(JdbcTransaction.java:67)
	at org.hibernate.engine.transaction.spi.AbstractTransactionImpl.begin(AbstractTransactionImpl.java:160)
	at org.hibernate.internal.SessionImpl.beginTransaction(SessionImpl.java:1392)
	at org.springframework.orm.hibernate4.HibernateTransactionManager.doBegin(HibernateTransactionManager.java:502)
	at org.springframework.transaction.support.AbstractPlatformTransactionManager.getTransaction(AbstractPlatformTransactionManager.java:373)
	at org.springframework.transaction.interceptor.TransactionAspectSupport.createTransactionIfNecessary(TransactionAspectSupport.java:447)
	at org.springframework.transaction.interceptor.TransactionAspectSupport.invokeWithinTransaction(TransactionAspectSupport.java:277)
	at org.springframework.transaction.interceptor.TransactionInterceptor.invoke(TransactionInterceptor.java:96)
	at org.springframework.aop.framework.ReflectiveMethodInvocation.proceed(ReflectiveMethodInvocation.java:179)
	at org.springframework.aop.framework.JdkDynamicAopProxy.invoke(JdkDynamicAopProxy.java:213)
	at com.sun.proxy.$Proxy18.add(Unknown Source)
	at com.jstudyplanner.dao.hibernate.HibernateEnrollmentDAOTest.testCRUDEnrollment(HibernateEnrollmentDAOTest.java:90)
]]></error>
    <system-out><![CDATA[18:50:54.791 [main] DEBUG org.springframework.core.env.StandardEnvironment - Adding PropertySource 'systemProperties' with lowest search precedence
18:50:54.791 [main] DEBUG org.springframework.core.env.StandardEnvironment - Adding PropertySource 'systemEnvironment' with lowest search precedence
18:50:54.791 [main] DEBUG org.springframework.core.env.StandardEnvironment - Initialized StandardEnvironment with PropertySources [MapPropertySource@1962420141 {name='systemProperties', properties={java.runtime.name=Java(TM) SE Runtime Environment, sun.boot.library.path=/Library/Java/JavaVirtualMachines/jdk1.8.0_151.jdk/Contents/Home/jre/lib, java.vm.version=25.151-b12, user.country.format=IN, gopherProxySet=false, java.vm.vendor=Oracle Corporation, java.vendor.url=http://java.oracle.com/, path.separator=:, java.vm.name=Java HotSpot(TM) 64-Bit Server VM, file.encoding.pkg=sun.io, user.country=US, sun.java.launcher=SUN_STANDARD, sun.os.patch.level=unknown, java.vm.specification.name=Java Virtual Machine Specification, user.dir=/Users/661225/workspace-sts-3.9.1.RELEASE/StudyPlanner, java.runtime.version=1.8.0_151-b12, basedir=/Users/661225/workspace-sts-3.9.1.RELEASE/StudyPlanner, java.awt.graphicsenv=sun.awt.CGraphicsEnvironment, java.endorsed.dirs=/Library/Java/JavaVirtualMachines/jdk1.8.0_151.jdk/Contents/Home/jre/lib/endorsed, os.arch=x86_64, surefire.real.class.path=/Users/661225/workspace-sts-3.9.1.RELEASE/StudyPlanner/target/surefire/surefirebooter2200310865432160619.jar, java.io.tmpdir=/var/folders/g_/j5kbfdpj65lb_lqyz_fd19nnx_4p9d/T/, line.separator=
, java.vm.specification.vendor=Oracle Corporation, os.name=Mac OS X, sun.jnu.encoding=UTF-8, java.library.path=/Users/661225/Library/Java/Extensions:/Library/Java/Extensions:/Network/Library/Java/Extensions:/System/Library/Java/Extensions:/usr/lib/java:., surefire.test.class.path=/Users/661225/workspace-sts-3.9.1.RELEASE/StudyPlanner/target/test-classes:/Users/661225/workspace-sts-3.9.1.RELEASE/StudyPlanner/target/classes:/Users/661225/.m2/repository/org/springframework/boot/spring-boot-starter-web/1.5.8.RELEASE/spring-boot-starter-web-1.5.8.RELEASE.jar:/Users/661225/.m2/repository/org/springframework/boot/spring-boot-starter/1.5.8.RELEASE/spring-boot-starter-1.5.8.RELEASE.jar:/Users/661225/.m2/repository/org/springframework/boot/spring-boot/1.5.8.RELEASE/spring-boot-1.5.8.RELEASE.jar:/Users/661225/.m2/repository/org/springframework/boot/spring-boot-autoconfigure/1.5.8.RELEASE/spring-boot-autoconfigure-1.5.8.RELEASE.jar:/Users/661225/.m2/repository/org/springframework/boot/spring-boot-starter-logging/1.5.8.RELEASE/spring-boot-starter-logging-1.5.8.RELEASE.jar:/Users/661225/.m2/repository/ch/qos/logback/logback-classic/1.1.11/logback-classic-1.1.11.jar:/Users/661225/.m2/repository/ch/qos/logback/logback-core/1.1.11/logback-core-1.1.11.jar:/Users/661225/.m2/repository/org/slf4j/jul-to-slf4j/1.7.25/jul-to-slf4j-1.7.25.jar:/Users/661225/.m2/repository/org/slf4j/log4j-over-slf4j/1.7.25/log4j-over-slf4j-1.7.25.jar:/Users/661225/.m2/repository/org/yaml/snakeyaml/1.17/snakeyaml-1.17.jar:/Users/661225/.m2/repository/org/hibernate/hibernate-validator/5.3.5.Final/hibernate-validator-5.3.5.Final.jar:/Users/661225/.m2/repository/javax/validation/validation-api/1.1.0.Final/validation-api-1.1.0.Final.jar:/Users/661225/.m2/repository/com/fasterxml/classmate/1.3.4/classmate-1.3.4.jar:/Users/661225/.m2/repository/com/fasterxml/jackson/core/jackson-databind/2.6.7/jackson-databind-2.6.7.jar:/Users/661225/.m2/repository/com/fasterxml/jackson/core/jackson-annotations/2.6.7/jackson-annotations-2.6.7.jar:/Users/661225/.m2/repository/com/fasterxml/jackson/core/jackson-core/2.6.7/jackson-core-2.6.7.jar:/Users/661225/.m2/repository/org/springframework/spring-web/4.3.12.RELEASE/spring-web-4.3.12.RELEASE.jar:/Users/661225/.m2/repository/org/springframework/boot/spring-boot-starter-tomcat/1.5.8.RELEASE/spring-boot-starter-tomcat-1.5.8.RELEASE.jar:/Users/661225/.m2/repository/org/apache/tomcat/embed/tomcat-embed-core/8.5.23/tomcat-embed-core-8.5.23.jar:/Users/661225/.m2/repository/org/apache/tomcat/tomcat-annotations-api/8.5.23/tomcat-annotations-api-8.5.23.jar:/Users/661225/.m2/repository/org/apache/tomcat/embed/tomcat-embed-el/8.5.23/tomcat-embed-el-8.5.23.jar:/Users/661225/.m2/repository/org/apache/tomcat/embed/tomcat-embed-websocket/8.5.23/tomcat-embed-websocket-8.5.23.jar:/Users/661225/.m2/repository/org/springframework/boot/spring-boot-starter-test/1.5.8.RELEASE/spring-boot-starter-test-1.5.8.RELEASE.jar:/Users/661225/.m2/repository/org/springframework/boot/spring-boot-test/1.5.8.RELEASE/spring-boot-test-1.5.8.RELEASE.jar:/Users/661225/.m2/repository/org/springframework/boot/spring-boot-test-autoconfigure/1.5.8.RELEASE/spring-boot-test-autoconfigure-1.5.8.RELEASE.jar:/Users/661225/.m2/repository/com/jayway/jsonpath/json-path/2.2.0/json-path-2.2.0.jar:/Users/661225/.m2/repository/net/minidev/json-smart/2.2.1/json-smart-2.2.1.jar:/Users/661225/.m2/repository/net/minidev/accessors-smart/1.1/accessors-smart-1.1.jar:/Users/661225/.m2/repository/org/ow2/asm/asm/5.0.3/asm-5.0.3.jar:/Users/661225/.m2/repository/org/assertj/assertj-core/2.6.0/assertj-core-2.6.0.jar:/Users/661225/.m2/repository/org/mockito/mockito-core/1.10.19/mockito-core-1.10.19.jar:/Users/661225/.m2/repository/org/objenesis/objenesis/2.1/objenesis-2.1.jar:/Users/661225/.m2/repository/org/hamcrest/hamcrest-core/1.3/hamcrest-core-1.3.jar:/Users/661225/.m2/repository/org/hamcrest/hamcrest-library/1.3/hamcrest-library-1.3.jar:/Users/661225/.m2/repository/org/skyscreamer/jsonassert/1.4.0/jsonassert-1.4.0.jar:/Users/661225/.m2/repository/com/vaadin/external/google/android-json/0.0.20131108.vaadin1/android-json-0.0.20131108.vaadin1.jar:/Users/661225/.m2/repository/org/springframework/spring-core/4.3.12.RELEASE/spring-core-4.3.12.RELEASE.jar:/Users/661225/.m2/repository/org/springframework/spring-test/4.3.12.RELEASE/spring-test-4.3.12.RELEASE.jar:/Users/661225/.m2/repository/org/springframework/spring-context/4.3.12.RELEASE/spring-context-4.3.12.RELEASE.jar:/Users/661225/.m2/repository/org/springframework/spring-beans/4.3.12.RELEASE/spring-beans-4.3.12.RELEASE.jar:/Users/661225/.m2/repository/org/springframework/spring-webmvc/4.3.12.RELEASE/spring-webmvc-4.3.12.RELEASE.jar:/Users/661225/.m2/repository/org/springframework/spring-orm/4.3.12.RELEASE/spring-orm-4.3.12.RELEASE.jar:/Users/661225/.m2/repository/org/springframework/spring-aop/4.3.12.RELEASE/spring-aop-4.3.12.RELEASE.jar:/Users/661225/.m2/repository/org/springframework/spring-jdbc/4.3.12.RELEASE/spring-jdbc-4.3.12.RELEASE.jar:/Users/661225/.m2/repository/org/springframework/spring-tx/4.3.12.RELEASE/spring-tx-4.3.12.RELEASE.jar:/Users/661225/.m2/repository/org/springframework/spring-expression/4.3.12.RELEASE/spring-expression-4.3.12.RELEASE.jar:/Users/661225/.m2/repository/org/springframework/security/spring-security-web/4.2.3.RELEASE/spring-security-web-4.2.3.RELEASE.jar:/Users/661225/.m2/repository/aopalliance/aopalliance/1.0/aopalliance-1.0.jar:/Users/661225/.m2/repository/org/springframework/security/spring-security-core/4.2.3.RELEASE/spring-security-core-4.2.3.RELEASE.jar:/Users/661225/.m2/repository/org/springframework/security/spring-security-config/4.2.3.RELEASE/spring-security-config-4.2.3.RELEASE.jar:/Users/661225/.m2/repository/org/springframework/security/spring-security-taglibs/4.2.3.RELEASE/spring-security-taglibs-4.2.3.RELEASE.jar:/Users/661225/.m2/repository/org/springframework/security/spring-security-acl/4.2.3.RELEASE/spring-security-acl-4.2.3.RELEASE.jar:/Users/661225/.m2/repository/org/hibernate/hibernate-core/4.1.7.Final/hibernate-core-4.1.7.Final.jar:/Users/661225/.m2/repository/antlr/antlr/2.7.7/antlr-2.7.7.jar:/Users/661225/.m2/repository/org/jboss/logging/jboss-logging/3.3.1.Final/jboss-logging-3.3.1.Final.jar:/Users/661225/.m2/repository/org/jboss/spec/javax/transaction/jboss-transaction-api_1.1_spec/1.0.0.Final/jboss-transaction-api_1.1_spec-1.0.0.Final.jar:/Users/661225/.m2/repository/dom4j/dom4j/1.6.1/dom4j-1.6.1.jar:/Users/661225/.m2/repository/org/hibernate/javax/persistence/hibernate-jpa-2.0-api/1.0.1.Final/hibernate-jpa-2.0-api-1.0.1.Final.jar:/Users/661225/.m2/repository/org/javassist/javassist/3.21.0-GA/javassist-3.21.0-GA.jar:/Users/661225/.m2/repository/org/hibernate/common/hibernate-commons-annotations/4.0.1.Final/hibernate-commons-annotations-4.0.1.Final.jar:/Users/661225/.m2/repository/mysql/mysql-connector-java/5.1.26/mysql-connector-java-5.1.26.jar:/Users/661225/.m2/repository/org/aspectj/aspectjrt/1.6.10/aspectjrt-1.6.10.jar:/Users/661225/.m2/repository/log4j/log4j/1.2.15/log4j-1.2.15.jar:/Users/661225/.m2/repository/javax/inject/javax.inject/1/javax.inject-1.jar:/Users/661225/.m2/repository/javax/servlet/javax.servlet-api/3.1.0/javax.servlet-api-3.1.0.jar:/Users/661225/.m2/repository/javax/servlet/jsp/jsp-api/2.1/jsp-api-2.1.jar:/Users/661225/.m2/repository/javax/servlet/jstl/1.2/jstl-1.2.jar:/Users/661225/.m2/repository/org/apache/tiles/tiles-core/3.0.0/tiles-core-3.0.0.jar:/Users/661225/.m2/repository/org/apache/tiles/tiles-api/3.0.0/tiles-api-3.0.0.jar:/Users/661225/.m2/repository/commons-digester/commons-digester/2.1/commons-digester-2.1.jar:/Users/661225/.m2/repository/commons-beanutils/commons-beanutils/1.9.3/commons-beanutils-1.9.3.jar:/Users/661225/.m2/repository/commons-collections/commons-collections/3.2.2/commons-collections-3.2.2.jar:/Users/661225/.m2/repository/org/slf4j/jcl-over-slf4j/1.7.25/jcl-over-slf4j-1.7.25.jar:/Users/661225/.m2/repository/org/apache/tiles/tiles-jsp/2.2.2/tiles-jsp-2.2.2.jar:/Users/661225/.m2/repository/org/apache/tiles/tiles-servlet/2.2.2/tiles-servlet-2.2.2.jar:/Users/661225/.m2/repository/org/apache/tiles/tiles-template/2.2.2/tiles-template-2.2.2.jar:/Users/661225/.m2/repository/org/apache/tiles/tiles-extras/2.2.2/tiles-extras-2.2.2.jar:/Users/661225/.m2/repository/org/apache/tiles/tiles-servlet-wildcard/2.2.2/tiles-servlet-wildcard-2.2.2.jar:/Users/661225/.m2/repository/org/apache/tiles/tiles-freemarker/2.2.2/tiles-freemarker-2.2.2.jar:/Users/661225/.m2/repository/org/freemarker/freemarker/2.3.26-incubating/freemarker-2.3.26-incubating.jar:/Users/661225/.m2/repository/org/apache/tiles/tiles-velocity/2.2.2/tiles-velocity-2.2.2.jar:/Users/661225/.m2/repository/org/apache/velocity/velocity-tools/2.0/velocity-tools-2.0.jar:/Users/661225/.m2/repository/oro/oro/2.0.8/oro-2.0.8.jar:/Users/661225/.m2/repository/org/apache/velocity/velocity/1.6.2/velocity-1.6.2.jar:/Users/661225/.m2/repository/commons-lang/commons-lang/2.4/commons-lang-2.4.jar:/Users/661225/.m2/repository/org/apache/tiles/tiles-el/2.2.2/tiles-el-2.2.2.jar:/Users/661225/.m2/repository/org/apache/tiles/tiles-mvel/2.2.2/tiles-mvel-2.2.2.jar:/Users/661225/.m2/repository/org/mvel/mvel2/2.0.11/mvel2-2.0.11.jar:/Users/661225/.m2/repository/org/apache/tiles/tiles-ognl/2.2.2/tiles-ognl-2.2.2.jar:/Users/661225/.m2/repository/ognl/ognl/2.7.3/ognl-2.7.3.jar:/Users/661225/.m2/repository/jboss/javassist/3.7.ga/javassist-3.7.ga.jar:/Users/661225/.m2/repository/org/apache/tiles/tiles-compat/2.2.2/tiles-compat-2.2.2.jar:/Users/661225/.m2/repository/org/codehaus/jackson/jackson-mapper-asl/1.9.13/jackson-mapper-asl-1.9.13.jar:/Users/661225/.m2/repository/org/codehaus/jackson/jackson-core-asl/1.9.13/jackson-core-asl-1.9.13.jar:/Users/661225/.m2/repository/junit/junit/4.7/junit-4.7.jar:/Users/661225/.m2/repository/org/apache/tiles/tiles-request-api/1.0.7/tiles-request-api-1.0.7.jar:/Users/661225/.m2/repository/org/slf4j/slf4j-api/1.7.25/slf4j-api-1.7.25.jar:/Users/661225/.m2/repository/org/apache/tiles/tiles-request-servlet/1.0.0/tiles-request-servlet-1.0.0.jar:, java.specification.name=Java Platform API Specification, java.class.version=52.0, sun.management.compiler=HotSpot 64-Bit Tiered Compilers, os.version=10.11.6, http.nonProxyHosts=local|*.local|169.254/16|*.169.254/16, user.home=/Users/661225, user.timezone=Asia/Kolkata, java.awt.printerjob=sun.lwawt.macosx.CPrinterJob, file.encoding=UTF-8, java.specification.version=1.8, java.class.path=/Users/661225/workspace-sts-3.9.1.RELEASE/StudyPlanner/target/test-classes:/Users/661225/workspace-sts-3.9.1.RELEASE/StudyPlanner/target/classes:/Users/661225/.m2/repository/org/springframework/boot/spring-boot-starter-web/1.5.8.RELEASE/spring-boot-starter-web-1.5.8.RELEASE.jar:/Users/661225/.m2/repository/org/springframework/boot/spring-boot-starter/1.5.8.RELEASE/spring-boot-starter-1.5.8.RELEASE.jar:/Users/661225/.m2/repository/org/springframework/boot/spring-boot/1.5.8.RELEASE/spring-boot-1.5.8.RELEASE.jar:/Users/661225/.m2/repository/org/springframework/boot/spring-boot-autoconfigure/1.5.8.RELEASE/spring-boot-autoconfigure-1.5.8.RELEASE.jar:/Users/661225/.m2/repository/org/springframework/boot/spring-boot-starter-logging/1.5.8.RELEASE/spring-boot-starter-logging-1.5.8.RELEASE.jar:/Users/661225/.m2/repository/ch/qos/logback/logback-classic/1.1.11/logback-classic-1.1.11.jar:/Users/661225/.m2/repository/ch/qos/logback/logback-core/1.1.11/logback-core-1.1.11.jar:/Users/661225/.m2/repository/org/slf4j/jul-to-slf4j/1.7.25/jul-to-slf4j-1.7.25.jar:/Users/661225/.m2/repository/org/slf4j/log4j-over-slf4j/1.7.25/log4j-over-slf4j-1.7.25.jar:/Users/661225/.m2/repository/org/yaml/snakeyaml/1.17/snakeyaml-1.17.jar:/Users/661225/.m2/repository/org/hibernate/hibernate-validator/5.3.5.Final/hibernate-validator-5.3.5.Final.jar:/Users/661225/.m2/repository/javax/validation/validation-api/1.1.0.Final/validation-api-1.1.0.Final.jar:/Users/661225/.m2/repository/com/fasterxml/classmate/1.3.4/classmate-1.3.4.jar:/Users/661225/.m2/repository/com/fasterxml/jackson/core/jackson-databind/2.6.7/jackson-databind-2.6.7.jar:/Users/661225/.m2/repository/com/fasterxml/jackson/core/jackson-annotations/2.6.7/jackson-annotations-2.6.7.jar:/Users/661225/.m2/repository/com/fasterxml/jackson/core/jackson-core/2.6.7/jackson-core-2.6.7.jar:/Users/661225/.m2/repository/org/springframework/spring-web/4.3.12.RELEASE/spring-web-4.3.12.RELEASE.jar:/Users/661225/.m2/repository/org/springframework/boot/spring-boot-starter-tomcat/1.5.8.RELEASE/spring-boot-starter-tomcat-1.5.8.RELEASE.jar:/Users/661225/.m2/repository/org/apache/tomcat/embed/tomcat-embed-core/8.5.23/tomcat-embed-core-8.5.23.jar:/Users/661225/.m2/repository/org/apache/tomcat/tomcat-annotations-api/8.5.23/tomcat-annotations-api-8.5.23.jar:/Users/661225/.m2/repository/org/apache/tomcat/embed/tomcat-embed-el/8.5.23/tomcat-embed-el-8.5.23.jar:/Users/661225/.m2/repository/org/apache/tomcat/embed/tomcat-embed-websocket/8.5.23/tomcat-embed-websocket-8.5.23.jar:/Users/661225/.m2/repository/org/springframework/boot/spring-boot-starter-test/1.5.8.RELEASE/spring-boot-starter-test-1.5.8.RELEASE.jar:/Users/661225/.m2/repository/org/springframework/boot/spring-boot-test/1.5.8.RELEASE/spring-boot-test-1.5.8.RELEASE.jar:/Users/661225/.m2/repository/org/springframework/boot/spring-boot-test-autoconfigure/1.5.8.RELEASE/spring-boot-test-autoconfigure-1.5.8.RELEASE.jar:/Users/661225/.m2/repository/com/jayway/jsonpath/json-path/2.2.0/json-path-2.2.0.jar:/Users/661225/.m2/repository/net/minidev/json-smart/2.2.1/json-smart-2.2.1.jar:/Users/661225/.m2/repository/net/minidev/accessors-smart/1.1/accessors-smart-1.1.jar:/Users/661225/.m2/repository/org/ow2/asm/asm/5.0.3/asm-5.0.3.jar:/Users/661225/.m2/repository/org/assertj/assertj-core/2.6.0/assertj-core-2.6.0.jar:/Users/661225/.m2/repository/org/mockito/mockito-core/1.10.19/mockito-core-1.10.19.jar:/Users/661225/.m2/repository/org/objenesis/objenesis/2.1/objenesis-2.1.jar:/Users/661225/.m2/repository/org/hamcrest/hamcrest-core/1.3/hamcrest-core-1.3.jar:/Users/661225/.m2/repository/org/hamcrest/hamcrest-library/1.3/hamcrest-library-1.3.jar:/Users/661225/.m2/repository/org/skyscreamer/jsonassert/1.4.0/jsonassert-1.4.0.jar:/Users/661225/.m2/repository/com/vaadin/external/google/android-json/0.0.20131108.vaadin1/android-json-0.0.20131108.vaadin1.jar:/Users/661225/.m2/repository/org/springframework/spring-core/4.3.12.RELEASE/spring-core-4.3.12.RELEASE.jar:/Users/661225/.m2/repository/org/springframework/spring-test/4.3.12.RELEASE/spring-test-4.3.12.RELEASE.jar:/Users/661225/.m2/repository/org/springframework/spring-context/4.3.12.RELEASE/spring-context-4.3.12.RELEASE.jar:/Users/661225/.m2/repository/org/springframework/spring-beans/4.3.12.RELEASE/spring-beans-4.3.12.RELEASE.jar:/Users/661225/.m2/repository/org/springframework/spring-webmvc/4.3.12.RELEASE/spring-webmvc-4.3.12.RELEASE.jar:/Users/661225/.m2/repository/org/springframework/spring-orm/4.3.12.RELEASE/spring-orm-4.3.12.RELEASE.jar:/Users/661225/.m2/repository/org/springframework/spring-aop/4.3.12.RELEASE/spring-aop-4.3.12.RELEASE.jar:/Users/661225/.m2/repository/org/springframework/spring-jdbc/4.3.12.RELEASE/spring-jdbc-4.3.12.RELEASE.jar:/Users/661225/.m2/repository/org/springframework/spring-tx/4.3.12.RELEASE/spring-tx-4.3.12.RELEASE.jar:/Users/661225/.m2/repository/org/springframework/spring-expression/4.3.12.RELEASE/spring-expression-4.3.12.RELEASE.jar:/Users/661225/.m2/repository/org/springframework/security/spring-security-web/4.2.3.RELEASE/spring-security-web-4.2.3.RELEASE.jar:/Users/661225/.m2/repository/aopalliance/aopalliance/1.0/aopalliance-1.0.jar:/Users/661225/.m2/repository/org/springframework/security/spring-security-core/4.2.3.RELEASE/spring-security-core-4.2.3.RELEASE.jar:/Users/661225/.m2/repository/org/springframework/security/spring-security-config/4.2.3.RELEASE/spring-security-config-4.2.3.RELEASE.jar:/Users/661225/.m2/repository/org/springframework/security/spring-security-taglibs/4.2.3.RELEASE/spring-security-taglibs-4.2.3.RELEASE.jar:/Users/661225/.m2/repository/org/springframework/security/spring-security-acl/4.2.3.RELEASE/spring-security-acl-4.2.3.RELEASE.jar:/Users/661225/.m2/repository/org/hibernate/hibernate-core/4.1.7.Final/hibernate-core-4.1.7.Final.jar:/Users/661225/.m2/repository/antlr/antlr/2.7.7/antlr-2.7.7.jar:/Users/661225/.m2/repository/org/jboss/logging/jboss-logging/3.3.1.Final/jboss-logging-3.3.1.Final.jar:/Users/661225/.m2/repository/org/jboss/spec/javax/transaction/jboss-transaction-api_1.1_spec/1.0.0.Final/jboss-transaction-api_1.1_spec-1.0.0.Final.jar:/Users/661225/.m2/repository/dom4j/dom4j/1.6.1/dom4j-1.6.1.jar:/Users/661225/.m2/repository/org/hibernate/javax/persistence/hibernate-jpa-2.0-api/1.0.1.Final/hibernate-jpa-2.0-api-1.0.1.Final.jar:/Users/661225/.m2/repository/org/javassist/javassist/3.21.0-GA/javassist-3.21.0-GA.jar:/Users/661225/.m2/repository/org/hibernate/common/hibernate-commons-annotations/4.0.1.Final/hibernate-commons-annotations-4.0.1.Final.jar:/Users/661225/.m2/repository/mysql/mysql-connector-java/5.1.26/mysql-connector-java-5.1.26.jar:/Users/661225/.m2/repository/org/aspectj/aspectjrt/1.6.10/aspectjrt-1.6.10.jar:/Users/661225/.m2/repository/log4j/log4j/1.2.15/log4j-1.2.15.jar:/Users/661225/.m2/repository/javax/inject/javax.inject/1/javax.inject-1.jar:/Users/661225/.m2/repository/javax/servlet/javax.servlet-api/3.1.0/javax.servlet-api-3.1.0.jar:/Users/661225/.m2/repository/javax/servlet/jsp/jsp-api/2.1/jsp-api-2.1.jar:/Users/661225/.m2/repository/javax/servlet/jstl/1.2/jstl-1.2.jar:/Users/661225/.m2/repository/org/apache/tiles/tiles-core/3.0.0/tiles-core-3.0.0.jar:/Users/661225/.m2/repository/org/apache/tiles/tiles-api/3.0.0/tiles-api-3.0.0.jar:/Users/661225/.m2/repository/commons-digester/commons-digester/2.1/commons-digester-2.1.jar:/Users/661225/.m2/repository/commons-beanutils/commons-beanutils/1.9.3/commons-beanutils-1.9.3.jar:/Users/661225/.m2/repository/commons-collections/commons-collections/3.2.2/commons-collections-3.2.2.jar:/Users/661225/.m2/repository/org/slf4j/jcl-over-slf4j/1.7.25/jcl-over-slf4j-1.7.25.jar:/Users/661225/.m2/repository/org/apache/tiles/tiles-jsp/2.2.2/tiles-jsp-2.2.2.jar:/Users/661225/.m2/repository/org/apache/tiles/tiles-servlet/2.2.2/tiles-servlet-2.2.2.jar:/Users/661225/.m2/repository/org/apache/tiles/tiles-template/2.2.2/tiles-template-2.2.2.jar:/Users/661225/.m2/repository/org/apache/tiles/tiles-extras/2.2.2/tiles-extras-2.2.2.jar:/Users/661225/.m2/repository/org/apache/tiles/tiles-servlet-wildcard/2.2.2/tiles-servlet-wildcard-2.2.2.jar:/Users/661225/.m2/repository/org/apache/tiles/tiles-freemarker/2.2.2/tiles-freemarker-2.2.2.jar:/Users/661225/.m2/repository/org/freemarker/freemarker/2.3.26-incubating/freemarker-2.3.26-incubating.jar:/Users/661225/.m2/repository/org/apache/tiles/tiles-velocity/2.2.2/tiles-velocity-2.2.2.jar:/Users/661225/.m2/repository/org/apache/velocity/velocity-tools/2.0/velocity-tools-2.0.jar:/Users/661225/.m2/repository/oro/oro/2.0.8/oro-2.0.8.jar:/Users/661225/.m2/repository/org/apache/velocity/velocity/1.6.2/velocity-1.6.2.jar:/Users/661225/.m2/repository/commons-lang/commons-lang/2.4/commons-lang-2.4.jar:/Users/661225/.m2/repository/org/apache/tiles/tiles-el/2.2.2/tiles-el-2.2.2.jar:/Users/661225/.m2/repository/org/apache/tiles/tiles-mvel/2.2.2/tiles-mvel-2.2.2.jar:/Users/661225/.m2/repository/org/mvel/mvel2/2.0.11/mvel2-2.0.11.jar:/Users/661225/.m2/repository/org/apache/tiles/tiles-ognl/2.2.2/tiles-ognl-2.2.2.jar:/Users/661225/.m2/repository/ognl/ognl/2.7.3/ognl-2.7.3.jar:/Users/661225/.m2/repository/jboss/javassist/3.7.ga/javassist-3.7.ga.jar:/Users/661225/.m2/repository/org/apache/tiles/tiles-compat/2.2.2/tiles-compat-2.2.2.jar:/Users/661225/.m2/repository/org/codehaus/jackson/jackson-mapper-asl/1.9.13/jackson-mapper-asl-1.9.13.jar:/Users/661225/.m2/repository/org/codehaus/jackson/jackson-core-asl/1.9.13/jackson-core-asl-1.9.13.jar:/Users/661225/.m2/repository/junit/junit/4.7/junit-4.7.jar:/Users/661225/.m2/repository/org/apache/tiles/tiles-request-api/1.0.7/tiles-request-api-1.0.7.jar:/Users/661225/.m2/repository/org/slf4j/slf4j-api/1.7.25/slf4j-api-1.7.25.jar:/Users/661225/.m2/repository/org/apache/tiles/tiles-request-servlet/1.0.0/tiles-request-servlet-1.0.0.jar:, user.name=661225, java.vm.specification.version=1.8, sun.java.command=/Users/661225/workspace-sts-3.9.1.RELEASE/StudyPlanner/target/surefire/surefirebooter2200310865432160619.jar /Users/661225/workspace-sts-3.9.1.RELEASE/StudyPlanner/target/surefire/surefire5712182289959205215tmp /Users/661225/workspace-sts-3.9.1.RELEASE/StudyPlanner/target/surefire/surefire_03968149797359664120tmp, java.home=/Library/Java/JavaVirtualMachines/jdk1.8.0_151.jdk/Contents/Home/jre, sun.arch.data.model=64, user.language=en, java.specification.vendor=Oracle Corporation, awt.toolkit=sun.lwawt.macosx.LWCToolkit, java.vm.info=mixed mode, java.version=1.8.0_151, java.ext.dirs=/Users/661225/Library/Java/Extensions:/Library/Java/JavaVirtualMachines/jdk1.8.0_151.jdk/Contents/Home/jre/lib/ext:/Library/Java/Extensions:/Network/Library/Java/Extensions:/System/Library/Java/Extensions:/usr/lib/java, sun.boot.class.path=/Library/Java/JavaVirtualMachines/jdk1.8.0_151.jdk/Contents/Home/jre/lib/resources.jar:/Library/Java/JavaVirtualMachines/jdk1.8.0_151.jdk/Contents/Home/jre/lib/rt.jar:/Library/Java/JavaVirtualMachines/jdk1.8.0_151.jdk/Contents/Home/jre/lib/sunrsasign.jar:/Library/Java/JavaVirtualMachines/jdk1.8.0_151.jdk/Contents/Home/jre/lib/jsse.jar:/Library/Java/JavaVirtualMachines/jdk1.8.0_151.jdk/Contents/Home/jre/lib/jce.jar:/Library/Java/JavaVirtualMachines/jdk1.8.0_151.jdk/Contents/Home/jre/lib/charsets.jar:/Library/Java/JavaVirtualMachines/jdk1.8.0_151.jdk/Contents/Home/jre/lib/jfr.jar:/Library/Java/JavaVirtualMachines/jdk1.8.0_151.jdk/Contents/Home/jre/classes, java.vendor=Oracle Corporation, localRepository=/Users/661225/.m2/repository, file.separator=/, java.vendor.url.bug=http://bugreport.sun.com/bugreport/, sun.io.unicode.encoding=UnicodeBig, sun.cpu.endian=little, socksNonProxyHosts=local|*.local|169.254/16|*.169.254/16, ftp.nonProxyHosts=local|*.local|169.254/16|*.169.254/16, sun.cpu.isalist=}}, SystemEnvironmentPropertySource@1942211849 {name='systemEnvironment', properties={PATH=/usr/bin:/bin:/usr/sbin:/sbin, JAVA_STARTED_ON_FIRST_THREAD_50133=1, SHELL=/bin/bash, OLDPWD=/Users/661225/workspace-sts-3.9.1.RELEASE/StudyPlanner, USER=661225, APP_ICON_50630=../Resources/sts.icns, COMMAND_MODE=unix2003, TMPDIR=/var/folders/g_/j5kbfdpj65lb_lqyz_fd19nnx_4p9d/T/, APP_ICON_50133=../Resources/sts.icns, SSH_AUTH_SOCK=/private/tmp/com.apple.launchd.y8MB0FxCyV/Listeners, XPC_FLAGS=0x0, __CF_USER_TEXT_ENCODING=0x7AA2592D:0x0:0x0, Apple_PubSub_Socket_Render=/private/tmp/com.apple.launchd.CyhkMu5Ku0/Render, LOGNAME=661225, XPC_SERVICE_NAME=0, PWD=/Users/661225/workspace-sts-3.9.1.RELEASE/StudyPlanner, JAVA_MAIN_CLASS_55225=org.apache.maven.surefire.booter.ForkedBooter, HOME=/Users/661225, SHLVL=1, _=/Library/Java/JavaVirtualMachines/jdk1.8.0_151.jdk/Contents/Home/jre/bin/java, JAVA_MAIN_CLASS_55213=org.codehaus.plexus.classworlds.launcher.Launcher, APP_ICON_43257=../Resources/sts.icns}}]
18:50:54.792 [main] INFO org.springframework.context.support.ClassPathXmlApplicationContext - Refreshing org.springframework.context.support.ClassPathXmlApplicationContext@575c3e9b: startup date [Fri Nov 17 18:50:54 IST 2017]; root of context hierarchy
18:50:54.792 [main] DEBUG org.springframework.core.env.StandardEnvironment - Adding PropertySource 'systemProperties' with lowest search precedence
18:50:54.792 [main] DEBUG org.springframework.core.env.StandardEnvironment - Adding PropertySource 'systemEnvironment' with lowest search precedence
18:50:54.792 [main] DEBUG org.springframework.core.env.StandardEnvironment - Initialized StandardEnvironment with PropertySources [MapPropertySource@1250558105 {name='systemProperties', properties={java.runtime.name=Java(TM) SE Runtime Environment, sun.boot.library.path=/Library/Java/JavaVirtualMachines/jdk1.8.0_151.jdk/Contents/Home/jre/lib, java.vm.version=25.151-b12, user.country.format=IN, gopherProxySet=false, java.vm.vendor=Oracle Corporation, java.vendor.url=http://java.oracle.com/, path.separator=:, java.vm.name=Java HotSpot(TM) 64-Bit Server VM, file.encoding.pkg=sun.io, user.country=US, sun.java.launcher=SUN_STANDARD, sun.os.patch.level=unknown, java.vm.specification.name=Java Virtual Machine Specification, user.dir=/Users/661225/workspace-sts-3.9.1.RELEASE/StudyPlanner, java.runtime.version=1.8.0_151-b12, basedir=/Users/661225/workspace-sts-3.9.1.RELEASE/StudyPlanner, java.awt.graphicsenv=sun.awt.CGraphicsEnvironment, java.endorsed.dirs=/Library/Java/JavaVirtualMachines/jdk1.8.0_151.jdk/Contents/Home/jre/lib/endorsed, os.arch=x86_64, surefire.real.class.path=/Users/661225/workspace-sts-3.9.1.RELEASE/StudyPlanner/target/surefire/surefirebooter2200310865432160619.jar, java.io.tmpdir=/var/folders/g_/j5kbfdpj65lb_lqyz_fd19nnx_4p9d/T/, line.separator=
, java.vm.specification.vendor=Oracle Corporation, os.name=Mac OS X, sun.jnu.encoding=UTF-8, java.library.path=/Users/661225/Library/Java/Extensions:/Library/Java/Extensions:/Network/Library/Java/Extensions:/System/Library/Java/Extensions:/usr/lib/java:., surefire.test.class.path=/Users/661225/workspace-sts-3.9.1.RELEASE/StudyPlanner/target/test-classes:/Users/661225/workspace-sts-3.9.1.RELEASE/StudyPlanner/target/classes:/Users/661225/.m2/repository/org/springframework/boot/spring-boot-starter-web/1.5.8.RELEASE/spring-boot-starter-web-1.5.8.RELEASE.jar:/Users/661225/.m2/repository/org/springframework/boot/spring-boot-starter/1.5.8.RELEASE/spring-boot-starter-1.5.8.RELEASE.jar:/Users/661225/.m2/repository/org/springframework/boot/spring-boot/1.5.8.RELEASE/spring-boot-1.5.8.RELEASE.jar:/Users/661225/.m2/repository/org/springframework/boot/spring-boot-autoconfigure/1.5.8.RELEASE/spring-boot-autoconfigure-1.5.8.RELEASE.jar:/Users/661225/.m2/repository/org/springframework/boot/spring-boot-starter-logging/1.5.8.RELEASE/spring-boot-starter-logging-1.5.8.RELEASE.jar:/Users/661225/.m2/repository/ch/qos/logback/logback-classic/1.1.11/logback-classic-1.1.11.jar:/Users/661225/.m2/repository/ch/qos/logback/logback-core/1.1.11/logback-core-1.1.11.jar:/Users/661225/.m2/repository/org/slf4j/jul-to-slf4j/1.7.25/jul-to-slf4j-1.7.25.jar:/Users/661225/.m2/repository/org/slf4j/log4j-over-slf4j/1.7.25/log4j-over-slf4j-1.7.25.jar:/Users/661225/.m2/repository/org/yaml/snakeyaml/1.17/snakeyaml-1.17.jar:/Users/661225/.m2/repository/org/hibernate/hibernate-validator/5.3.5.Final/hibernate-validator-5.3.5.Final.jar:/Users/661225/.m2/repository/javax/validation/validation-api/1.1.0.Final/validation-api-1.1.0.Final.jar:/Users/661225/.m2/repository/com/fasterxml/classmate/1.3.4/classmate-1.3.4.jar:/Users/661225/.m2/repository/com/fasterxml/jackson/core/jackson-databind/2.6.7/jackson-databind-2.6.7.jar:/Users/661225/.m2/repository/com/fasterxml/jackson/core/jackson-annotations/2.6.7/jackson-annotations-2.6.7.jar:/Users/661225/.m2/repository/com/fasterxml/jackson/core/jackson-core/2.6.7/jackson-core-2.6.7.jar:/Users/661225/.m2/repository/org/springframework/spring-web/4.3.12.RELEASE/spring-web-4.3.12.RELEASE.jar:/Users/661225/.m2/repository/org/springframework/boot/spring-boot-starter-tomcat/1.5.8.RELEASE/spring-boot-starter-tomcat-1.5.8.RELEASE.jar:/Users/661225/.m2/repository/org/apache/tomcat/embed/tomcat-embed-core/8.5.23/tomcat-embed-core-8.5.23.jar:/Users/661225/.m2/repository/org/apache/tomcat/tomcat-annotations-api/8.5.23/tomcat-annotations-api-8.5.23.jar:/Users/661225/.m2/repository/org/apache/tomcat/embed/tomcat-embed-el/8.5.23/tomcat-embed-el-8.5.23.jar:/Users/661225/.m2/repository/org/apache/tomcat/embed/tomcat-embed-websocket/8.5.23/tomcat-embed-websocket-8.5.23.jar:/Users/661225/.m2/repository/org/springframework/boot/spring-boot-starter-test/1.5.8.RELEASE/spring-boot-starter-test-1.5.8.RELEASE.jar:/Users/661225/.m2/repository/org/springframework/boot/spring-boot-test/1.5.8.RELEASE/spring-boot-test-1.5.8.RELEASE.jar:/Users/661225/.m2/repository/org/springframework/boot/spring-boot-test-autoconfigure/1.5.8.RELEASE/spring-boot-test-autoconfigure-1.5.8.RELEASE.jar:/Users/661225/.m2/repository/com/jayway/jsonpath/json-path/2.2.0/json-path-2.2.0.jar:/Users/661225/.m2/repository/net/minidev/json-smart/2.2.1/json-smart-2.2.1.jar:/Users/661225/.m2/repository/net/minidev/accessors-smart/1.1/accessors-smart-1.1.jar:/Users/661225/.m2/repository/org/ow2/asm/asm/5.0.3/asm-5.0.3.jar:/Users/661225/.m2/repository/org/assertj/assertj-core/2.6.0/assertj-core-2.6.0.jar:/Users/661225/.m2/repository/org/mockito/mockito-core/1.10.19/mockito-core-1.10.19.jar:/Users/661225/.m2/repository/org/objenesis/objenesis/2.1/objenesis-2.1.jar:/Users/661225/.m2/repository/org/hamcrest/hamcrest-core/1.3/hamcrest-core-1.3.jar:/Users/661225/.m2/repository/org/hamcrest/hamcrest-library/1.3/hamcrest-library-1.3.jar:/Users/661225/.m2/repository/org/skyscreamer/jsonassert/1.4.0/jsonassert-1.4.0.jar:/Users/661225/.m2/repository/com/vaadin/external/google/android-json/0.0.20131108.vaadin1/android-json-0.0.20131108.vaadin1.jar:/Users/661225/.m2/repository/org/springframework/spring-core/4.3.12.RELEASE/spring-core-4.3.12.RELEASE.jar:/Users/661225/.m2/repository/org/springframework/spring-test/4.3.12.RELEASE/spring-test-4.3.12.RELEASE.jar:/Users/661225/.m2/repository/org/springframework/spring-context/4.3.12.RELEASE/spring-context-4.3.12.RELEASE.jar:/Users/661225/.m2/repository/org/springframework/spring-beans/4.3.12.RELEASE/spring-beans-4.3.12.RELEASE.jar:/Users/661225/.m2/repository/org/springframework/spring-webmvc/4.3.12.RELEASE/spring-webmvc-4.3.12.RELEASE.jar:/Users/661225/.m2/repository/org/springframework/spring-orm/4.3.12.RELEASE/spring-orm-4.3.12.RELEASE.jar:/Users/661225/.m2/repository/org/springframework/spring-aop/4.3.12.RELEASE/spring-aop-4.3.12.RELEASE.jar:/Users/661225/.m2/repository/org/springframework/spring-jdbc/4.3.12.RELEASE/spring-jdbc-4.3.12.RELEASE.jar:/Users/661225/.m2/repository/org/springframework/spring-tx/4.3.12.RELEASE/spring-tx-4.3.12.RELEASE.jar:/Users/661225/.m2/repository/org/springframework/spring-expression/4.3.12.RELEASE/spring-expression-4.3.12.RELEASE.jar:/Users/661225/.m2/repository/org/springframework/security/spring-security-web/4.2.3.RELEASE/spring-security-web-4.2.3.RELEASE.jar:/Users/661225/.m2/repository/aopalliance/aopalliance/1.0/aopalliance-1.0.jar:/Users/661225/.m2/repository/org/springframework/security/spring-security-core/4.2.3.RELEASE/spring-security-core-4.2.3.RELEASE.jar:/Users/661225/.m2/repository/org/springframework/security/spring-security-config/4.2.3.RELEASE/spring-security-config-4.2.3.RELEASE.jar:/Users/661225/.m2/repository/org/springframework/security/spring-security-taglibs/4.2.3.RELEASE/spring-security-taglibs-4.2.3.RELEASE.jar:/Users/661225/.m2/repository/org/springframework/security/spring-security-acl/4.2.3.RELEASE/spring-security-acl-4.2.3.RELEASE.jar:/Users/661225/.m2/repository/org/hibernate/hibernate-core/4.1.7.Final/hibernate-core-4.1.7.Final.jar:/Users/661225/.m2/repository/antlr/antlr/2.7.7/antlr-2.7.7.jar:/Users/661225/.m2/repository/org/jboss/logging/jboss-logging/3.3.1.Final/jboss-logging-3.3.1.Final.jar:/Users/661225/.m2/repository/org/jboss/spec/javax/transaction/jboss-transaction-api_1.1_spec/1.0.0.Final/jboss-transaction-api_1.1_spec-1.0.0.Final.jar:/Users/661225/.m2/repository/dom4j/dom4j/1.6.1/dom4j-1.6.1.jar:/Users/661225/.m2/repository/org/hibernate/javax/persistence/hibernate-jpa-2.0-api/1.0.1.Final/hibernate-jpa-2.0-api-1.0.1.Final.jar:/Users/661225/.m2/repository/org/javassist/javassist/3.21.0-GA/javassist-3.21.0-GA.jar:/Users/661225/.m2/repository/org/hibernate/common/hibernate-commons-annotations/4.0.1.Final/hibernate-commons-annotations-4.0.1.Final.jar:/Users/661225/.m2/repository/mysql/mysql-connector-java/5.1.26/mysql-connector-java-5.1.26.jar:/Users/661225/.m2/repository/org/aspectj/aspectjrt/1.6.10/aspectjrt-1.6.10.jar:/Users/661225/.m2/repository/log4j/log4j/1.2.15/log4j-1.2.15.jar:/Users/661225/.m2/repository/javax/inject/javax.inject/1/javax.inject-1.jar:/Users/661225/.m2/repository/javax/servlet/javax.servlet-api/3.1.0/javax.servlet-api-3.1.0.jar:/Users/661225/.m2/repository/javax/servlet/jsp/jsp-api/2.1/jsp-api-2.1.jar:/Users/661225/.m2/repository/javax/servlet/jstl/1.2/jstl-1.2.jar:/Users/661225/.m2/repository/org/apache/tiles/tiles-core/3.0.0/tiles-core-3.0.0.jar:/Users/661225/.m2/repository/org/apache/tiles/tiles-api/3.0.0/tiles-api-3.0.0.jar:/Users/661225/.m2/repository/commons-digester/commons-digester/2.1/commons-digester-2.1.jar:/Users/661225/.m2/repository/commons-beanutils/commons-beanutils/1.9.3/commons-beanutils-1.9.3.jar:/Users/661225/.m2/repository/commons-collections/commons-collections/3.2.2/commons-collections-3.2.2.jar:/Users/661225/.m2/repository/org/slf4j/jcl-over-slf4j/1.7.25/jcl-over-slf4j-1.7.25.jar:/Users/661225/.m2/repository/org/apache/tiles/tiles-jsp/2.2.2/tiles-jsp-2.2.2.jar:/Users/661225/.m2/repository/org/apache/tiles/tiles-servlet/2.2.2/tiles-servlet-2.2.2.jar:/Users/661225/.m2/repository/org/apache/tiles/tiles-template/2.2.2/tiles-template-2.2.2.jar:/Users/661225/.m2/repository/org/apache/tiles/tiles-extras/2.2.2/tiles-extras-2.2.2.jar:/Users/661225/.m2/repository/org/apache/tiles/tiles-servlet-wildcard/2.2.2/tiles-servlet-wildcard-2.2.2.jar:/Users/661225/.m2/repository/org/apache/tiles/tiles-freemarker/2.2.2/tiles-freemarker-2.2.2.jar:/Users/661225/.m2/repository/org/freemarker/freemarker/2.3.26-incubating/freemarker-2.3.26-incubating.jar:/Users/661225/.m2/repository/org/apache/tiles/tiles-velocity/2.2.2/tiles-velocity-2.2.2.jar:/Users/661225/.m2/repository/org/apache/velocity/velocity-tools/2.0/velocity-tools-2.0.jar:/Users/661225/.m2/repository/oro/oro/2.0.8/oro-2.0.8.jar:/Users/661225/.m2/repository/org/apache/velocity/velocity/1.6.2/velocity-1.6.2.jar:/Users/661225/.m2/repository/commons-lang/commons-lang/2.4/commons-lang-2.4.jar:/Users/661225/.m2/repository/org/apache/tiles/tiles-el/2.2.2/tiles-el-2.2.2.jar:/Users/661225/.m2/repository/org/apache/tiles/tiles-mvel/2.2.2/tiles-mvel-2.2.2.jar:/Users/661225/.m2/repository/org/mvel/mvel2/2.0.11/mvel2-2.0.11.jar:/Users/661225/.m2/repository/org/apache/tiles/tiles-ognl/2.2.2/tiles-ognl-2.2.2.jar:/Users/661225/.m2/repository/ognl/ognl/2.7.3/ognl-2.7.3.jar:/Users/661225/.m2/repository/jboss/javassist/3.7.ga/javassist-3.7.ga.jar:/Users/661225/.m2/repository/org/apache/tiles/tiles-compat/2.2.2/tiles-compat-2.2.2.jar:/Users/661225/.m2/repository/org/codehaus/jackson/jackson-mapper-asl/1.9.13/jackson-mapper-asl-1.9.13.jar:/Users/661225/.m2/repository/org/codehaus/jackson/jackson-core-asl/1.9.13/jackson-core-asl-1.9.13.jar:/Users/661225/.m2/repository/junit/junit/4.7/junit-4.7.jar:/Users/661225/.m2/repository/org/apache/tiles/tiles-request-api/1.0.7/tiles-request-api-1.0.7.jar:/Users/661225/.m2/repository/org/slf4j/slf4j-api/1.7.25/slf4j-api-1.7.25.jar:/Users/661225/.m2/repository/org/apache/tiles/tiles-request-servlet/1.0.0/tiles-request-servlet-1.0.0.jar:, java.specification.name=Java Platform API Specification, java.class.version=52.0, sun.management.compiler=HotSpot 64-Bit Tiered Compilers, os.version=10.11.6, http.nonProxyHosts=local|*.local|169.254/16|*.169.254/16, user.home=/Users/661225, user.timezone=Asia/Kolkata, java.awt.printerjob=sun.lwawt.macosx.CPrinterJob, file.encoding=UTF-8, java.specification.version=1.8, java.class.path=/Users/661225/workspace-sts-3.9.1.RELEASE/StudyPlanner/target/test-classes:/Users/661225/workspace-sts-3.9.1.RELEASE/StudyPlanner/target/classes:/Users/661225/.m2/repository/org/springframework/boot/spring-boot-starter-web/1.5.8.RELEASE/spring-boot-starter-web-1.5.8.RELEASE.jar:/Users/661225/.m2/repository/org/springframework/boot/spring-boot-starter/1.5.8.RELEASE/spring-boot-starter-1.5.8.RELEASE.jar:/Users/661225/.m2/repository/org/springframework/boot/spring-boot/1.5.8.RELEASE/spring-boot-1.5.8.RELEASE.jar:/Users/661225/.m2/repository/org/springframework/boot/spring-boot-autoconfigure/1.5.8.RELEASE/spring-boot-autoconfigure-1.5.8.RELEASE.jar:/Users/661225/.m2/repository/org/springframework/boot/spring-boot-starter-logging/1.5.8.RELEASE/spring-boot-starter-logging-1.5.8.RELEASE.jar:/Users/661225/.m2/repository/ch/qos/logback/logback-classic/1.1.11/logback-classic-1.1.11.jar:/Users/661225/.m2/repository/ch/qos/logback/logback-core/1.1.11/logback-core-1.1.11.jar:/Users/661225/.m2/repository/org/slf4j/jul-to-slf4j/1.7.25/jul-to-slf4j-1.7.25.jar:/Users/661225/.m2/repository/org/slf4j/log4j-over-slf4j/1.7.25/log4j-over-slf4j-1.7.25.jar:/Users/661225/.m2/repository/org/yaml/snakeyaml/1.17/snakeyaml-1.17.jar:/Users/661225/.m2/repository/org/hibernate/hibernate-validator/5.3.5.Final/hibernate-validator-5.3.5.Final.jar:/Users/661225/.m2/repository/javax/validation/validation-api/1.1.0.Final/validation-api-1.1.0.Final.jar:/Users/661225/.m2/repository/com/fasterxml/classmate/1.3.4/classmate-1.3.4.jar:/Users/661225/.m2/repository/com/fasterxml/jackson/core/jackson-databind/2.6.7/jackson-databind-2.6.7.jar:/Users/661225/.m2/repository/com/fasterxml/jackson/core/jackson-annotations/2.6.7/jackson-annotations-2.6.7.jar:/Users/661225/.m2/repository/com/fasterxml/jackson/core/jackson-core/2.6.7/jackson-core-2.6.7.jar:/Users/661225/.m2/repository/org/springframework/spring-web/4.3.12.RELEASE/spring-web-4.3.12.RELEASE.jar:/Users/661225/.m2/repository/org/springframework/boot/spring-boot-starter-tomcat/1.5.8.RELEASE/spring-boot-starter-tomcat-1.5.8.RELEASE.jar:/Users/661225/.m2/repository/org/apache/tomcat/embed/tomcat-embed-core/8.5.23/tomcat-embed-core-8.5.23.jar:/Users/661225/.m2/repository/org/apache/tomcat/tomcat-annotations-api/8.5.23/tomcat-annotations-api-8.5.23.jar:/Users/661225/.m2/repository/org/apache/tomcat/embed/tomcat-embed-el/8.5.23/tomcat-embed-el-8.5.23.jar:/Users/661225/.m2/repository/org/apache/tomcat/embed/tomcat-embed-websocket/8.5.23/tomcat-embed-websocket-8.5.23.jar:/Users/661225/.m2/repository/org/springframework/boot/spring-boot-starter-test/1.5.8.RELEASE/spring-boot-starter-test-1.5.8.RELEASE.jar:/Users/661225/.m2/repository/org/springframework/boot/spring-boot-test/1.5.8.RELEASE/spring-boot-test-1.5.8.RELEASE.jar:/Users/661225/.m2/repository/org/springframework/boot/spring-boot-test-autoconfigure/1.5.8.RELEASE/spring-boot-test-autoconfigure-1.5.8.RELEASE.jar:/Users/661225/.m2/repository/com/jayway/jsonpath/json-path/2.2.0/json-path-2.2.0.jar:/Users/661225/.m2/repository/net/minidev/json-smart/2.2.1/json-smart-2.2.1.jar:/Users/661225/.m2/repository/net/minidev/accessors-smart/1.1/accessors-smart-1.1.jar:/Users/661225/.m2/repository/org/ow2/asm/asm/5.0.3/asm-5.0.3.jar:/Users/661225/.m2/repository/org/assertj/assertj-core/2.6.0/assertj-core-2.6.0.jar:/Users/661225/.m2/repository/org/mockito/mockito-core/1.10.19/mockito-core-1.10.19.jar:/Users/661225/.m2/repository/org/objenesis/objenesis/2.1/objenesis-2.1.jar:/Users/661225/.m2/repository/org/hamcrest/hamcrest-core/1.3/hamcrest-core-1.3.jar:/Users/661225/.m2/repository/org/hamcrest/hamcrest-library/1.3/hamcrest-library-1.3.jar:/Users/661225/.m2/repository/org/skyscreamer/jsonassert/1.4.0/jsonassert-1.4.0.jar:/Users/661225/.m2/repository/com/vaadin/external/google/android-json/0.0.20131108.vaadin1/android-json-0.0.20131108.vaadin1.jar:/Users/661225/.m2/repository/org/springframework/spring-core/4.3.12.RELEASE/spring-core-4.3.12.RELEASE.jar:/Users/661225/.m2/repository/org/springframework/spring-test/4.3.12.RELEASE/spring-test-4.3.12.RELEASE.jar:/Users/661225/.m2/repository/org/springframework/spring-context/4.3.12.RELEASE/spring-context-4.3.12.RELEASE.jar:/Users/661225/.m2/repository/org/springframework/spring-beans/4.3.12.RELEASE/spring-beans-4.3.12.RELEASE.jar:/Users/661225/.m2/repository/org/springframework/spring-webmvc/4.3.12.RELEASE/spring-webmvc-4.3.12.RELEASE.jar:/Users/661225/.m2/repository/org/springframework/spring-orm/4.3.12.RELEASE/spring-orm-4.3.12.RELEASE.jar:/Users/661225/.m2/repository/org/springframework/spring-aop/4.3.12.RELEASE/spring-aop-4.3.12.RELEASE.jar:/Users/661225/.m2/repository/org/springframework/spring-jdbc/4.3.12.RELEASE/spring-jdbc-4.3.12.RELEASE.jar:/Users/661225/.m2/repository/org/springframework/spring-tx/4.3.12.RELEASE/spring-tx-4.3.12.RELEASE.jar:/Users/661225/.m2/repository/org/springframework/spring-expression/4.3.12.RELEASE/spring-expression-4.3.12.RELEASE.jar:/Users/661225/.m2/repository/org/springframework/security/spring-security-web/4.2.3.RELEASE/spring-security-web-4.2.3.RELEASE.jar:/Users/661225/.m2/repository/aopalliance/aopalliance/1.0/aopalliance-1.0.jar:/Users/661225/.m2/repository/org/springframework/security/spring-security-core/4.2.3.RELEASE/spring-security-core-4.2.3.RELEASE.jar:/Users/661225/.m2/repository/org/springframework/security/spring-security-config/4.2.3.RELEASE/spring-security-config-4.2.3.RELEASE.jar:/Users/661225/.m2/repository/org/springframework/security/spring-security-taglibs/4.2.3.RELEASE/spring-security-taglibs-4.2.3.RELEASE.jar:/Users/661225/.m2/repository/org/springframework/security/spring-security-acl/4.2.3.RELEASE/spring-security-acl-4.2.3.RELEASE.jar:/Users/661225/.m2/repository/org/hibernate/hibernate-core/4.1.7.Final/hibernate-core-4.1.7.Final.jar:/Users/661225/.m2/repository/antlr/antlr/2.7.7/antlr-2.7.7.jar:/Users/661225/.m2/repository/org/jboss/logging/jboss-logging/3.3.1.Final/jboss-logging-3.3.1.Final.jar:/Users/661225/.m2/repository/org/jboss/spec/javax/transaction/jboss-transaction-api_1.1_spec/1.0.0.Final/jboss-transaction-api_1.1_spec-1.0.0.Final.jar:/Users/661225/.m2/repository/dom4j/dom4j/1.6.1/dom4j-1.6.1.jar:/Users/661225/.m2/repository/org/hibernate/javax/persistence/hibernate-jpa-2.0-api/1.0.1.Final/hibernate-jpa-2.0-api-1.0.1.Final.jar:/Users/661225/.m2/repository/org/javassist/javassist/3.21.0-GA/javassist-3.21.0-GA.jar:/Users/661225/.m2/repository/org/hibernate/common/hibernate-commons-annotations/4.0.1.Final/hibernate-commons-annotations-4.0.1.Final.jar:/Users/661225/.m2/repository/mysql/mysql-connector-java/5.1.26/mysql-connector-java-5.1.26.jar:/Users/661225/.m2/repository/org/aspectj/aspectjrt/1.6.10/aspectjrt-1.6.10.jar:/Users/661225/.m2/repository/log4j/log4j/1.2.15/log4j-1.2.15.jar:/Users/661225/.m2/repository/javax/inject/javax.inject/1/javax.inject-1.jar:/Users/661225/.m2/repository/javax/servlet/javax.servlet-api/3.1.0/javax.servlet-api-3.1.0.jar:/Users/661225/.m2/repository/javax/servlet/jsp/jsp-api/2.1/jsp-api-2.1.jar:/Users/661225/.m2/repository/javax/servlet/jstl/1.2/jstl-1.2.jar:/Users/661225/.m2/repository/org/apache/tiles/tiles-core/3.0.0/tiles-core-3.0.0.jar:/Users/661225/.m2/repository/org/apache/tiles/tiles-api/3.0.0/tiles-api-3.0.0.jar:/Users/661225/.m2/repository/commons-digester/commons-digester/2.1/commons-digester-2.1.jar:/Users/661225/.m2/repository/commons-beanutils/commons-beanutils/1.9.3/commons-beanutils-1.9.3.jar:/Users/661225/.m2/repository/commons-collections/commons-collections/3.2.2/commons-collections-3.2.2.jar:/Users/661225/.m2/repository/org/slf4j/jcl-over-slf4j/1.7.25/jcl-over-slf4j-1.7.25.jar:/Users/661225/.m2/repository/org/apache/tiles/tiles-jsp/2.2.2/tiles-jsp-2.2.2.jar:/Users/661225/.m2/repository/org/apache/tiles/tiles-servlet/2.2.2/tiles-servlet-2.2.2.jar:/Users/661225/.m2/repository/org/apache/tiles/tiles-template/2.2.2/tiles-template-2.2.2.jar:/Users/661225/.m2/repository/org/apache/tiles/tiles-extras/2.2.2/tiles-extras-2.2.2.jar:/Users/661225/.m2/repository/org/apache/tiles/tiles-servlet-wildcard/2.2.2/tiles-servlet-wildcard-2.2.2.jar:/Users/661225/.m2/repository/org/apache/tiles/tiles-freemarker/2.2.2/tiles-freemarker-2.2.2.jar:/Users/661225/.m2/repository/org/freemarker/freemarker/2.3.26-incubating/freemarker-2.3.26-incubating.jar:/Users/661225/.m2/repository/org/apache/tiles/tiles-velocity/2.2.2/tiles-velocity-2.2.2.jar:/Users/661225/.m2/repository/org/apache/velocity/velocity-tools/2.0/velocity-tools-2.0.jar:/Users/661225/.m2/repository/oro/oro/2.0.8/oro-2.0.8.jar:/Users/661225/.m2/repository/org/apache/velocity/velocity/1.6.2/velocity-1.6.2.jar:/Users/661225/.m2/repository/commons-lang/commons-lang/2.4/commons-lang-2.4.jar:/Users/661225/.m2/repository/org/apache/tiles/tiles-el/2.2.2/tiles-el-2.2.2.jar:/Users/661225/.m2/repository/org/apache/tiles/tiles-mvel/2.2.2/tiles-mvel-2.2.2.jar:/Users/661225/.m2/repository/org/mvel/mvel2/2.0.11/mvel2-2.0.11.jar:/Users/661225/.m2/repository/org/apache/tiles/tiles-ognl/2.2.2/tiles-ognl-2.2.2.jar:/Users/661225/.m2/repository/ognl/ognl/2.7.3/ognl-2.7.3.jar:/Users/661225/.m2/repository/jboss/javassist/3.7.ga/javassist-3.7.ga.jar:/Users/661225/.m2/repository/org/apache/tiles/tiles-compat/2.2.2/tiles-compat-2.2.2.jar:/Users/661225/.m2/repository/org/codehaus/jackson/jackson-mapper-asl/1.9.13/jackson-mapper-asl-1.9.13.jar:/Users/661225/.m2/repository/org/codehaus/jackson/jackson-core-asl/1.9.13/jackson-core-asl-1.9.13.jar:/Users/661225/.m2/repository/junit/junit/4.7/junit-4.7.jar:/Users/661225/.m2/repository/org/apache/tiles/tiles-request-api/1.0.7/tiles-request-api-1.0.7.jar:/Users/661225/.m2/repository/org/slf4j/slf4j-api/1.7.25/slf4j-api-1.7.25.jar:/Users/661225/.m2/repository/org/apache/tiles/tiles-request-servlet/1.0.0/tiles-request-servlet-1.0.0.jar:, user.name=661225, java.vm.specification.version=1.8, sun.java.command=/Users/661225/workspace-sts-3.9.1.RELEASE/StudyPlanner/target/surefire/surefirebooter2200310865432160619.jar /Users/661225/workspace-sts-3.9.1.RELEASE/StudyPlanner/target/surefire/surefire5712182289959205215tmp /Users/661225/workspace-sts-3.9.1.RELEASE/StudyPlanner/target/surefire/surefire_03968149797359664120tmp, java.home=/Library/Java/JavaVirtualMachines/jdk1.8.0_151.jdk/Contents/Home/jre, sun.arch.data.model=64, user.language=en, java.specification.vendor=Oracle Corporation, awt.toolkit=sun.lwawt.macosx.LWCToolkit, java.vm.info=mixed mode, java.version=1.8.0_151, java.ext.dirs=/Users/661225/Library/Java/Extensions:/Library/Java/JavaVirtualMachines/jdk1.8.0_151.jdk/Contents/Home/jre/lib/ext:/Library/Java/Extensions:/Network/Library/Java/Extensions:/System/Library/Java/Extensions:/usr/lib/java, sun.boot.class.path=/Library/Java/JavaVirtualMachines/jdk1.8.0_151.jdk/Contents/Home/jre/lib/resources.jar:/Library/Java/JavaVirtualMachines/jdk1.8.0_151.jdk/Contents/Home/jre/lib/rt.jar:/Library/Java/JavaVirtualMachines/jdk1.8.0_151.jdk/Contents/Home/jre/lib/sunrsasign.jar:/Library/Java/JavaVirtualMachines/jdk1.8.0_151.jdk/Contents/Home/jre/lib/jsse.jar:/Library/Java/JavaVirtualMachines/jdk1.8.0_151.jdk/Contents/Home/jre/lib/jce.jar:/Library/Java/JavaVirtualMachines/jdk1.8.0_151.jdk/Contents/Home/jre/lib/charsets.jar:/Library/Java/JavaVirtualMachines/jdk1.8.0_151.jdk/Contents/Home/jre/lib/jfr.jar:/Library/Java/JavaVirtualMachines/jdk1.8.0_151.jdk/Contents/Home/jre/classes, java.vendor=Oracle Corporation, localRepository=/Users/661225/.m2/repository, file.separator=/, java.vendor.url.bug=http://bugreport.sun.com/bugreport/, sun.io.unicode.encoding=UnicodeBig, sun.cpu.endian=little, socksNonProxyHosts=local|*.local|169.254/16|*.169.254/16, ftp.nonProxyHosts=local|*.local|169.254/16|*.169.254/16, sun.cpu.isalist=}}, SystemEnvironmentPropertySource@2081703861 {name='systemEnvironment', properties={PATH=/usr/bin:/bin:/usr/sbin:/sbin, JAVA_STARTED_ON_FIRST_THREAD_50133=1, SHELL=/bin/bash, OLDPWD=/Users/661225/workspace-sts-3.9.1.RELEASE/StudyPlanner, USER=661225, APP_ICON_50630=../Resources/sts.icns, COMMAND_MODE=unix2003, TMPDIR=/var/folders/g_/j5kbfdpj65lb_lqyz_fd19nnx_4p9d/T/, APP_ICON_50133=../Resources/sts.icns, SSH_AUTH_SOCK=/private/tmp/com.apple.launchd.y8MB0FxCyV/Listeners, XPC_FLAGS=0x0, __CF_USER_TEXT_ENCODING=0x7AA2592D:0x0:0x0, Apple_PubSub_Socket_Render=/private/tmp/com.apple.launchd.CyhkMu5Ku0/Render, LOGNAME=661225, XPC_SERVICE_NAME=0, PWD=/Users/661225/workspace-sts-3.9.1.RELEASE/StudyPlanner, JAVA_MAIN_CLASS_55225=org.apache.maven.surefire.booter.ForkedBooter, HOME=/Users/661225, SHLVL=1, _=/Library/Java/JavaVirtualMachines/jdk1.8.0_151.jdk/Contents/Home/jre/bin/java, JAVA_MAIN_CLASS_55213=org.codehaus.plexus.classworlds.launcher.Launcher, APP_ICON_43257=../Resources/sts.icns}}]
18:50:54.792 [main] INFO org.springframework.beans.factory.xml.XmlBeanDefinitionReader - Loading XML bean definitions from class path resource [test-context.xml]
18:50:54.794 [main] DEBUG org.springframework.beans.factory.xml.DefaultDocumentLoader - Using JAXP provider [com.sun.org.apache.xerces.internal.jaxp.DocumentBuilderFactoryImpl]
18:50:54.795 [main] DEBUG org.springframework.beans.factory.xml.PluggableSchemaResolver - Loading schema mappings from [META-INF/spring.schemas]
18:50:54.798 [main] DEBUG org.springframework.beans.factory.xml.PluggableSchemaResolver - Loaded schema mappings: {http://www.springframework.org/schema/tx/spring-tx-4.3.xsd=org/springframework/transaction/config/spring-tx-4.3.xsd, http://www.springframework.org/schema/tx/spring-tx-2.5.xsd=org/springframework/transaction/config/spring-tx-2.5.xsd, http://www.springframework.org/schema/cache/spring-cache-4.2.xsd=org/springframework/cache/config/spring-cache-4.2.xsd, http://www.springframework.org/schema/aop/spring-aop-4.1.xsd=org/springframework/aop/config/spring-aop-4.1.xsd, http://www.springframework.org/schema/context/spring-context-3.1.xsd=org/springframework/context/config/spring-context-3.1.xsd, http://www.springframework.org/schema/jdbc/spring-jdbc-4.1.xsd=org/springframework/jdbc/config/spring-jdbc-4.1.xsd, http://www.springframework.org/schema/mvc/spring-mvc-4.1.xsd=org/springframework/web/servlet/config/spring-mvc-4.1.xsd, http://www.springframework.org/schema/util/spring-util-3.0.xsd=org/springframework/beans/factory/xml/spring-util-3.0.xsd, http://www.springframework.org/schema/security/spring-security-3.0.3.xsd=org/springframework/security/config/spring-security-3.0.3.xsd, http://www.springframework.org/schema/security/spring-security-2.0.1.xsd=org/springframework/security/config/spring-security-2.0.1.xsd, http://www.springframework.org/schema/aop/spring-aop-3.2.xsd=org/springframework/aop/config/spring-aop-3.2.xsd, http://www.springframework.org/schema/tool/spring-tool.xsd=org/springframework/beans/factory/xml/spring-tool-4.3.xsd, http://www.springframework.org/schema/lang/spring-lang-4.1.xsd=org/springframework/scripting/config/spring-lang-4.1.xsd, http://www.springframework.org/schema/context/spring-context-4.0.xsd=org/springframework/context/config/spring-context-4.0.xsd, http://www.springframework.org/schema/mvc/spring-mvc-3.2.xsd=org/springframework/web/servlet/config/spring-mvc-3.2.xsd, http://www.springframework.org/schema/beans/spring-beans-4.2.xsd=org/springframework/beans/factory/xml/spring-beans-4.2.xsd, http://www.springframework.org/schema/tool/spring-tool-4.1.xsd=org/springframework/beans/factory/xml/spring-tool-4.1.xsd, http://www.springframework.org/schema/lang/spring-lang-3.2.xsd=org/springframework/scripting/config/spring-lang-3.2.xsd, http://www.springframework.org/schema/cache/spring-cache-3.2.xsd=org/springframework/cache/config/spring-cache-3.2.xsd, http://www.springframework.org/schema/jee/spring-jee-4.1.xsd=org/springframework/ejb/config/spring-jee-4.1.xsd, http://www.springframework.org/schema/jdbc/spring-jdbc-3.1.xsd=org/springframework/jdbc/config/spring-jdbc-3.1.xsd, http://www.springframework.org/schema/util/spring-util-2.0.xsd=org/springframework/beans/factory/xml/spring-util-2.0.xsd, http://www.springframework.org/schema/task/spring-task-4.2.xsd=org/springframework/scheduling/config/spring-task-4.2.xsd, http://www.springframework.org/schema/tool/spring-tool-3.2.xsd=org/springframework/beans/factory/xml/spring-tool-3.2.xsd, http://www.springframework.org/schema/context/spring-context.xsd=org/springframework/context/config/spring-context-4.3.xsd, http://www.springframework.org/schema/tx/spring-tx-4.2.xsd=org/springframework/transaction/config/spring-tx-4.2.xsd, http://www.springframework.org/schema/cache/spring-cache-4.1.xsd=org/springframework/cache/config/spring-cache-4.1.xsd, http://www.springframework.org/schema/aop/spring-aop-4.0.xsd=org/springframework/aop/config/spring-aop-4.0.xsd, http://www.springframework.org/schema/security/spring-security-2.0.xsd=org/springframework/security/config/spring-security-2.0.xsd, http://www.springframework.org/schema/jee/spring-jee-3.2.xsd=org/springframework/ejb/config/spring-jee-3.2.xsd, http://www.springframework.org/schema/context/spring-context-3.0.xsd=org/springframework/context/config/spring-context-3.0.xsd, http://www.springframework.org/schema/jdbc/spring-jdbc-4.0.xsd=org/springframework/jdbc/config/spring-jdbc-4.0.xsd, http://www.springframework.org/schema/mvc/spring-mvc-4.0.xsd=org/springframework/web/servlet/config/spring-mvc-4.0.xsd, http://www.springframework.org/schema/util/spring-util-4.3.xsd=org/springframework/beans/factory/xml/spring-util-4.3.xsd, http://www.springframework.org/schema/util/spring-util-2.5.xsd=org/springframework/beans/factory/xml/spring-util-2.5.xsd, http://www.springframework.org/schema/beans/spring-beans-3.2.xsd=org/springframework/beans/factory/xml/spring-beans-3.2.xsd, http://www.springframework.org/schema/aop/spring-aop-3.1.xsd=org/springframework/aop/config/spring-aop-3.1.xsd, http://www.springframework.org/schema/lang/spring-lang-4.0.xsd=org/springframework/scripting/config/spring-lang-4.0.xsd, http://www.springframework.org/schema/mvc/spring-mvc.xsd=org/springframework/web/servlet/config/spring-mvc-4.3.xsd, http://www.springframework.org/schema/mvc/spring-mvc-3.1.xsd=org/springframework/web/servlet/config/spring-mvc-3.1.xsd, http://www.springframework.org/schema/beans/spring-beans-4.1.xsd=org/springframework/beans/factory/xml/spring-beans-4.1.xsd, http://www.springframework.org/schema/tool/spring-tool-4.0.xsd=org/springframework/beans/factory/xml/spring-tool-4.0.xsd, http://www.springframework.org/schema/tx/spring-tx-3.2.xsd=org/springframework/transaction/config/spring-tx-3.2.xsd, http://www.springframework.org/schema/lang/spring-lang-3.1.xsd=org/springframework/scripting/config/spring-lang-3.1.xsd, http://www.springframework.org/schema/cache/spring-cache-3.1.xsd=org/springframework/cache/config/spring-cache-3.1.xsd, http://www.springframework.org/schema/jee/spring-jee-4.0.xsd=org/springframework/ejb/config/spring-jee-4.0.xsd, http://www.springframework.org/schema/jdbc/spring-jdbc-3.0.xsd=org/springframework/jdbc/config/spring-jdbc-3.0.xsd, http://www.springframework.org/schema/task/spring-task-4.1.xsd=org/springframework/scheduling/config/spring-task-4.1.xsd, http://www.springframework.org/schema/jdbc/spring-jdbc.xsd=org/springframework/jdbc/config/spring-jdbc-4.3.xsd, http://www.springframework.org/schema/tool/spring-tool-3.1.xsd=org/springframework/beans/factory/xml/spring-tool-3.1.xsd, http://www.springframework.org/schema/tx/spring-tx-4.1.xsd=org/springframework/transaction/config/spring-tx-4.1.xsd, http://www.springframework.org/schema/cache/spring-cache-4.0.xsd=org/springframework/cache/config/spring-cache-4.0.xsd, http://www.springframework.org/schema/jee/spring-jee-3.1.xsd=org/springframework/ejb/config/spring-jee-3.1.xsd, http://www.springframework.org/schema/util/spring-util-4.2.xsd=org/springframework/beans/factory/xml/spring-util-4.2.xsd, http://www.springframework.org/schema/task/spring-task-3.2.xsd=org/springframework/scheduling/config/spring-task-3.2.xsd, http://www.springframework.org/schema/beans/spring-beans-3.1.xsd=org/springframework/beans/factory/xml/spring-beans-3.1.xsd, http://www.springframework.org/schema/util/spring-util.xsd=org/springframework/beans/factory/xml/spring-util-4.3.xsd, http://www.springframework.org/schema/aop/spring-aop-3.0.xsd=org/springframework/aop/config/spring-aop-3.0.xsd, http://www.springframework.org/schema/security/spring-security-4.2.xsd=org/springframework/security/config/spring-security-4.2.xsd, http://www.springframework.org/schema/mvc/spring-mvc-3.0.xsd=org/springframework/web/servlet/config/spring-mvc-3.0.xsd, http://www.springframework.org/schema/beans/spring-beans-4.0.xsd=org/springframework/beans/factory/xml/spring-beans-4.0.xsd, http://www.springframework.org/schema/beans/spring-beans.xsd=org/springframework/beans/factory/xml/spring-beans-4.3.xsd, http://www.springframework.org/schema/security/spring-security-2.0.4.xsd=org/springframework/security/config/spring-security-2.0.4.xsd, http://www.springframework.org/schema/tx/spring-tx-3.1.xsd=org/springframework/transaction/config/spring-tx-3.1.xsd, http://www.springframework.org/schema/lang/spring-lang-3.0.xsd=org/springframework/scripting/config/spring-lang-3.0.xsd, http://www.springframework.org/schema/context/spring-context-2.5.xsd=org/springframework/context/config/spring-context-2.5.xsd, http://www.springframework.org/schema/context/spring-context-4.3.xsd=org/springframework/context/config/spring-context-4.3.xsd, http://www.springframework.org/schema/task/spring-task-4.0.xsd=org/springframework/scheduling/config/spring-task-4.0.xsd, http://www.springframework.org/schema/tool/spring-tool-3.0.xsd=org/springframework/beans/factory/xml/spring-tool-3.0.xsd, http://www.springframework.org/schema/tx/spring-tx-4.0.xsd=org/springframework/transaction/config/spring-tx-4.0.xsd, http://www.springframework.org/schema/aop/spring-aop-2.0.xsd=org/springframework/aop/config/spring-aop-2.0.xsd, http://www.springframework.org/schema/security/spring-security-3.2.xsd=org/springframework/security/config/spring-security-3.2.xsd, http://www.springframework.org/schema/jee/spring-jee-3.0.xsd=org/springframework/ejb/config/spring-jee-3.0.xsd, http://www.springframework.org/schema/util/spring-util-4.1.xsd=org/springframework/beans/factory/xml/spring-util-4.1.xsd, http://www.springframework.org/schema/task/spring-task-3.1.xsd=org/springframework/scheduling/config/spring-task-3.1.xsd, http://www.springframework.org/schema/beans/spring-beans-3.0.xsd=org/springframework/beans/factory/xml/spring-beans-3.0.xsd, http://www.springframework.org/schema/jee/spring-jee.xsd=org/springframework/ejb/config/spring-jee-4.3.xsd, http://www.springframework.org/schema/aop/spring-aop-4.3.xsd=org/springframework/aop/config/spring-aop-4.3.xsd, http://www.springframework.org/schema/aop/spring-aop-2.5.xsd=org/springframework/aop/config/spring-aop-2.5.xsd, http://www.springframework.org/schema/security/spring-security-4.1.xsd=org/springframework/security/config/spring-security-4.1.xsd, http://www.springframework.org/schema/lang/spring-lang-2.0.xsd=org/springframework/scripting/config/spring-lang-2.0.xsd, http://www.springframework.org/schema/jdbc/spring-jdbc-4.3.xsd=org/springframework/jdbc/config/spring-jdbc-4.3.xsd, http://www.springframework.org/schema/mvc/spring-mvc-4.3.xsd=org/springframework/web/servlet/config/spring-mvc-4.3.xsd, http://www.springframework.org/schema/util/spring-util-3.2.xsd=org/springframework/beans/factory/xml/spring-util-3.2.xsd, http://www.springframework.org/schema/task/spring-task.xsd=org/springframework/scheduling/config/spring-task-4.3.xsd, http://www.springframework.org/schema/tool/spring-tool-2.0.xsd=org/springframework/beans/factory/xml/spring-tool-2.0.xsd, http://www.springframework.org/schema/tx/spring-tx-3.0.xsd=org/springframework/transaction/config/spring-tx-3.0.xsd, http://www.springframework.org/schema/lang/spring-lang-2.5.xsd=org/springframework/scripting/config/spring-lang-2.5.xsd, http://www.springframework.org/schema/lang/spring-lang-4.3.xsd=org/springframework/scripting/config/spring-lang-4.3.xsd, http://www.springframework.org/schema/context/spring-context-4.2.xsd=org/springframework/context/config/spring-context-4.2.xsd, http://www.springframework.org/schema/jee/spring-jee-2.0.xsd=org/springframework/ejb/config/spring-jee-2.0.xsd, http://www.springframework.org/schema/tool/spring-tool-4.3.xsd=org/springframework/beans/factory/xml/spring-tool-4.3.xsd, http://www.springframework.org/schema/tool/spring-tool-2.5.xsd=org/springframework/beans/factory/xml/spring-tool-2.5.xsd, http://www.springframework.org/schema/security/spring-security-3.1.xsd=org/springframework/security/config/spring-security-3.1.xsd, http://www.springframework.org/schema/jee/spring-jee-4.3.xsd=org/springframework/ejb/config/spring-jee-4.3.xsd, http://www.springframework.org/schema/jee/spring-jee-2.5.xsd=org/springframework/ejb/config/spring-jee-2.5.xsd, http://www.springframework.org/schema/util/spring-util-4.0.xsd=org/springframework/beans/factory/xml/spring-util-4.0.xsd, http://www.springframework.org/schema/task/spring-task-3.0.xsd=org/springframework/scheduling/config/spring-task-3.0.xsd, http://www.springframework.org/schema/cache/spring-cache-4.3.xsd=org/springframework/cache/config/spring-cache-4.3.xsd, http://www.springframework.org/schema/aop/spring-aop-4.2.xsd=org/springframework/aop/config/spring-aop-4.2.xsd, http://www.springframework.org/schema/security/spring-security-4.0.xsd=org/springframework/security/config/spring-security-4.0.xsd, http://www.springframework.org/schema/lang/spring-lang.xsd=org/springframework/scripting/config/spring-lang-4.3.xsd, http://www.springframework.org/schema/context/spring-context-3.2.xsd=org/springframework/context/config/spring-context-3.2.xsd, http://www.springframework.org/schema/jdbc/spring-jdbc-4.2.xsd=org/springframework/jdbc/config/spring-jdbc-4.2.xsd, http://www.springframework.org/schema/mvc/spring-mvc-4.2.xsd=org/springframework/web/servlet/config/spring-mvc-4.2.xsd, http://www.springframework.org/schema/util/spring-util-3.1.xsd=org/springframework/beans/factory/xml/spring-util-3.1.xsd, http://www.springframework.org/schema/beans/spring-beans-2.0.xsd=org/springframework/beans/factory/xml/spring-beans-2.0.xsd, http://www.springframework.org/schema/cache/spring-cache.xsd=org/springframework/cache/config/spring-cache-4.3.xsd, http://www.springframework.org/schema/tx/spring-tx.xsd=org/springframework/transaction/config/spring-tx-4.3.xsd, http://www.springframework.org/schema/security/spring-security-2.0.2.xsd=org/springframework/security/config/spring-security-2.0.2.xsd, http://www.springframework.org/schema/lang/spring-lang-4.2.xsd=org/springframework/scripting/config/spring-lang-4.2.xsd, http://www.springframework.org/schema/context/spring-context-4.1.xsd=org/springframework/context/config/spring-context-4.1.xsd, http://www.springframework.org/schema/beans/spring-beans-2.5.xsd=org/springframework/beans/factory/xml/spring-beans-2.5.xsd, http://www.springframework.org/schema/beans/spring-beans-4.3.xsd=org/springframework/beans/factory/xml/spring-beans-4.3.xsd, http://www.springframework.org/schema/tool/spring-tool-4.2.xsd=org/springframework/beans/factory/xml/spring-tool-4.2.xsd, http://www.springframework.org/schema/security/spring-security.xsd=org/springframework/security/config/spring-security-4.2.xsd, http://www.springframework.org/schema/tx/spring-tx-2.0.xsd=org/springframework/transaction/config/spring-tx-2.0.xsd, http://www.springframework.org/schema/security/spring-security-3.0.xsd=org/springframework/security/config/spring-security-3.0.xsd, http://www.springframework.org/schema/jee/spring-jee-4.2.xsd=org/springframework/ejb/config/spring-jee-4.2.xsd, http://www.springframework.org/schema/jdbc/spring-jdbc-3.2.xsd=org/springframework/jdbc/config/spring-jdbc-3.2.xsd, http://www.springframework.org/schema/aop/spring-aop.xsd=org/springframework/aop/config/spring-aop-4.3.xsd, http://www.springframework.org/schema/task/spring-task-4.3.xsd=org/springframework/scheduling/config/spring-task-4.3.xsd}
18:50:54.798 [main] DEBUG org.springframework.beans.factory.xml.PluggableSchemaResolver - Found XML schema [http://www.springframework.org/schema/beans/spring-beans-3.0.xsd] in classpath: org/springframework/beans/factory/xml/spring-beans-3.0.xsd
18:50:54.815 [main] DEBUG org.springframework.beans.factory.xml.PluggableSchemaResolver - Found XML schema [http://www.springframework.org/schema/tx/spring-tx-3.0.xsd] in classpath: org/springframework/transaction/config/spring-tx-3.0.xsd
18:50:54.817 [main] DEBUG org.springframework.beans.factory.xml.PluggableSchemaResolver - Found XML schema [http://www.springframework.org/schema/tool/spring-tool-3.0.xsd] in classpath: org/springframework/beans/factory/xml/spring-tool-3.0.xsd
18:50:54.820 [main] DEBUG org.springframework.beans.factory.xml.DefaultBeanDefinitionDocumentReader - Loading bean definitions
18:50:54.824 [main] DEBUG org.springframework.beans.factory.xml.BeanDefinitionParserDelegate - Neither XML 'id' nor 'name' specified - using generated bean name [java.sql.Date#7ed3df3b]
18:50:54.824 [main] DEBUG org.springframework.beans.factory.xml.BeanDefinitionParserDelegate - Neither XML 'id' nor 'name' specified - using generated bean name [java.sql.Date#465b38e6]
18:50:54.824 [main] DEBUG org.springframework.beans.factory.xml.BeanDefinitionParserDelegate - Neither XML 'id' nor 'name' specified - using generated bean name [java.sql.Date#4b960b5b]
18:50:54.824 [main] DEBUG org.springframework.beans.factory.xml.BeanDefinitionParserDelegate - Neither XML 'id' nor 'name' specified - using generated bean name [java.sql.Date#1b13467c]
18:50:54.825 [main] DEBUG org.springframework.beans.factory.xml.BeanDefinitionParserDelegate - Neither XML 'id' nor 'name' specified - using generated bean name [java.sql.Date#7bd96822]
18:50:54.825 [main] DEBUG org.springframework.beans.factory.xml.BeanDefinitionParserDelegate - Neither XML 'id' nor 'name' specified - using generated bean name [java.sql.Date#64dae3b7]
18:50:54.831 [main] DEBUG org.springframework.beans.factory.xml.DefaultNamespaceHandlerResolver - Loaded NamespaceHandler mappings: {http://www.springframework.org/schema/p=org.springframework.beans.factory.xml.SimplePropertyNamespaceHandler, http://www.springframework.org/schema/mvc=org.springframework.web.servlet.config.MvcNamespaceHandler, http://www.springframework.org/schema/util=org.springframework.beans.factory.xml.UtilNamespaceHandler, http://www.springframework.org/schema/jee=org.springframework.ejb.config.JeeNamespaceHandler, http://www.springframework.org/schema/aop=org.springframework.aop.config.AopNamespaceHandler, http://www.springframework.org/schema/jdbc=org.springframework.jdbc.config.JdbcNamespaceHandler, http://www.springframework.org/schema/cache=org.springframework.cache.config.CacheNamespaceHandler, http://www.springframework.org/schema/c=org.springframework.beans.factory.xml.SimpleConstructorNamespaceHandler, http://www.springframework.org/schema/security=org.springframework.security.config.SecurityNamespaceHandler, http://www.springframework.org/schema/tx=org.springframework.transaction.config.TxNamespaceHandler, http://www.springframework.org/schema/task=org.springframework.scheduling.config.TaskNamespaceHandler, http://www.springframework.org/schema/lang=org.springframework.scripting.config.LangNamespaceHandler, http://www.springframework.org/schema/context=org.springframework.context.config.ContextNamespaceHandler}
18:50:54.831 [main] DEBUG org.springframework.beans.factory.xml.XmlBeanDefinitionReader - Loaded 39 bean definitions from location pattern [test-context.xml]
18:50:54.831 [main] DEBUG org.springframework.context.support.ClassPathXmlApplicationContext - Bean factory for org.springframework.context.support.ClassPathXmlApplicationContext@575c3e9b: org.springframework.beans.factory.support.DefaultListableBeanFactory@7668892a: defining beans [programmingFoundation,webDevelopment,enterpriseSystems,businessAnalysis,dataAnalysis,databaseDevelopment,bachelorOfIT,softwareDevelopment,informationSystems,ipswich,newcastle,term1_2012,term2_2012,term1_2013,programmingFoundation_ipswich_term1_2012,programmingFoundation_ipswich_term2_2012,programmingFoundation_newcastle_term1_2012,webDevelopment_newcastle_term1_2012,admin,staff,student,enrollment1,enrollment2,dataSource,sessionFactory,transactionManager,campusDAO,userDAO,courseDAO,majorDAO,programDAO,termDAO,courseAvailabilityDAO,enrollmentDAO,org.springframework.transaction.config.internalTransactionalEventListenerFactory,org.springframework.aop.config.internalAutoProxyCreator,org.springframework.transaction.annotation.AnnotationTransactionAttributeSource#0,org.springframework.transaction.interceptor.TransactionInterceptor#0,org.springframework.transaction.config.internalTransactionAdvisor]; root of factory hierarchy
18:50:54.835 [main] DEBUG org.springframework.beans.factory.support.DefaultListableBeanFactory - Creating shared instance of singleton bean 'org.springframework.aop.config.internalAutoProxyCreator'
18:50:54.835 [main] DEBUG org.springframework.beans.factory.support.DefaultListableBeanFactory - Creating instance of bean 'org.springframework.aop.config.internalAutoProxyCreator'
18:50:54.835 [main] DEBUG org.springframework.beans.factory.support.DefaultListableBeanFactory - Eagerly caching bean 'org.springframework.aop.config.internalAutoProxyCreator' to allow for resolving potential circular references
18:50:54.838 [main] DEBUG org.springframework.beans.factory.support.DefaultListableBeanFactory - Finished creating instance of bean 'org.springframework.aop.config.internalAutoProxyCreator'
18:50:54.839 [main] DEBUG org.springframework.context.support.ClassPathXmlApplicationContext - Unable to locate MessageSource with name 'messageSource': using default [org.springframework.context.support.DelegatingMessageSource@7e83992]
18:50:54.839 [main] DEBUG org.springframework.context.support.ClassPathXmlApplicationContext - Unable to locate ApplicationEventMulticaster with name 'applicationEventMulticaster': using default [org.springframework.context.event.SimpleApplicationEventMulticaster@4364863]
18:50:54.839 [main] DEBUG org.springframework.beans.factory.support.DefaultListableBeanFactory - Pre-instantiating singletons in org.springframework.beans.factory.support.DefaultListableBeanFactory@7668892a: defining beans [programmingFoundation,webDevelopment,enterpriseSystems,businessAnalysis,dataAnalysis,databaseDevelopment,bachelorOfIT,softwareDevelopment,informationSystems,ipswich,newcastle,term1_2012,term2_2012,term1_2013,programmingFoundation_ipswich_term1_2012,programmingFoundation_ipswich_term2_2012,programmingFoundation_newcastle_term1_2012,webDevelopment_newcastle_term1_2012,admin,staff,student,enrollment1,enrollment2,dataSource,sessionFactory,transactionManager,campusDAO,userDAO,courseDAO,majorDAO,programDAO,termDAO,courseAvailabilityDAO,enrollmentDAO,org.springframework.transaction.config.internalTransactionalEventListenerFactory,org.springframework.aop.config.internalAutoProxyCreator,org.springframework.transaction.annotation.AnnotationTransactionAttributeSource#0,org.springframework.transaction.interceptor.TransactionInterceptor#0,org.springframework.transaction.config.internalTransactionAdvisor]; root of factory hierarchy
18:50:54.839 [main] DEBUG org.springframework.beans.factory.support.DefaultListableBeanFactory - Creating shared instance of singleton bean 'programmingFoundation'
18:50:54.839 [main] DEBUG org.springframework.beans.factory.support.DefaultListableBeanFactory - Creating instance of bean 'programmingFoundation'
18:50:54.840 [main] DEBUG org.springframework.beans.factory.support.DefaultListableBeanFactory - Eagerly caching bean 'programmingFoundation' to allow for resolving potential circular references
18:50:54.842 [main] DEBUG org.springframework.beans.factory.support.DefaultListableBeanFactory - Creating shared instance of singleton bean 'org.springframework.transaction.config.internalTransactionAdvisor'
18:50:54.842 [main] DEBUG org.springframework.beans.factory.support.DefaultListableBeanFactory - Creating instance of bean 'org.springframework.transaction.config.internalTransactionAdvisor'
18:50:54.842 [main] DEBUG org.springframework.beans.factory.support.DefaultListableBeanFactory - Eagerly caching bean 'org.springframework.transaction.config.internalTransactionAdvisor' to allow for resolving potential circular references
18:50:54.844 [main] DEBUG org.springframework.beans.factory.support.DefaultListableBeanFactory - Creating shared instance of singleton bean 'org.springframework.transaction.annotation.AnnotationTransactionAttributeSource#0'
18:50:54.844 [main] DEBUG org.springframework.beans.factory.support.DefaultListableBeanFactory - Creating instance of bean 'org.springframework.transaction.annotation.AnnotationTransactionAttributeSource#0'
18:50:54.844 [main] DEBUG org.springframework.beans.factory.support.DefaultListableBeanFactory - Eagerly caching bean 'org.springframework.transaction.annotation.AnnotationTransactionAttributeSource#0' to allow for resolving potential circular references
18:50:54.845 [main] DEBUG org.springframework.aop.framework.autoproxy.BeanFactoryAdvisorRetrievalHelper - Skipping currently created advisor 'org.springframework.transaction.config.internalTransactionAdvisor'
18:50:54.845 [main] DEBUG org.springframework.beans.factory.support.DefaultListableBeanFactory - Finished creating instance of bean 'org.springframework.transaction.annotation.AnnotationTransactionAttributeSource#0'
18:50:54.846 [main] DEBUG org.springframework.beans.factory.support.DefaultListableBeanFactory - Finished creating instance of bean 'org.springframework.transaction.config.internalTransactionAdvisor'
18:50:54.846 [main] DEBUG org.springframework.beans.factory.support.DefaultListableBeanFactory - Finished creating instance of bean 'programmingFoundation'
18:50:54.846 [main] DEBUG org.springframework.beans.factory.support.DefaultListableBeanFactory - Creating shared instance of singleton bean 'webDevelopment'
18:50:54.846 [main] DEBUG org.springframework.beans.factory.support.DefaultListableBeanFactory - Creating instance of bean 'webDevelopment'
18:50:54.847 [main] DEBUG org.springframework.beans.factory.support.DefaultListableBeanFactory - Eagerly caching bean 'webDevelopment' to allow for resolving potential circular references
18:50:54.847 [main] DEBUG org.springframework.beans.factory.support.DefaultListableBeanFactory - Returning cached instance of singleton bean 'org.springframework.transaction.config.internalTransactionAdvisor'
18:50:54.847 [main] DEBUG org.springframework.beans.factory.support.DefaultListableBeanFactory - Finished creating instance of bean 'webDevelopment'
18:50:54.847 [main] DEBUG org.springframework.beans.factory.support.DefaultListableBeanFactory - Creating shared instance of singleton bean 'enterpriseSystems'
18:50:54.847 [main] DEBUG org.springframework.beans.factory.support.DefaultListableBeanFactory - Creating instance of bean 'enterpriseSystems'
18:50:54.847 [main] DEBUG org.springframework.beans.factory.support.DefaultListableBeanFactory - Eagerly caching bean 'enterpriseSystems' to allow for resolving potential circular references
18:50:54.847 [main] DEBUG org.springframework.beans.factory.support.DefaultListableBeanFactory - Returning cached instance of singleton bean 'programmingFoundation'
18:50:54.847 [main] DEBUG org.springframework.beans.factory.support.DefaultListableBeanFactory - Returning cached instance of singleton bean 'webDevelopment'
18:50:54.848 [main] DEBUG org.springframework.beans.factory.support.DefaultListableBeanFactory - Returning cached instance of singleton bean 'org.springframework.transaction.config.internalTransactionAdvisor'
18:50:54.848 [main] DEBUG org.springframework.beans.factory.support.DefaultListableBeanFactory - Finished creating instance of bean 'enterpriseSystems'
18:50:54.848 [main] DEBUG org.springframework.beans.factory.support.DefaultListableBeanFactory - Creating shared instance of singleton bean 'businessAnalysis'
18:50:54.848 [main] DEBUG org.springframework.beans.factory.support.DefaultListableBeanFactory - Creating instance of bean 'businessAnalysis'
18:50:54.848 [main] DEBUG org.springframework.beans.factory.support.DefaultListableBeanFactory - Eagerly caching bean 'businessAnalysis' to allow for resolving potential circular references
18:50:54.849 [main] DEBUG org.springframework.beans.factory.support.DefaultListableBeanFactory - Returning cached instance of singleton bean 'org.springframework.transaction.config.internalTransactionAdvisor'
18:50:54.849 [main] DEBUG org.springframework.beans.factory.support.DefaultListableBeanFactory - Finished creating instance of bean 'businessAnalysis'
18:50:54.849 [main] DEBUG org.springframework.beans.factory.support.DefaultListableBeanFactory - Creating shared instance of singleton bean 'dataAnalysis'
18:50:54.849 [main] DEBUG org.springframework.beans.factory.support.DefaultListableBeanFactory - Creating instance of bean 'dataAnalysis'
18:50:54.849 [main] DEBUG org.springframework.beans.factory.support.DefaultListableBeanFactory - Eagerly caching bean 'dataAnalysis' to allow for resolving potential circular references
18:50:54.849 [main] DEBUG org.springframework.beans.factory.support.DefaultListableBeanFactory - Returning cached instance of singleton bean 'businessAnalysis'
18:50:54.849 [main] DEBUG org.springframework.beans.factory.support.DefaultListableBeanFactory - Returning cached instance of singleton bean 'org.springframework.transaction.config.internalTransactionAdvisor'
18:50:54.849 [main] DEBUG org.springframework.beans.factory.support.DefaultListableBeanFactory - Finished creating instance of bean 'dataAnalysis'
18:50:54.849 [main] DEBUG org.springframework.beans.factory.support.DefaultListableBeanFactory - Creating shared instance of singleton bean 'databaseDevelopment'
18:50:54.849 [main] DEBUG org.springframework.beans.factory.support.DefaultListableBeanFactory - Creating instance of bean 'databaseDevelopment'
18:50:54.849 [main] DEBUG org.springframework.beans.factory.support.DefaultListableBeanFactory - Eagerly caching bean 'databaseDevelopment' to allow for resolving potential circular references
18:50:54.850 [main] DEBUG org.springframework.beans.factory.support.DefaultListableBeanFactory - Returning cached instance of singleton bean 'org.springframework.transaction.config.internalTransactionAdvisor'
18:50:54.850 [main] DEBUG org.springframework.beans.factory.support.DefaultListableBeanFactory - Finished creating instance of bean 'databaseDevelopment'
18:50:54.850 [main] DEBUG org.springframework.beans.factory.support.DefaultListableBeanFactory - Creating shared instance of singleton bean 'bachelorOfIT'
18:50:54.850 [main] DEBUG org.springframework.beans.factory.support.DefaultListableBeanFactory - Creating instance of bean 'bachelorOfIT'
18:50:54.850 [main] DEBUG org.springframework.beans.factory.support.DefaultListableBeanFactory - Eagerly caching bean 'bachelorOfIT' to allow for resolving potential circular references
18:50:54.851 [main] DEBUG org.springframework.beans.factory.support.DefaultListableBeanFactory - Returning cached instance of singleton bean 'programmingFoundation'
18:50:54.852 [main] DEBUG org.springframework.beans.factory.support.DefaultListableBeanFactory - Returning cached instance of singleton bean 'databaseDevelopment'
18:50:54.852 [main] DEBUG org.springframework.beans.factory.support.DefaultListableBeanFactory - Returning cached instance of singleton bean 'businessAnalysis'
18:50:54.852 [main] DEBUG org.springframework.beans.factory.support.DefaultListableBeanFactory - Returning cached instance of singleton bean 'org.springframework.transaction.config.internalTransactionAdvisor'
18:50:54.852 [main] DEBUG org.springframework.beans.factory.support.DefaultListableBeanFactory - Finished creating instance of bean 'bachelorOfIT'
18:50:54.852 [main] DEBUG org.springframework.beans.factory.support.DefaultListableBeanFactory - Creating shared instance of singleton bean 'softwareDevelopment'
18:50:54.852 [main] DEBUG org.springframework.beans.factory.support.DefaultListableBeanFactory - Creating instance of bean 'softwareDevelopment'
18:50:54.852 [main] DEBUG org.springframework.beans.factory.support.DefaultListableBeanFactory - Eagerly caching bean 'softwareDevelopment' to allow for resolving potential circular references
18:50:54.854 [main] DEBUG org.springframework.beans.factory.support.DefaultListableBeanFactory - Returning cached instance of singleton bean 'bachelorOfIT'
18:50:54.854 [main] DEBUG org.springframework.beans.factory.support.DefaultListableBeanFactory - Returning cached instance of singleton bean 'webDevelopment'
18:50:54.854 [main] DEBUG org.springframework.beans.factory.support.DefaultListableBeanFactory - Returning cached instance of singleton bean 'org.springframework.transaction.config.internalTransactionAdvisor'
18:50:54.855 [main] DEBUG org.springframework.beans.factory.support.DefaultListableBeanFactory - Finished creating instance of bean 'softwareDevelopment'
18:50:54.855 [main] DEBUG org.springframework.beans.factory.support.DefaultListableBeanFactory - Creating shared instance of singleton bean 'informationSystems'
18:50:54.855 [main] DEBUG org.springframework.beans.factory.support.DefaultListableBeanFactory - Creating instance of bean 'informationSystems'
18:50:54.855 [main] DEBUG org.springframework.beans.factory.support.DefaultListableBeanFactory - Eagerly caching bean 'informationSystems' to allow for resolving potential circular references
18:50:54.855 [main] DEBUG org.springframework.beans.factory.support.DefaultListableBeanFactory - Returning cached instance of singleton bean 'bachelorOfIT'
18:50:54.855 [main] DEBUG org.springframework.beans.factory.support.DefaultListableBeanFactory - Returning cached instance of singleton bean 'businessAnalysis'
18:50:54.855 [main] DEBUG org.springframework.beans.factory.support.DefaultListableBeanFactory - Returning cached instance of singleton bean 'dataAnalysis'
18:50:54.855 [main] DEBUG org.springframework.beans.factory.support.DefaultListableBeanFactory - Returning cached instance of singleton bean 'org.springframework.transaction.config.internalTransactionAdvisor'
18:50:54.855 [main] DEBUG org.springframework.beans.factory.support.DefaultListableBeanFactory - Finished creating instance of bean 'informationSystems'
18:50:54.855 [main] DEBUG org.springframework.beans.factory.support.DefaultListableBeanFactory - Creating shared instance of singleton bean 'ipswich'
18:50:54.856 [main] DEBUG org.springframework.beans.factory.support.DefaultListableBeanFactory - Creating instance of bean 'ipswich'
18:50:54.856 [main] DEBUG org.springframework.beans.factory.support.DefaultListableBeanFactory - Eagerly caching bean 'ipswich' to allow for resolving potential circular references
18:50:54.857 [main] DEBUG org.springframework.beans.factory.support.DefaultListableBeanFactory - Returning cached instance of singleton bean 'org.springframework.transaction.config.internalTransactionAdvisor'
18:50:54.858 [main] DEBUG org.springframework.beans.factory.support.DefaultListableBeanFactory - Finished creating instance of bean 'ipswich'
18:50:54.858 [main] DEBUG org.springframework.beans.factory.support.DefaultListableBeanFactory - Creating shared instance of singleton bean 'newcastle'
18:50:54.858 [main] DEBUG org.springframework.beans.factory.support.DefaultListableBeanFactory - Creating instance of bean 'newcastle'
18:50:54.858 [main] DEBUG org.springframework.beans.factory.support.DefaultListableBeanFactory - Eagerly caching bean 'newcastle' to allow for resolving potential circular references
18:50:54.858 [main] DEBUG org.springframework.beans.factory.support.DefaultListableBeanFactory - Returning cached instance of singleton bean 'org.springframework.transaction.config.internalTransactionAdvisor'
18:50:54.858 [main] DEBUG org.springframework.beans.factory.support.DefaultListableBeanFactory - Finished creating instance of bean 'newcastle'
18:50:54.858 [main] DEBUG org.springframework.beans.factory.support.DefaultListableBeanFactory - Creating shared instance of singleton bean 'term1_2012'
18:50:54.859 [main] DEBUG org.springframework.beans.factory.support.DefaultListableBeanFactory - Creating instance of bean 'term1_2012'
18:50:54.859 [main] DEBUG org.springframework.beans.factory.support.DefaultListableBeanFactory - Eagerly caching bean 'term1_2012' to allow for resolving potential circular references
18:50:54.860 [main] DEBUG org.springframework.beans.factory.support.DefaultListableBeanFactory - Creating instance of bean 'java.sql.Date#7ed3df3b'
18:50:54.862 [main] DEBUG org.springframework.beans.factory.support.DefaultListableBeanFactory - Returning cached instance of singleton bean 'org.springframework.transaction.config.internalTransactionAdvisor'
18:50:54.864 [main] DEBUG org.springframework.beans.factory.support.DefaultListableBeanFactory - Finished creating instance of bean 'java.sql.Date#7ed3df3b'
18:50:54.864 [main] DEBUG org.springframework.beans.factory.support.DefaultListableBeanFactory - Creating instance of bean 'java.sql.Date#465b38e6'
18:50:54.865 [main] DEBUG org.springframework.beans.factory.support.DefaultListableBeanFactory - Returning cached instance of singleton bean 'org.springframework.transaction.config.internalTransactionAdvisor'
18:50:54.865 [main] DEBUG org.springframework.beans.factory.support.DefaultListableBeanFactory - Finished creating instance of bean 'java.sql.Date#465b38e6'
18:50:54.865 [main] DEBUG org.springframework.beans.factory.support.DefaultListableBeanFactory - Returning cached instance of singleton bean 'org.springframework.transaction.config.internalTransactionAdvisor'
18:50:54.865 [main] DEBUG org.springframework.beans.factory.support.DefaultListableBeanFactory - Finished creating instance of bean 'term1_2012'
18:50:54.865 [main] DEBUG org.springframework.beans.factory.support.DefaultListableBeanFactory - Creating shared instance of singleton bean 'term2_2012'
18:50:54.865 [main] DEBUG org.springframework.beans.factory.support.DefaultListableBeanFactory - Creating instance of bean 'term2_2012'
18:50:54.865 [main] DEBUG org.springframework.beans.factory.support.DefaultListableBeanFactory - Eagerly caching bean 'term2_2012' to allow for resolving potential circular references
18:50:54.865 [main] DEBUG org.springframework.beans.factory.support.DefaultListableBeanFactory - Creating instance of bean 'java.sql.Date#4b960b5b'
18:50:54.866 [main] DEBUG org.springframework.beans.factory.support.DefaultListableBeanFactory - Returning cached instance of singleton bean 'org.springframework.transaction.config.internalTransactionAdvisor'
18:50:54.866 [main] DEBUG org.springframework.beans.factory.support.DefaultListableBeanFactory - Finished creating instance of bean 'java.sql.Date#4b960b5b'
18:50:54.866 [main] DEBUG org.springframework.beans.factory.support.DefaultListableBeanFactory - Creating instance of bean 'java.sql.Date#1b13467c'
18:50:54.866 [main] DEBUG org.springframework.beans.factory.support.DefaultListableBeanFactory - Returning cached instance of singleton bean 'org.springframework.transaction.config.internalTransactionAdvisor'
18:50:54.866 [main] DEBUG org.springframework.beans.factory.support.DefaultListableBeanFactory - Finished creating instance of bean 'java.sql.Date#1b13467c'
18:50:54.867 [main] DEBUG org.springframework.beans.factory.support.DefaultListableBeanFactory - Returning cached instance of singleton bean 'org.springframework.transaction.config.internalTransactionAdvisor'
18:50:54.867 [main] DEBUG org.springframework.beans.factory.support.DefaultListableBeanFactory - Finished creating instance of bean 'term2_2012'
18:50:54.867 [main] DEBUG org.springframework.beans.factory.support.DefaultListableBeanFactory - Creating shared instance of singleton bean 'term1_2013'
18:50:54.867 [main] DEBUG org.springframework.beans.factory.support.DefaultListableBeanFactory - Creating instance of bean 'term1_2013'
18:50:54.867 [main] DEBUG org.springframework.beans.factory.support.DefaultListableBeanFactory - Eagerly caching bean 'term1_2013' to allow for resolving potential circular references
18:50:54.867 [main] DEBUG org.springframework.beans.factory.support.DefaultListableBeanFactory - Creating instance of bean 'java.sql.Date#7bd96822'
18:50:54.867 [main] DEBUG org.springframework.beans.factory.support.DefaultListableBeanFactory - Returning cached instance of singleton bean 'org.springframework.transaction.config.internalTransactionAdvisor'
18:50:54.867 [main] DEBUG org.springframework.beans.factory.support.DefaultListableBeanFactory - Finished creating instance of bean 'java.sql.Date#7bd96822'
18:50:54.867 [main] DEBUG org.springframework.beans.factory.support.DefaultListableBeanFactory - Creating instance of bean 'java.sql.Date#64dae3b7'
18:50:54.868 [main] DEBUG org.springframework.beans.factory.support.DefaultListableBeanFactory - Returning cached instance of singleton bean 'org.springframework.transaction.config.internalTransactionAdvisor'
18:50:54.868 [main] DEBUG org.springframework.beans.factory.support.DefaultListableBeanFactory - Finished creating instance of bean 'java.sql.Date#64dae3b7'
18:50:54.868 [main] DEBUG org.springframework.beans.factory.support.DefaultListableBeanFactory - Returning cached instance of singleton bean 'org.springframework.transaction.config.internalTransactionAdvisor'
18:50:54.868 [main] DEBUG org.springframework.beans.factory.support.DefaultListableBeanFactory - Finished creating instance of bean 'term1_2013'
18:50:54.868 [main] DEBUG org.springframework.beans.factory.support.DefaultListableBeanFactory - Creating shared instance of singleton bean 'programmingFoundation_ipswich_term1_2012'
18:50:54.868 [main] DEBUG org.springframework.beans.factory.support.DefaultListableBeanFactory - Creating instance of bean 'programmingFoundation_ipswich_term1_2012'
18:50:54.869 [main] DEBUG org.springframework.beans.factory.support.DefaultListableBeanFactory - Eagerly caching bean 'programmingFoundation_ipswich_term1_2012' to allow for resolving potential circular references
18:50:54.870 [main] DEBUG org.springframework.beans.factory.support.DefaultListableBeanFactory - Returning cached instance of singleton bean 'term1_2012'
18:50:54.870 [main] DEBUG org.springframework.beans.factory.support.DefaultListableBeanFactory - Returning cached instance of singleton bean 'programmingFoundation'
18:50:54.870 [main] DEBUG org.springframework.beans.factory.support.DefaultListableBeanFactory - Returning cached instance of singleton bean 'ipswich'
18:50:54.870 [main] DEBUG org.springframework.beans.factory.support.DefaultListableBeanFactory - Returning cached instance of singleton bean 'org.springframework.transaction.config.internalTransactionAdvisor'
18:50:54.870 [main] DEBUG org.springframework.beans.factory.support.DefaultListableBeanFactory - Finished creating instance of bean 'programmingFoundation_ipswich_term1_2012'
18:50:54.870 [main] DEBUG org.springframework.beans.factory.support.DefaultListableBeanFactory - Creating shared instance of singleton bean 'programmingFoundation_ipswich_term2_2012'
18:50:54.870 [main] DEBUG org.springframework.beans.factory.support.DefaultListableBeanFactory - Creating instance of bean 'programmingFoundation_ipswich_term2_2012'
18:50:54.871 [main] DEBUG org.springframework.beans.factory.support.DefaultListableBeanFactory - Eagerly caching bean 'programmingFoundation_ipswich_term2_2012' to allow for resolving potential circular references
18:50:54.871 [main] DEBUG org.springframework.beans.factory.support.DefaultListableBeanFactory - Returning cached instance of singleton bean 'term2_2012'
18:50:54.871 [main] DEBUG org.springframework.beans.factory.support.DefaultListableBeanFactory - Returning cached instance of singleton bean 'programmingFoundation'
18:50:54.871 [main] DEBUG org.springframework.beans.factory.support.DefaultListableBeanFactory - Returning cached instance of singleton bean 'ipswich'
18:50:54.871 [main] DEBUG org.springframework.beans.factory.support.DefaultListableBeanFactory - Returning cached instance of singleton bean 'org.springframework.transaction.config.internalTransactionAdvisor'
18:50:54.871 [main] DEBUG org.springframework.beans.factory.support.DefaultListableBeanFactory - Finished creating instance of bean 'programmingFoundation_ipswich_term2_2012'
18:50:54.871 [main] DEBUG org.springframework.beans.factory.support.DefaultListableBeanFactory - Creating shared instance of singleton bean 'programmingFoundation_newcastle_term1_2012'
18:50:54.871 [main] DEBUG org.springframework.beans.factory.support.DefaultListableBeanFactory - Creating instance of bean 'programmingFoundation_newcastle_term1_2012'
18:50:54.871 [main] DEBUG org.springframework.beans.factory.support.DefaultListableBeanFactory - Eagerly caching bean 'programmingFoundation_newcastle_term1_2012' to allow for resolving potential circular references
18:50:54.871 [main] DEBUG org.springframework.beans.factory.support.DefaultListableBeanFactory - Returning cached instance of singleton bean 'term1_2012'
18:50:54.871 [main] DEBUG org.springframework.beans.factory.support.DefaultListableBeanFactory - Returning cached instance of singleton bean 'programmingFoundation'
18:50:54.871 [main] DEBUG org.springframework.beans.factory.support.DefaultListableBeanFactory - Returning cached instance of singleton bean 'newcastle'
18:50:54.872 [main] DEBUG org.springframework.beans.factory.support.DefaultListableBeanFactory - Returning cached instance of singleton bean 'org.springframework.transaction.config.internalTransactionAdvisor'
18:50:54.872 [main] DEBUG org.springframework.beans.factory.support.DefaultListableBeanFactory - Finished creating instance of bean 'programmingFoundation_newcastle_term1_2012'
18:50:54.872 [main] DEBUG org.springframework.beans.factory.support.DefaultListableBeanFactory - Creating shared instance of singleton bean 'webDevelopment_newcastle_term1_2012'
18:50:54.872 [main] DEBUG org.springframework.beans.factory.support.DefaultListableBeanFactory - Creating instance of bean 'webDevelopment_newcastle_term1_2012'
18:50:54.872 [main] DEBUG org.springframework.beans.factory.support.DefaultListableBeanFactory - Eagerly caching bean 'webDevelopment_newcastle_term1_2012' to allow for resolving potential circular references
18:50:54.872 [main] DEBUG org.springframework.beans.factory.support.DefaultListableBeanFactory - Returning cached instance of singleton bean 'term1_2012'
18:50:54.872 [main] DEBUG org.springframework.beans.factory.support.DefaultListableBeanFactory - Returning cached instance of singleton bean 'webDevelopment'
18:50:54.872 [main] DEBUG org.springframework.beans.factory.support.DefaultListableBeanFactory - Returning cached instance of singleton bean 'newcastle'
18:50:54.873 [main] DEBUG org.springframework.beans.factory.support.DefaultListableBeanFactory - Returning cached instance of singleton bean 'org.springframework.transaction.config.internalTransactionAdvisor'
18:50:54.873 [main] DEBUG org.springframework.beans.factory.support.DefaultListableBeanFactory - Finished creating instance of bean 'webDevelopment_newcastle_term1_2012'
18:50:54.873 [main] DEBUG org.springframework.beans.factory.support.DefaultListableBeanFactory - Creating shared instance of singleton bean 'admin'
18:50:54.873 [main] DEBUG org.springframework.beans.factory.support.DefaultListableBeanFactory - Creating instance of bean 'admin'
18:50:54.874 [main] DEBUG org.springframework.beans.factory.support.DefaultListableBeanFactory - Eagerly caching bean 'admin' to allow for resolving potential circular references
18:50:54.875 [main] DEBUG org.springframework.beans.factory.support.DefaultListableBeanFactory - Returning cached instance of singleton bean 'org.springframework.transaction.config.internalTransactionAdvisor'
18:50:54.876 [main] DEBUG org.springframework.beans.factory.support.DefaultListableBeanFactory - Finished creating instance of bean 'admin'
18:50:54.876 [main] DEBUG org.springframework.beans.factory.support.DefaultListableBeanFactory - Creating shared instance of singleton bean 'staff'
18:50:54.876 [main] DEBUG org.springframework.beans.factory.support.DefaultListableBeanFactory - Creating instance of bean 'staff'
18:50:54.876 [main] DEBUG org.springframework.beans.factory.support.DefaultListableBeanFactory - Eagerly caching bean 'staff' to allow for resolving potential circular references
18:50:54.877 [main] DEBUG org.springframework.beans.factory.support.DefaultListableBeanFactory - Returning cached instance of singleton bean 'ipswich'
18:50:54.877 [main] DEBUG org.springframework.beans.factory.support.DefaultListableBeanFactory - Returning cached instance of singleton bean 'org.springframework.transaction.config.internalTransactionAdvisor'
18:50:54.877 [main] DEBUG org.springframework.beans.factory.support.DefaultListableBeanFactory - Finished creating instance of bean 'staff'
18:50:54.878 [main] DEBUG org.springframework.beans.factory.support.DefaultListableBeanFactory - Creating shared instance of singleton bean 'student'
18:50:54.878 [main] DEBUG org.springframework.beans.factory.support.DefaultListableBeanFactory - Creating instance of bean 'student'
18:50:54.878 [main] DEBUG org.springframework.beans.factory.support.DefaultListableBeanFactory - Eagerly caching bean 'student' to allow for resolving potential circular references
18:50:54.879 [main] DEBUG org.springframework.beans.factory.support.DefaultListableBeanFactory - Returning cached instance of singleton bean 'softwareDevelopment'
18:50:54.879 [main] DEBUG org.springframework.beans.factory.support.DefaultListableBeanFactory - Returning cached instance of singleton bean 'ipswich'
18:50:54.880 [main] DEBUG org.springframework.beans.factory.support.DefaultListableBeanFactory - Returning cached instance of singleton bean 'org.springframework.transaction.config.internalTransactionAdvisor'
18:50:54.880 [main] DEBUG org.springframework.beans.factory.support.DefaultListableBeanFactory - Finished creating instance of bean 'student'
18:50:54.880 [main] DEBUG org.springframework.beans.factory.support.DefaultListableBeanFactory - Creating shared instance of singleton bean 'enrollment1'
18:50:54.880 [main] DEBUG org.springframework.beans.factory.support.DefaultListableBeanFactory - Creating instance of bean 'enrollment1'
18:50:54.880 [main] DEBUG org.springframework.beans.factory.support.DefaultListableBeanFactory - Eagerly caching bean 'enrollment1' to allow for resolving potential circular references
18:50:54.881 [main] DEBUG org.springframework.beans.factory.support.DefaultListableBeanFactory - Returning cached instance of singleton bean 'webDevelopment_newcastle_term1_2012'
18:50:54.881 [main] DEBUG org.springframework.beans.factory.support.DefaultListableBeanFactory - Returning cached instance of singleton bean 'student'
18:50:54.882 [main] DEBUG org.springframework.beans.factory.support.DefaultListableBeanFactory - Returning cached instance of singleton bean 'org.springframework.transaction.config.internalTransactionAdvisor'
18:50:54.882 [main] DEBUG org.springframework.beans.factory.support.DefaultListableBeanFactory - Finished creating instance of bean 'enrollment1'
18:50:54.882 [main] DEBUG org.springframework.beans.factory.support.DefaultListableBeanFactory - Creating shared instance of singleton bean 'enrollment2'
18:50:54.882 [main] DEBUG org.springframework.beans.factory.support.DefaultListableBeanFactory - Creating instance of bean 'enrollment2'
18:50:54.882 [main] DEBUG org.springframework.beans.factory.support.DefaultListableBeanFactory - Eagerly caching bean 'enrollment2' to allow for resolving potential circular references
18:50:54.882 [main] DEBUG org.springframework.beans.factory.support.DefaultListableBeanFactory - Returning cached instance of singleton bean 'programmingFoundation_newcastle_term1_2012'
18:50:54.882 [main] DEBUG org.springframework.beans.factory.support.DefaultListableBeanFactory - Returning cached instance of singleton bean 'student'
18:50:54.882 [main] DEBUG org.springframework.beans.factory.support.DefaultListableBeanFactory - Returning cached instance of singleton bean 'org.springframework.transaction.config.internalTransactionAdvisor'
18:50:54.882 [main] DEBUG org.springframework.beans.factory.support.DefaultListableBeanFactory - Finished creating instance of bean 'enrollment2'
18:50:54.882 [main] DEBUG org.springframework.beans.factory.support.DefaultListableBeanFactory - Creating shared instance of singleton bean 'dataSource'
18:50:54.882 [main] DEBUG org.springframework.beans.factory.support.DefaultListableBeanFactory - Creating instance of bean 'dataSource'
18:50:54.882 [main] DEBUG org.springframework.beans.factory.support.DefaultListableBeanFactory - Eagerly caching bean 'dataSource' to allow for resolving potential circular references
18:50:54.883 [main] INFO org.springframework.jdbc.datasource.DriverManagerDataSource - Loaded JDBC driver: com.mysql.jdbc.Driver
18:50:54.884 [main] DEBUG org.springframework.beans.factory.support.DefaultListableBeanFactory - Returning cached instance of singleton bean 'org.springframework.transaction.config.internalTransactionAdvisor'
18:50:54.884 [main] DEBUG org.springframework.beans.factory.support.DefaultListableBeanFactory - Finished creating instance of bean 'dataSource'
18:50:54.884 [main] DEBUG org.springframework.beans.factory.support.DefaultListableBeanFactory - Creating shared instance of singleton bean 'sessionFactory'
18:50:54.884 [main] DEBUG org.springframework.beans.factory.support.DefaultListableBeanFactory - Creating instance of bean 'sessionFactory'
18:50:54.884 [main] DEBUG org.springframework.beans.factory.support.DefaultListableBeanFactory - Eagerly caching bean 'sessionFactory' to allow for resolving potential circular references
18:50:54.887 [main] DEBUG org.springframework.beans.factory.support.DefaultListableBeanFactory - Returning cached instance of singleton bean 'dataSource'
18:50:54.888 [main] DEBUG org.springframework.beans.factory.support.DefaultListableBeanFactory - Invoking afterPropertiesSet() on bean with name 'sessionFactory'
18:50:54.888 [main] DEBUG org.hibernate.type.BasicTypeRegistry - Adding type registration boolean -> org.hibernate.type.BooleanType@74fe5c40
18:50:54.888 [main] DEBUG org.hibernate.type.BasicTypeRegistry - Adding type registration boolean -> org.hibernate.type.BooleanType@74fe5c40
18:50:54.888 [main] DEBUG org.hibernate.type.BasicTypeRegistry - Adding type registration java.lang.Boolean -> org.hibernate.type.BooleanType@74fe5c40
18:50:54.888 [main] DEBUG org.hibernate.type.BasicTypeRegistry - Adding type registration numeric_boolean -> org.hibernate.type.NumericBooleanType@77847718
18:50:54.889 [main] DEBUG org.hibernate.type.BasicTypeRegistry - Adding type registration true_false -> org.hibernate.type.TrueFalseType@c8c12ac
18:50:54.889 [main] DEBUG org.hibernate.type.BasicTypeRegistry - Adding type registration yes_no -> org.hibernate.type.YesNoType@4ec4f3a0
18:50:54.889 [main] DEBUG org.hibernate.type.BasicTypeRegistry - Adding type registration byte -> org.hibernate.type.ByteType@59662a0b
18:50:54.889 [main] DEBUG org.hibernate.type.BasicTypeRegistry - Adding type registration byte -> org.hibernate.type.ByteType@59662a0b
18:50:54.889 [main] DEBUG org.hibernate.type.BasicTypeRegistry - Adding type registration java.lang.Byte -> org.hibernate.type.ByteType@59662a0b
18:50:54.889 [main] DEBUG org.hibernate.type.BasicTypeRegistry - Adding type registration character -> org.hibernate.type.CharacterType@5b8dfcc1
18:50:54.889 [main] DEBUG org.hibernate.type.BasicTypeRegistry - Adding type registration char -> org.hibernate.type.CharacterType@5b8dfcc1
18:50:54.889 [main] DEBUG org.hibernate.type.BasicTypeRegistry - Adding type registration java.lang.Character -> org.hibernate.type.CharacterType@5b8dfcc1
18:50:54.889 [main] DEBUG org.hibernate.type.BasicTypeRegistry - Adding type registration short -> org.hibernate.type.ShortType@6cf0e0ba
18:50:54.889 [main] DEBUG org.hibernate.type.BasicTypeRegistry - Adding type registration short -> org.hibernate.type.ShortType@6cf0e0ba
18:50:54.889 [main] DEBUG org.hibernate.type.BasicTypeRegistry - Adding type registration java.lang.Short -> org.hibernate.type.ShortType@6cf0e0ba
18:50:54.889 [main] DEBUG org.hibernate.type.BasicTypeRegistry - Adding type registration integer -> org.hibernate.type.IntegerType@6aeb35e6
18:50:54.889 [main] DEBUG org.hibernate.type.BasicTypeRegistry - Adding type registration int -> org.hibernate.type.IntegerType@6aeb35e6
18:50:54.889 [main] DEBUG org.hibernate.type.BasicTypeRegistry - Adding type registration java.lang.Integer -> org.hibernate.type.IntegerType@6aeb35e6
18:50:54.889 [main] DEBUG org.hibernate.type.BasicTypeRegistry - Adding type registration long -> org.hibernate.type.LongType@38d8f54a
18:50:54.889 [main] DEBUG org.hibernate.type.BasicTypeRegistry - Adding type registration long -> org.hibernate.type.LongType@38d8f54a
18:50:54.889 [main] DEBUG org.hibernate.type.BasicTypeRegistry - Adding type registration java.lang.Long -> org.hibernate.type.LongType@38d8f54a
18:50:54.889 [main] DEBUG org.hibernate.type.BasicTypeRegistry - Adding type registration float -> org.hibernate.type.FloatType@4c371370
18:50:54.889 [main] DEBUG org.hibernate.type.BasicTypeRegistry - Adding type registration float -> org.hibernate.type.FloatType@4c371370
18:50:54.889 [main] DEBUG org.hibernate.type.BasicTypeRegistry - Adding type registration java.lang.Float -> org.hibernate.type.FloatType@4c371370
18:50:54.889 [main] DEBUG org.hibernate.type.BasicTypeRegistry - Adding type registration double -> org.hibernate.type.DoubleType@6302bbb1
18:50:54.889 [main] DEBUG org.hibernate.type.BasicTypeRegistry - Adding type registration double -> org.hibernate.type.DoubleType@6302bbb1
18:50:54.889 [main] DEBUG org.hibernate.type.BasicTypeRegistry - Adding type registration java.lang.Double -> org.hibernate.type.DoubleType@6302bbb1
18:50:54.889 [main] DEBUG org.hibernate.type.BasicTypeRegistry - Adding type registration big_decimal -> org.hibernate.type.BigDecimalType@7c7b252e
18:50:54.889 [main] DEBUG org.hibernate.type.BasicTypeRegistry - Adding type registration java.math.BigDecimal -> org.hibernate.type.BigDecimalType@7c7b252e
18:50:54.889 [main] DEBUG org.hibernate.type.BasicTypeRegistry - Adding type registration big_integer -> org.hibernate.type.BigIntegerType@48f2bd5b
18:50:54.889 [main] DEBUG org.hibernate.type.BasicTypeRegistry - Adding type registration java.math.BigInteger -> org.hibernate.type.BigIntegerType@48f2bd5b
18:50:54.889 [main] DEBUG org.hibernate.type.BasicTypeRegistry - Adding type registration string -> org.hibernate.type.StringType@55141def
18:50:54.889 [main] DEBUG org.hibernate.type.BasicTypeRegistry - Adding type registration java.lang.String -> org.hibernate.type.StringType@55141def
18:50:54.889 [main] DEBUG org.hibernate.type.BasicTypeRegistry - Adding type registration url -> org.hibernate.type.UrlType@4218d6a3
18:50:54.889 [main] DEBUG org.hibernate.type.BasicTypeRegistry - Adding type registration java.net.URL -> org.hibernate.type.UrlType@4218d6a3
18:50:54.889 [main] DEBUG org.hibernate.type.BasicTypeRegistry - Adding type registration date -> org.hibernate.type.DateType@59474f18
18:50:54.889 [main] DEBUG org.hibernate.type.BasicTypeRegistry - Adding type registration java.sql.Date -> org.hibernate.type.DateType@59474f18
18:50:54.889 [main] DEBUG org.hibernate.type.BasicTypeRegistry - Adding type registration time -> org.hibernate.type.TimeType@397fbdb
18:50:54.889 [main] DEBUG org.hibernate.type.BasicTypeRegistry - Adding type registration java.sql.Time -> org.hibernate.type.TimeType@397fbdb
18:50:54.889 [main] DEBUG org.hibernate.type.BasicTypeRegistry - Adding type registration timestamp -> org.hibernate.type.TimestampType@74235045
18:50:54.889 [main] DEBUG org.hibernate.type.BasicTypeRegistry - Adding type registration java.sql.Timestamp -> org.hibernate.type.TimestampType@74235045
18:50:54.890 [main] DEBUG org.hibernate.type.BasicTypeRegistry - Adding type registration java.util.Date -> org.hibernate.type.TimestampType@74235045
18:50:54.890 [main] DEBUG org.hibernate.type.BasicTypeRegistry - Adding type registration dbtimestamp -> org.hibernate.type.DbTimestampType@30c15d8b
18:50:54.890 [main] DEBUG org.hibernate.type.BasicTypeRegistry - Adding type registration calendar -> org.hibernate.type.CalendarType@411f53a0
18:50:54.890 [main] DEBUG org.hibernate.type.BasicTypeRegistry - Adding type registration java.util.Calendar -> org.hibernate.type.CalendarType@411f53a0
18:50:54.890 [main] DEBUG org.hibernate.type.BasicTypeRegistry - Adding type registration java.util.GregorianCalendar -> org.hibernate.type.CalendarType@411f53a0
18:50:54.890 [main] DEBUG org.hibernate.type.BasicTypeRegistry - Adding type registration calendar_date -> org.hibernate.type.CalendarDateType@28701274
18:50:54.890 [main] DEBUG org.hibernate.type.BasicTypeRegistry - Adding type registration locale -> org.hibernate.type.LocaleType@175c2241
18:50:54.890 [main] DEBUG org.hibernate.type.BasicTypeRegistry - Adding type registration java.util.Locale -> org.hibernate.type.LocaleType@175c2241
18:50:54.890 [main] DEBUG org.hibernate.type.BasicTypeRegistry - Adding type registration currency -> org.hibernate.type.CurrencyType@7c7a06ec
18:50:54.890 [main] DEBUG org.hibernate.type.BasicTypeRegistry - Adding type registration java.util.Currency -> org.hibernate.type.CurrencyType@7c7a06ec
18:50:54.890 [main] DEBUG org.hibernate.type.BasicTypeRegistry - Adding type registration timezone -> org.hibernate.type.TimeZoneType@3c46e67a
18:50:54.890 [main] DEBUG org.hibernate.type.BasicTypeRegistry - Adding type registration java.util.TimeZone -> org.hibernate.type.TimeZoneType@3c46e67a
18:50:54.890 [main] DEBUG org.hibernate.type.BasicTypeRegistry - Adding type registration class -> org.hibernate.type.ClassType@36ebc363
18:50:54.890 [main] DEBUG org.hibernate.type.BasicTypeRegistry - Adding type registration java.lang.Class -> org.hibernate.type.ClassType@36ebc363
18:50:54.890 [main] DEBUG org.hibernate.type.BasicTypeRegistry - Adding type registration uuid-binary -> org.hibernate.type.UUIDBinaryType@40a4337a
18:50:54.890 [main] DEBUG org.hibernate.type.BasicTypeRegistry - Adding type registration java.util.UUID -> org.hibernate.type.UUIDBinaryType@40a4337a
18:50:54.890 [main] DEBUG org.hibernate.type.BasicTypeRegistry - Adding type registration uuid-char -> org.hibernate.type.UUIDCharType@2d1ef81a
18:50:54.890 [main] DEBUG org.hibernate.type.BasicTypeRegistry - Adding type registration pg-uuid -> org.hibernate.type.PostgresUUIDType@4c12331b
18:50:54.890 [main] DEBUG org.hibernate.type.BasicTypeRegistry - Adding type registration binary -> org.hibernate.type.BinaryType@1573f9fc
18:50:54.890 [main] DEBUG org.hibernate.type.BasicTypeRegistry - Adding type registration byte[] -> org.hibernate.type.BinaryType@1573f9fc
18:50:54.890 [main] DEBUG org.hibernate.type.BasicTypeRegistry - Adding type registration [B -> org.hibernate.type.BinaryType@1573f9fc
18:50:54.890 [main] DEBUG org.hibernate.type.BasicTypeRegistry - Adding type registration wrapper-binary -> org.hibernate.type.WrapperBinaryType@6a78afa0
18:50:54.890 [main] DEBUG org.hibernate.type.BasicTypeRegistry - Adding type registration Byte[] -> org.hibernate.type.WrapperBinaryType@6a78afa0
18:50:54.890 [main] DEBUG org.hibernate.type.BasicTypeRegistry - Adding type registration [Ljava.lang.Byte; -> org.hibernate.type.WrapperBinaryType@6a78afa0
18:50:54.890 [main] DEBUG org.hibernate.type.BasicTypeRegistry - Adding type registration image -> org.hibernate.type.ImageType@5aa9e4eb
18:50:54.890 [main] DEBUG org.hibernate.type.BasicTypeRegistry - Adding type registration characters -> org.hibernate.type.CharArrayType@217ed35e
18:50:54.890 [main] DEBUG org.hibernate.type.BasicTypeRegistry - Adding type registration char[] -> org.hibernate.type.CharArrayType@217ed35e
18:50:54.890 [main] DEBUG org.hibernate.type.BasicTypeRegistry - Adding type registration [C -> org.hibernate.type.CharArrayType@217ed35e
18:50:54.890 [main] DEBUG org.hibernate.type.BasicTypeRegistry - Adding type registration wrapper-characters -> org.hibernate.type.CharacterArrayType@6743e411
18:50:54.890 [main] DEBUG org.hibernate.type.BasicTypeRegistry - Adding type registration [Ljava.lang.Character; -> org.hibernate.type.CharacterArrayType@6743e411
18:50:54.890 [main] DEBUG org.hibernate.type.BasicTypeRegistry - Adding type registration Character[] -> org.hibernate.type.CharacterArrayType@6743e411
18:50:54.890 [main] DEBUG org.hibernate.type.BasicTypeRegistry - Adding type registration text -> org.hibernate.type.TextType@233795b6
18:50:54.890 [main] DEBUG org.hibernate.type.BasicTypeRegistry - Adding type registration blob -> org.hibernate.type.BlobType@4e08711f
18:50:54.890 [main] DEBUG org.hibernate.type.BasicTypeRegistry - Adding type registration java.sql.Blob -> org.hibernate.type.BlobType@4e08711f
18:50:54.890 [main] DEBUG org.hibernate.type.BasicTypeRegistry - Adding type registration materialized_blob -> org.hibernate.type.MaterializedBlobType@302552ec
18:50:54.890 [main] DEBUG org.hibernate.type.BasicTypeRegistry - Adding type registration clob -> org.hibernate.type.ClobType@45c7e403
18:50:54.890 [main] DEBUG org.hibernate.type.BasicTypeRegistry - Adding type registration java.sql.Clob -> org.hibernate.type.ClobType@45c7e403
18:50:54.891 [main] DEBUG org.hibernate.type.BasicTypeRegistry - Adding type registration materialized_clob -> org.hibernate.type.MaterializedClobType@1ff4931d
18:50:54.891 [main] DEBUG org.hibernate.type.BasicTypeRegistry - Adding type registration serializable -> org.hibernate.type.SerializableType@7817fd62
18:50:54.891 [main] DEBUG org.hibernate.type.BasicTypeRegistry - Adding type registration object -> org.hibernate.type.ObjectType@7d20d0b
18:50:54.891 [main] DEBUG org.hibernate.type.BasicTypeRegistry - Adding type registration java.lang.Object -> org.hibernate.type.ObjectType@7d20d0b
18:50:54.891 [main] DEBUG org.hibernate.type.BasicTypeRegistry - Adding type registration imm_date -> org.hibernate.type.AdaptedImmutableType@76ececd
18:50:54.891 [main] DEBUG org.hibernate.type.BasicTypeRegistry - Adding type registration imm_time -> org.hibernate.type.AdaptedImmutableType@7affc159
18:50:54.891 [main] DEBUG org.hibernate.type.BasicTypeRegistry - Adding type registration imm_timestamp -> org.hibernate.type.AdaptedImmutableType@1682c08c
18:50:54.891 [main] DEBUG org.hibernate.type.BasicTypeRegistry - Adding type registration imm_dbtimestamp -> org.hibernate.type.AdaptedImmutableType@3fd05b3e
18:50:54.891 [main] DEBUG org.hibernate.type.BasicTypeRegistry - Adding type registration imm_calendar -> org.hibernate.type.AdaptedImmutableType@4eb9f2af
18:50:54.891 [main] DEBUG org.hibernate.type.BasicTypeRegistry - Adding type registration imm_calendar_date -> org.hibernate.type.AdaptedImmutableType@4a481728
18:50:54.891 [main] DEBUG org.hibernate.type.BasicTypeRegistry - Adding type registration imm_binary -> org.hibernate.type.AdaptedImmutableType@4ace284d
18:50:54.891 [main] DEBUG org.hibernate.type.BasicTypeRegistry - Adding type registration imm_serializable -> org.hibernate.type.AdaptedImmutableType@77fa9381
18:50:54.891 [main] DEBUG org.hibernate.id.factory.internal.DefaultIdentifierGeneratorFactory - Registering IdentifierGenerator strategy [uuid2] -> [org.hibernate.id.UUIDGenerator]
18:50:54.891 [main] DEBUG org.hibernate.id.factory.internal.DefaultIdentifierGeneratorFactory - Registering IdentifierGenerator strategy [guid] -> [org.hibernate.id.GUIDGenerator]
18:50:54.891 [main] DEBUG org.hibernate.id.factory.internal.DefaultIdentifierGeneratorFactory - Registering IdentifierGenerator strategy [uuid] -> [org.hibernate.id.UUIDHexGenerator]
18:50:54.891 [main] DEBUG org.hibernate.id.factory.internal.DefaultIdentifierGeneratorFactory - Registering IdentifierGenerator strategy [uuid.hex] -> [org.hibernate.id.UUIDHexGenerator]
18:50:54.891 [main] DEBUG org.hibernate.id.factory.internal.DefaultIdentifierGeneratorFactory - Registering IdentifierGenerator strategy [hilo] -> [org.hibernate.id.TableHiLoGenerator]
18:50:54.891 [main] DEBUG org.hibernate.id.factory.internal.DefaultIdentifierGeneratorFactory - Registering IdentifierGenerator strategy [assigned] -> [org.hibernate.id.Assigned]
18:50:54.891 [main] DEBUG org.hibernate.id.factory.internal.DefaultIdentifierGeneratorFactory - Registering IdentifierGenerator strategy [identity] -> [org.hibernate.id.IdentityGenerator]
18:50:54.891 [main] DEBUG org.hibernate.id.factory.internal.DefaultIdentifierGeneratorFactory - Registering IdentifierGenerator strategy [select] -> [org.hibernate.id.SelectGenerator]
18:50:54.891 [main] DEBUG org.hibernate.id.factory.internal.DefaultIdentifierGeneratorFactory - Registering IdentifierGenerator strategy [sequence] -> [org.hibernate.id.SequenceGenerator]
18:50:54.891 [main] DEBUG org.hibernate.id.factory.internal.DefaultIdentifierGeneratorFactory - Registering IdentifierGenerator strategy [seqhilo] -> [org.hibernate.id.SequenceHiLoGenerator]
18:50:54.891 [main] DEBUG org.hibernate.id.factory.internal.DefaultIdentifierGeneratorFactory - Registering IdentifierGenerator strategy [increment] -> [org.hibernate.id.IncrementGenerator]
18:50:54.891 [main] DEBUG org.hibernate.id.factory.internal.DefaultIdentifierGeneratorFactory - Registering IdentifierGenerator strategy [foreign] -> [org.hibernate.id.ForeignGenerator]
18:50:54.891 [main] DEBUG org.hibernate.id.factory.internal.DefaultIdentifierGeneratorFactory - Registering IdentifierGenerator strategy [sequence-identity] -> [org.hibernate.id.SequenceIdentityGenerator]
18:50:54.891 [main] DEBUG org.hibernate.id.factory.internal.DefaultIdentifierGeneratorFactory - Registering IdentifierGenerator strategy [enhanced-sequence] -> [org.hibernate.id.enhanced.SequenceStyleGenerator]
18:50:54.891 [main] DEBUG org.hibernate.id.factory.internal.DefaultIdentifierGeneratorFactory - Registering IdentifierGenerator strategy [enhanced-table] -> [org.hibernate.id.enhanced.TableGenerator]
18:50:54.894 [main] DEBUG org.hibernate.internal.util.xml.DTDEntityResolver - Trying to resolve system-id [http://www.hibernate.org/dtd/hibernate-mapping-3.0.dtd]
18:50:54.894 [main] DEBUG org.hibernate.internal.util.xml.DTDEntityResolver - Recognized hibernate namespace; attempting to resolve on classpath under org/hibernate/
18:50:54.894 [main] DEBUG org.hibernate.internal.util.xml.DTDEntityResolver - Located [http://www.hibernate.org/dtd/hibernate-mapping-3.0.dtd] in classpath
18:50:54.904 [main] DEBUG org.hibernate.integrator.internal.IntegratorServiceImpl - Adding Integrator [org.hibernate.cfg.beanvalidation.BeanValidationIntegrator].
18:50:54.905 [main] DEBUG org.hibernate.cfg.Configuration - Preparing to build session factory with filters : {}
18:50:54.905 [main] DEBUG org.hibernate.cfg.Configuration - Processing hbm.xml files
18:50:54.905 [main] DEBUG org.hibernate.cfg.HbmBinder - Mapping class: com.jstudyplanner.domain.Campus -> campus
18:50:54.905 [main] DEBUG org.hibernate.cfg.HbmBinder - Mapped property: id -> id
18:50:54.905 [main] DEBUG org.hibernate.cfg.HbmBinder - Mapped property: code -> code
18:50:54.905 [main] DEBUG org.hibernate.cfg.HbmBinder - Mapped property: title -> title
18:50:54.905 [main] DEBUG org.hibernate.cfg.HbmBinder - Mapped property: enabled -> enabled
18:50:54.905 [main] DEBUG org.hibernate.cfg.HbmBinder - Mapped property: address -> address
18:50:54.905 [main] DEBUG org.hibernate.cfg.HbmBinder - Mapped property: phone -> phone
18:50:54.906 [main] DEBUG org.hibernate.cfg.HbmBinder - Mapped property: description -> description
18:50:54.906 [main] DEBUG org.hibernate.cfg.HbmBinder - Mapping class: com.jstudyplanner.domain.Course -> course
18:50:54.906 [main] DEBUG org.hibernate.cfg.HbmBinder - Mapped property: id -> id
18:50:54.906 [main] DEBUG org.hibernate.cfg.HbmBinder - Mapped property: code -> code
18:50:54.906 [main] DEBUG org.hibernate.cfg.HbmBinder - Mapped property: title -> title
18:50:54.906 [main] DEBUG org.hibernate.cfg.HbmBinder - Mapped property: enabled -> enabled
18:50:54.906 [main] DEBUG org.hibernate.cfg.HbmBinder - Mapped property: description -> description
18:50:54.906 [main] DEBUG org.hibernate.cfg.HbmBinder - Mapping collection: com.jstudyplanner.domain.Course.prerequisites -> prerequisite
18:50:54.906 [main] DEBUG org.hibernate.cfg.HbmBinder - Mapped property: prerequisites
18:50:54.906 [main] DEBUG org.hibernate.cfg.HbmBinder - Mapping class: com.jstudyplanner.domain.Major -> major
18:50:54.906 [main] DEBUG org.hibernate.cfg.HbmBinder - Mapped property: id -> id
18:50:54.906 [main] DEBUG org.hibernate.cfg.HbmBinder - Mapped property: code -> code
18:50:54.906 [main] DEBUG org.hibernate.cfg.HbmBinder - Mapped property: title -> title
18:50:54.906 [main] DEBUG org.hibernate.cfg.HbmBinder - Mapped property: enabled -> enabled
18:50:54.906 [main] DEBUG org.hibernate.cfg.HbmBinder - Mapped property: description -> description
18:50:54.906 [main] DEBUG org.hibernate.cfg.HbmBinder - Mapped property: program -> program_fk
18:50:54.907 [main] DEBUG org.hibernate.cfg.HbmBinder - Mapping collection: com.jstudyplanner.domain.Major.compulsoryCourses -> major_compulsory_courses
18:50:54.907 [main] DEBUG org.hibernate.cfg.HbmBinder - Mapped property: compulsoryCourses
18:50:54.907 [main] DEBUG org.hibernate.cfg.HbmBinder - Mapping class: com.jstudyplanner.domain.Program -> program
18:50:54.907 [main] DEBUG org.hibernate.cfg.HbmBinder - Mapped property: id -> id
18:50:54.907 [main] DEBUG org.hibernate.cfg.HbmBinder - Mapped property: code -> code
18:50:54.907 [main] DEBUG org.hibernate.cfg.HbmBinder - Mapped property: title -> title
18:50:54.907 [main] DEBUG org.hibernate.cfg.HbmBinder - Mapped property: enabled -> enabled
18:50:54.907 [main] DEBUG org.hibernate.cfg.HbmBinder - Mapped property: description -> description
18:50:54.907 [main] DEBUG org.hibernate.cfg.HbmBinder - Mapped property: career -> career
18:50:54.907 [main] DEBUG org.hibernate.cfg.HbmBinder - Mapped property: numberOfCourses -> number_of_courses
18:50:54.907 [main] DEBUG org.hibernate.cfg.HbmBinder - Mapping collection: com.jstudyplanner.domain.Program.coreCourses -> program_core_courses
18:50:54.907 [main] DEBUG org.hibernate.cfg.HbmBinder - Mapped property: coreCourses
18:50:54.907 [main] DEBUG org.hibernate.cfg.HbmBinder - Mapping collection: com.jstudyplanner.domain.Program.electiveCourses -> program_elective_courses
18:50:54.907 [main] DEBUG org.hibernate.cfg.HbmBinder - Mapped property: electiveCourses
18:50:54.907 [main] DEBUG org.hibernate.cfg.HbmBinder - Mapping class: com.jstudyplanner.domain.Term -> term
18:50:54.907 [main] DEBUG org.hibernate.cfg.HbmBinder - Mapped property: id -> id
18:50:54.907 [main] DEBUG org.hibernate.cfg.HbmBinder - Mapped property: year -> year
18:50:54.908 [main] DEBUG org.hibernate.cfg.HbmBinder - Mapped property: number -> number
18:50:54.908 [main] DEBUG org.hibernate.cfg.HbmBinder - Mapped property: startDate -> start_date
18:50:54.908 [main] DEBUG org.hibernate.cfg.HbmBinder - Mapped property: finishDate -> finish_date
18:50:54.908 [main] DEBUG org.hibernate.cfg.HbmBinder - Mapped property: enabled -> enabled
18:50:54.908 [main] DEBUG org.hibernate.cfg.HbmBinder - Mapping class: com.jstudyplanner.domain.CourseAvailability -> course_availability
18:50:54.908 [main] DEBUG org.hibernate.cfg.HbmBinder - Mapped property: id -> id
18:50:54.908 [main] DEBUG org.hibernate.cfg.HbmBinder - Mapped property: term -> term_fk
18:50:54.908 [main] DEBUG org.hibernate.cfg.HbmBinder - Mapped property: course -> course_fk
18:50:54.908 [main] DEBUG org.hibernate.cfg.HbmBinder - Mapped property: campus -> campus_fk
18:50:54.908 [main] DEBUG org.hibernate.cfg.HbmBinder - Mapped property: enabled -> enabled
18:50:54.908 [main] DEBUG org.hibernate.cfg.HbmBinder - Mapping class: com.jstudyplanner.domain.Enrollment -> enrollment
18:50:54.908 [main] DEBUG org.hibernate.cfg.HbmBinder - Mapped property: id -> id
18:50:54.908 [main] DEBUG org.hibernate.cfg.HbmBinder - Mapped property: courseAvailability -> ca_fk
18:50:54.908 [main] DEBUG org.hibernate.cfg.HbmBinder - Mapped property: student -> user_fk
18:50:54.908 [main] DEBUG org.hibernate.cfg.HbmBinder - Mapped property: status -> status
18:50:54.908 [main] DEBUG org.hibernate.cfg.HbmBinder - Mapping class: com.jstudyplanner.domain.User -> user
18:50:54.909 [main] DEBUG org.hibernate.cfg.HbmBinder - Mapped property: id -> id
18:50:54.909 [main] DEBUG org.hibernate.cfg.HbmBinder - Mapped property: utype -> utype
18:50:54.909 [main] DEBUG org.hibernate.cfg.HbmBinder - Mapped property: email -> email
18:50:54.909 [main] DEBUG org.hibernate.cfg.HbmBinder - Mapped property: username -> username
18:50:54.909 [main] DEBUG org.hibernate.cfg.HbmBinder - Mapped property: password -> password
18:50:54.909 [main] DEBUG org.hibernate.cfg.HbmBinder - Mapped property: enabled -> enabled
18:50:54.909 [main] DEBUG org.hibernate.cfg.HbmBinder - Mapped property: firstName -> first_name
18:50:54.909 [main] DEBUG org.hibernate.cfg.HbmBinder - Mapped property: lastName -> last_name
18:50:54.909 [main] DEBUG org.hibernate.cfg.HbmBinder - Mapped property: phone -> phone
18:50:54.909 [main] DEBUG org.hibernate.cfg.HbmBinder - Mapping subclass: com.jstudyplanner.domain.Admin -> user
18:50:54.909 [main] DEBUG org.hibernate.cfg.HbmBinder - Mapping subclass: com.jstudyplanner.domain.Staff -> user
18:50:54.909 [main] DEBUG org.hibernate.cfg.HbmBinder - Mapping collection: com.jstudyplanner.domain.Staff.managedCampuses -> campus_management
18:50:54.909 [main] DEBUG org.hibernate.cfg.HbmBinder - Mapped property: managedCampuses
18:50:54.909 [main] DEBUG org.hibernate.cfg.HbmBinder - Mapping subclass: com.jstudyplanner.domain.Student -> user
18:50:54.909 [main] DEBUG org.hibernate.cfg.HbmBinder - Mapped property: type -> student_type
18:50:54.909 [main] DEBUG org.hibernate.cfg.HbmBinder - Mapped property: major -> major_id
18:50:54.910 [main] DEBUG org.hibernate.cfg.HbmBinder - Mapped property: campus -> campus_id
18:50:54.910 [main] DEBUG org.hibernate.cfg.Configuration - Process annotated classes
18:50:54.910 [main] DEBUG org.hibernate.cfg.Configuration - Processing fk mappings (*ToOne and JoinedSubclass)
18:50:54.910 [main] DEBUG org.hibernate.cfg.Configuration - Processing extends queue
18:50:54.910 [main] DEBUG org.hibernate.cfg.Configuration - Processing extends queue
18:50:54.910 [main] DEBUG org.hibernate.cfg.Configuration - Processing collection mappings
18:50:54.910 [main] DEBUG org.hibernate.cfg.CollectionSecondPass - Second pass for collection: com.jstudyplanner.domain.Course.prerequisites
18:50:54.910 [main] DEBUG org.hibernate.cfg.CollectionSecondPass - Mapped collection key: course, element: prerequisite
18:50:54.910 [main] DEBUG org.hibernate.cfg.CollectionSecondPass - Second pass for collection: com.jstudyplanner.domain.Major.compulsoryCourses
18:50:54.910 [main] DEBUG org.hibernate.cfg.CollectionSecondPass - Mapped collection key: major_fk, element: course_fk
18:50:54.910 [main] DEBUG org.hibernate.cfg.CollectionSecondPass - Second pass for collection: com.jstudyplanner.domain.Program.coreCourses
18:50:54.910 [main] DEBUG org.hibernate.cfg.CollectionSecondPass - Mapped collection key: program_fk, element: course_fk
18:50:54.910 [main] DEBUG org.hibernate.cfg.CollectionSecondPass - Second pass for collection: com.jstudyplanner.domain.Program.electiveCourses
18:50:54.910 [main] DEBUG org.hibernate.cfg.CollectionSecondPass - Mapped collection key: program_fk, element: course_fk
18:50:54.910 [main] DEBUG org.hibernate.cfg.CollectionSecondPass - Second pass for collection: com.jstudyplanner.domain.Staff.managedCampuses
18:50:54.910 [main] DEBUG org.hibernate.cfg.CollectionSecondPass - Mapped collection key: user_fk, element: campus_fk
18:50:54.910 [main] DEBUG org.hibernate.cfg.Configuration - Processing native query and ResultSetMapping mappings
18:50:54.910 [main] DEBUG org.hibernate.cfg.Configuration - Processing association property references
18:50:54.910 [main] DEBUG org.hibernate.cfg.Configuration - Processing foreign key constraints
18:50:54.910 [main] DEBUG org.hibernate.cfg.Configuration - Resolving reference to class: com.jstudyplanner.domain.Campus
18:50:54.910 [main] DEBUG org.hibernate.cfg.Configuration - Resolving reference to class: com.jstudyplanner.domain.Staff
18:50:54.910 [main] DEBUG org.hibernate.cfg.Configuration - Resolving reference to class: com.jstudyplanner.domain.Campus
18:50:54.911 [main] DEBUG org.hibernate.cfg.Configuration - Resolving reference to class: com.jstudyplanner.domain.Course
18:50:54.911 [main] DEBUG org.hibernate.cfg.Configuration - Resolving reference to class: com.jstudyplanner.domain.Term
18:50:54.911 [main] DEBUG org.hibernate.cfg.Configuration - Resolving reference to class: com.jstudyplanner.domain.Student
18:50:54.911 [main] DEBUG org.hibernate.cfg.Configuration - Resolving reference to class: com.jstudyplanner.domain.CourseAvailability
18:50:54.911 [main] DEBUG org.hibernate.cfg.Configuration - Resolving reference to class: com.jstudyplanner.domain.Program
18:50:54.911 [main] DEBUG org.hibernate.cfg.Configuration - Resolving reference to class: com.jstudyplanner.domain.Major
18:50:54.911 [main] DEBUG org.hibernate.cfg.Configuration - Resolving reference to class: com.jstudyplanner.domain.Course
18:50:54.911 [main] DEBUG org.hibernate.cfg.Configuration - Resolving reference to class: com.jstudyplanner.domain.Course
18:50:54.911 [main] DEBUG org.hibernate.cfg.Configuration - Resolving reference to class: com.jstudyplanner.domain.Course
18:50:54.911 [main] DEBUG org.hibernate.cfg.Configuration - Resolving reference to class: com.jstudyplanner.domain.Program
18:50:54.911 [main] DEBUG org.hibernate.cfg.Configuration - Resolving reference to class: com.jstudyplanner.domain.Course
18:50:54.911 [main] DEBUG org.hibernate.cfg.Configuration - Resolving reference to class: com.jstudyplanner.domain.Program
18:50:54.911 [main] DEBUG org.hibernate.cfg.Configuration - Resolving reference to class: com.jstudyplanner.domain.Course
18:50:54.911 [main] DEBUG org.hibernate.cfg.Configuration - Resolving reference to class: com.jstudyplanner.domain.Major
18:50:54.911 [main] DEBUG org.hibernate.cfg.Configuration - Resolving reference to class: com.jstudyplanner.domain.Campus
18:50:54.912 [main] DEBUG org.springframework.jdbc.datasource.DriverManagerDataSource - Creating new JDBC DriverManager Connection to [jdbc:mysql://localhost:3307/jstudyplanner]
18:50:54.914 [main] WARN org.hibernate.engine.jdbc.internal.JdbcServicesImpl - HHH000342: Could not obtain connection to query metadata : Communications link failure

The last packet sent successfully to the server was 0 milliseconds ago. The driver has not received any packets from the server.
18:50:54.915 [main] INFO org.hibernate.dialect.Dialect - HHH000400: Using dialect: org.hibernate.dialect.MySQLDialect
18:50:54.915 [main] INFO org.hibernate.engine.jdbc.internal.LobCreatorBuilder - HHH000422: Disabling contextual LOB creation as connection was null
18:50:54.915 [main] DEBUG org.hibernate.cfg.SettingsFactory - Automatic flush during beforeCompletion(): disabled
18:50:54.915 [main] DEBUG org.hibernate.cfg.SettingsFactory - Automatic session close at end of transaction: disabled
18:50:54.915 [main] DEBUG org.hibernate.cfg.SettingsFactory - Scrollable result sets: disabled
18:50:54.915 [main] DEBUG org.hibernate.cfg.SettingsFactory - Wrap result sets: disabled
18:50:54.915 [main] DEBUG org.hibernate.cfg.SettingsFactory - JDBC3 getGeneratedKeys(): disabled
18:50:54.915 [main] DEBUG org.hibernate.cfg.SettingsFactory - multi-tenancy strategy : NONE
18:50:54.915 [main] DEBUG org.hibernate.cfg.SettingsFactory - Connection release mode: auto
18:50:54.915 [main] INFO org.hibernate.engine.transaction.internal.TransactionFactoryInitiator - HHH000399: Using default transaction strategy (direct JDBC transactions)
18:50:54.915 [main] DEBUG org.hibernate.cfg.SettingsFactory - Maximum outer join fetch depth: 2
18:50:54.915 [main] DEBUG org.hibernate.cfg.SettingsFactory - Default batch fetch size: 1
18:50:54.915 [main] DEBUG org.hibernate.cfg.SettingsFactory - Generate SQL with comments: disabled
18:50:54.915 [main] DEBUG org.hibernate.cfg.SettingsFactory - Order SQL updates by primary key: disabled
18:50:54.916 [main] DEBUG org.hibernate.cfg.SettingsFactory - Order SQL inserts for batching: disabled
18:50:54.916 [main] DEBUG org.hibernate.cfg.SettingsFactory - Query translator: org.hibernate.hql.internal.ast.ASTQueryTranslatorFactory
18:50:54.916 [main] INFO org.hibernate.hql.internal.ast.ASTQueryTranslatorFactory - HHH000397: Using ASTQueryTranslatorFactory
18:50:54.916 [main] DEBUG org.hibernate.cfg.SettingsFactory - Query language substitutions: {}
18:50:54.916 [main] DEBUG org.hibernate.cfg.SettingsFactory - JPA-QL strict compliance: disabled
18:50:54.916 [main] DEBUG org.hibernate.cfg.SettingsFactory - Second-level cache: enabled
18:50:54.916 [main] DEBUG org.hibernate.cfg.SettingsFactory - Query cache: disabled
18:50:54.916 [main] DEBUG org.hibernate.cfg.SettingsFactory - Cache region factory : org.hibernate.cache.internal.NoCachingRegionFactory
18:50:54.916 [main] DEBUG org.hibernate.cfg.SettingsFactory - org.hibernate.cache.internal.NoCachingRegionFactory did not provide constructor accepting java.util.Properties; attempting no-arg constructor.
18:50:54.916 [main] DEBUG org.hibernate.cfg.SettingsFactory - Optimize cache for minimal puts: disabled
18:50:54.916 [main] DEBUG org.hibernate.cfg.SettingsFactory - Structured second-level cache entries: disabled
18:50:54.916 [main] DEBUG org.hibernate.cfg.SettingsFactory - Statistics: disabled
18:50:54.916 [main] DEBUG org.hibernate.cfg.SettingsFactory - Deleted entity synthetic identifier rollback: disabled
18:50:54.916 [main] DEBUG org.hibernate.cfg.SettingsFactory - Default entity-mode: pojo
18:50:54.916 [main] DEBUG org.hibernate.cfg.SettingsFactory - Named query checking : enabled
18:50:54.916 [main] DEBUG org.hibernate.cfg.SettingsFactory - Check Nullability in Core (should be disabled when Bean Validation is on): enabled
18:50:54.916 [main] DEBUG org.hibernate.internal.SessionFactoryImpl - Building session factory
18:50:54.917 [main] DEBUG org.hibernate.internal.SessionFactoryImpl - Session factory constructed with filter configurations : {}
18:50:54.917 [main] DEBUG org.hibernate.internal.SessionFactoryImpl - Instantiating session factory with properties: {java.runtime.name=Java(TM) SE Runtime Environment, sun.boot.library.path=/Library/Java/JavaVirtualMachines/jdk1.8.0_151.jdk/Contents/Home/jre/lib, java.vm.version=25.151-b12, user.country.format=IN, gopherProxySet=false, java.vm.vendor=Oracle Corporation, java.vendor.url=http://java.oracle.com/, path.separator=:, java.vm.name=Java HotSpot(TM) 64-Bit Server VM, file.encoding.pkg=sun.io, user.country=US, sun.java.launcher=SUN_STANDARD, sun.os.patch.level=unknown, java.vm.specification.name=Java Virtual Machine Specification, user.dir=/Users/661225/workspace-sts-3.9.1.RELEASE/StudyPlanner, java.runtime.version=1.8.0_151-b12, java.awt.graphicsenv=sun.awt.CGraphicsEnvironment, basedir=/Users/661225/workspace-sts-3.9.1.RELEASE/StudyPlanner, hibernate.current_session_context_class=org.springframework.orm.hibernate4.SpringSessionContext, java.endorsed.dirs=/Library/Java/JavaVirtualMachines/jdk1.8.0_151.jdk/Contents/Home/jre/lib/endorsed, os.arch=x86_64, surefire.real.class.path=/Users/661225/workspace-sts-3.9.1.RELEASE/StudyPlanner/target/surefire/surefirebooter2200310865432160619.jar, java.io.tmpdir=/var/folders/g_/j5kbfdpj65lb_lqyz_fd19nnx_4p9d/T/, line.separator=
, java.vm.specification.vendor=Oracle Corporation, os.name=Mac OS X, sun.jnu.encoding=UTF-8, java.library.path=/Users/661225/Library/Java/Extensions:/Library/Java/Extensions:/Network/Library/Java/Extensions:/System/Library/Java/Extensions:/usr/lib/java:., hibernate.connection.datasource=org.springframework.jdbc.datasource.DriverManagerDataSource@479111ba, surefire.test.class.path=/Users/661225/workspace-sts-3.9.1.RELEASE/StudyPlanner/target/test-classes:/Users/661225/workspace-sts-3.9.1.RELEASE/StudyPlanner/target/classes:/Users/661225/.m2/repository/org/springframework/boot/spring-boot-starter-web/1.5.8.RELEASE/spring-boot-starter-web-1.5.8.RELEASE.jar:/Users/661225/.m2/repository/org/springframework/boot/spring-boot-starter/1.5.8.RELEASE/spring-boot-starter-1.5.8.RELEASE.jar:/Users/661225/.m2/repository/org/springframework/boot/spring-boot/1.5.8.RELEASE/spring-boot-1.5.8.RELEASE.jar:/Users/661225/.m2/repository/org/springframework/boot/spring-boot-autoconfigure/1.5.8.RELEASE/spring-boot-autoconfigure-1.5.8.RELEASE.jar:/Users/661225/.m2/repository/org/springframework/boot/spring-boot-starter-logging/1.5.8.RELEASE/spring-boot-starter-logging-1.5.8.RELEASE.jar:/Users/661225/.m2/repository/ch/qos/logback/logback-classic/1.1.11/logback-classic-1.1.11.jar:/Users/661225/.m2/repository/ch/qos/logback/logback-core/1.1.11/logback-core-1.1.11.jar:/Users/661225/.m2/repository/org/slf4j/jul-to-slf4j/1.7.25/jul-to-slf4j-1.7.25.jar:/Users/661225/.m2/repository/org/slf4j/log4j-over-slf4j/1.7.25/log4j-over-slf4j-1.7.25.jar:/Users/661225/.m2/repository/org/yaml/snakeyaml/1.17/snakeyaml-1.17.jar:/Users/661225/.m2/repository/org/hibernate/hibernate-validator/5.3.5.Final/hibernate-validator-5.3.5.Final.jar:/Users/661225/.m2/repository/javax/validation/validation-api/1.1.0.Final/validation-api-1.1.0.Final.jar:/Users/661225/.m2/repository/com/fasterxml/classmate/1.3.4/classmate-1.3.4.jar:/Users/661225/.m2/repository/com/fasterxml/jackson/core/jackson-databind/2.6.7/jackson-databind-2.6.7.jar:/Users/661225/.m2/repository/com/fasterxml/jackson/core/jackson-annotations/2.6.7/jackson-annotations-2.6.7.jar:/Users/661225/.m2/repository/com/fasterxml/jackson/core/jackson-core/2.6.7/jackson-core-2.6.7.jar:/Users/661225/.m2/repository/org/springframework/spring-web/4.3.12.RELEASE/spring-web-4.3.12.RELEASE.jar:/Users/661225/.m2/repository/org/springframework/boot/spring-boot-starter-tomcat/1.5.8.RELEASE/spring-boot-starter-tomcat-1.5.8.RELEASE.jar:/Users/661225/.m2/repository/org/apache/tomcat/embed/tomcat-embed-core/8.5.23/tomcat-embed-core-8.5.23.jar:/Users/661225/.m2/repository/org/apache/tomcat/tomcat-annotations-api/8.5.23/tomcat-annotations-api-8.5.23.jar:/Users/661225/.m2/repository/org/apache/tomcat/embed/tomcat-embed-el/8.5.23/tomcat-embed-el-8.5.23.jar:/Users/661225/.m2/repository/org/apache/tomcat/embed/tomcat-embed-websocket/8.5.23/tomcat-embed-websocket-8.5.23.jar:/Users/661225/.m2/repository/org/springframework/boot/spring-boot-starter-test/1.5.8.RELEASE/spring-boot-starter-test-1.5.8.RELEASE.jar:/Users/661225/.m2/repository/org/springframework/boot/spring-boot-test/1.5.8.RELEASE/spring-boot-test-1.5.8.RELEASE.jar:/Users/661225/.m2/repository/org/springframework/boot/spring-boot-test-autoconfigure/1.5.8.RELEASE/spring-boot-test-autoconfigure-1.5.8.RELEASE.jar:/Users/661225/.m2/repository/com/jayway/jsonpath/json-path/2.2.0/json-path-2.2.0.jar:/Users/661225/.m2/repository/net/minidev/json-smart/2.2.1/json-smart-2.2.1.jar:/Users/661225/.m2/repository/net/minidev/accessors-smart/1.1/accessors-smart-1.1.jar:/Users/661225/.m2/repository/org/ow2/asm/asm/5.0.3/asm-5.0.3.jar:/Users/661225/.m2/repository/org/assertj/assertj-core/2.6.0/assertj-core-2.6.0.jar:/Users/661225/.m2/repository/org/mockito/mockito-core/1.10.19/mockito-core-1.10.19.jar:/Users/661225/.m2/repository/org/objenesis/objenesis/2.1/objenesis-2.1.jar:/Users/661225/.m2/repository/org/hamcrest/hamcrest-core/1.3/hamcrest-core-1.3.jar:/Users/661225/.m2/repository/org/hamcrest/hamcrest-library/1.3/hamcrest-library-1.3.jar:/Users/661225/.m2/repository/org/skyscreamer/jsonassert/1.4.0/jsonassert-1.4.0.jar:/Users/661225/.m2/repository/com/vaadin/external/google/android-json/0.0.20131108.vaadin1/android-json-0.0.20131108.vaadin1.jar:/Users/661225/.m2/repository/org/springframework/spring-core/4.3.12.RELEASE/spring-core-4.3.12.RELEASE.jar:/Users/661225/.m2/repository/org/springframework/spring-test/4.3.12.RELEASE/spring-test-4.3.12.RELEASE.jar:/Users/661225/.m2/repository/org/springframework/spring-context/4.3.12.RELEASE/spring-context-4.3.12.RELEASE.jar:/Users/661225/.m2/repository/org/springframework/spring-beans/4.3.12.RELEASE/spring-beans-4.3.12.RELEASE.jar:/Users/661225/.m2/repository/org/springframework/spring-webmvc/4.3.12.RELEASE/spring-webmvc-4.3.12.RELEASE.jar:/Users/661225/.m2/repository/org/springframework/spring-orm/4.3.12.RELEASE/spring-orm-4.3.12.RELEASE.jar:/Users/661225/.m2/repository/org/springframework/spring-aop/4.3.12.RELEASE/spring-aop-4.3.12.RELEASE.jar:/Users/661225/.m2/repository/org/springframework/spring-jdbc/4.3.12.RELEASE/spring-jdbc-4.3.12.RELEASE.jar:/Users/661225/.m2/repository/org/springframework/spring-tx/4.3.12.RELEASE/spring-tx-4.3.12.RELEASE.jar:/Users/661225/.m2/repository/org/springframework/spring-expression/4.3.12.RELEASE/spring-expression-4.3.12.RELEASE.jar:/Users/661225/.m2/repository/org/springframework/security/spring-security-web/4.2.3.RELEASE/spring-security-web-4.2.3.RELEASE.jar:/Users/661225/.m2/repository/aopalliance/aopalliance/1.0/aopalliance-1.0.jar:/Users/661225/.m2/repository/org/springframework/security/spring-security-core/4.2.3.RELEASE/spring-security-core-4.2.3.RELEASE.jar:/Users/661225/.m2/repository/org/springframework/security/spring-security-config/4.2.3.RELEASE/spring-security-config-4.2.3.RELEASE.jar:/Users/661225/.m2/repository/org/springframework/security/spring-security-taglibs/4.2.3.RELEASE/spring-security-taglibs-4.2.3.RELEASE.jar:/Users/661225/.m2/repository/org/springframework/security/spring-security-acl/4.2.3.RELEASE/spring-security-acl-4.2.3.RELEASE.jar:/Users/661225/.m2/repository/org/hibernate/hibernate-core/4.1.7.Final/hibernate-core-4.1.7.Final.jar:/Users/661225/.m2/repository/antlr/antlr/2.7.7/antlr-2.7.7.jar:/Users/661225/.m2/repository/org/jboss/logging/jboss-logging/3.3.1.Final/jboss-logging-3.3.1.Final.jar:/Users/661225/.m2/repository/org/jboss/spec/javax/transaction/jboss-transaction-api_1.1_spec/1.0.0.Final/jboss-transaction-api_1.1_spec-1.0.0.Final.jar:/Users/661225/.m2/repository/dom4j/dom4j/1.6.1/dom4j-1.6.1.jar:/Users/661225/.m2/repository/org/hibernate/javax/persistence/hibernate-jpa-2.0-api/1.0.1.Final/hibernate-jpa-2.0-api-1.0.1.Final.jar:/Users/661225/.m2/repository/org/javassist/javassist/3.21.0-GA/javassist-3.21.0-GA.jar:/Users/661225/.m2/repository/org/hibernate/common/hibernate-commons-annotations/4.0.1.Final/hibernate-commons-annotations-4.0.1.Final.jar:/Users/661225/.m2/repository/mysql/mysql-connector-java/5.1.26/mysql-connector-java-5.1.26.jar:/Users/661225/.m2/repository/org/aspectj/aspectjrt/1.6.10/aspectjrt-1.6.10.jar:/Users/661225/.m2/repository/log4j/log4j/1.2.15/log4j-1.2.15.jar:/Users/661225/.m2/repository/javax/inject/javax.inject/1/javax.inject-1.jar:/Users/661225/.m2/repository/javax/servlet/javax.servlet-api/3.1.0/javax.servlet-api-3.1.0.jar:/Users/661225/.m2/repository/javax/servlet/jsp/jsp-api/2.1/jsp-api-2.1.jar:/Users/661225/.m2/repository/javax/servlet/jstl/1.2/jstl-1.2.jar:/Users/661225/.m2/repository/org/apache/tiles/tiles-core/3.0.0/tiles-core-3.0.0.jar:/Users/661225/.m2/repository/org/apache/tiles/tiles-api/3.0.0/tiles-api-3.0.0.jar:/Users/661225/.m2/repository/commons-digester/commons-digester/2.1/commons-digester-2.1.jar:/Users/661225/.m2/repository/commons-beanutils/commons-beanutils/1.9.3/commons-beanutils-1.9.3.jar:/Users/661225/.m2/repository/commons-collections/commons-collections/3.2.2/commons-collections-3.2.2.jar:/Users/661225/.m2/repository/org/slf4j/jcl-over-slf4j/1.7.25/jcl-over-slf4j-1.7.25.jar:/Users/661225/.m2/repository/org/apache/tiles/tiles-jsp/2.2.2/tiles-jsp-2.2.2.jar:/Users/661225/.m2/repository/org/apache/tiles/tiles-servlet/2.2.2/tiles-servlet-2.2.2.jar:/Users/661225/.m2/repository/org/apache/tiles/tiles-template/2.2.2/tiles-template-2.2.2.jar:/Users/661225/.m2/repository/org/apache/tiles/tiles-extras/2.2.2/tiles-extras-2.2.2.jar:/Users/661225/.m2/repository/org/apache/tiles/tiles-servlet-wildcard/2.2.2/tiles-servlet-wildcard-2.2.2.jar:/Users/661225/.m2/repository/org/apache/tiles/tiles-freemarker/2.2.2/tiles-freemarker-2.2.2.jar:/Users/661225/.m2/repository/org/freemarker/freemarker/2.3.26-incubating/freemarker-2.3.26-incubating.jar:/Users/661225/.m2/repository/org/apache/tiles/tiles-velocity/2.2.2/tiles-velocity-2.2.2.jar:/Users/661225/.m2/repository/org/apache/velocity/velocity-tools/2.0/velocity-tools-2.0.jar:/Users/661225/.m2/repository/oro/oro/2.0.8/oro-2.0.8.jar:/Users/661225/.m2/repository/org/apache/velocity/velocity/1.6.2/velocity-1.6.2.jar:/Users/661225/.m2/repository/commons-lang/commons-lang/2.4/commons-lang-2.4.jar:/Users/661225/.m2/repository/org/apache/tiles/tiles-el/2.2.2/tiles-el-2.2.2.jar:/Users/661225/.m2/repository/org/apache/tiles/tiles-mvel/2.2.2/tiles-mvel-2.2.2.jar:/Users/661225/.m2/repository/org/mvel/mvel2/2.0.11/mvel2-2.0.11.jar:/Users/661225/.m2/repository/org/apache/tiles/tiles-ognl/2.2.2/tiles-ognl-2.2.2.jar:/Users/661225/.m2/repository/ognl/ognl/2.7.3/ognl-2.7.3.jar:/Users/661225/.m2/repository/jboss/javassist/3.7.ga/javassist-3.7.ga.jar:/Users/661225/.m2/repository/org/apache/tiles/tiles-compat/2.2.2/tiles-compat-2.2.2.jar:/Users/661225/.m2/repository/org/codehaus/jackson/jackson-mapper-asl/1.9.13/jackson-mapper-asl-1.9.13.jar:/Users/661225/.m2/repository/org/codehaus/jackson/jackson-core-asl/1.9.13/jackson-core-asl-1.9.13.jar:/Users/661225/.m2/repository/junit/junit/4.7/junit-4.7.jar:/Users/661225/.m2/repository/org/apache/tiles/tiles-request-api/1.0.7/tiles-request-api-1.0.7.jar:/Users/661225/.m2/repository/org/slf4j/slf4j-api/1.7.25/slf4j-api-1.7.25.jar:/Users/661225/.m2/repository/org/apache/tiles/tiles-request-servlet/1.0.0/tiles-request-servlet-1.0.0.jar:, java.specification.name=Java Platform API Specification, java.class.version=52.0, sun.management.compiler=HotSpot 64-Bit Tiered Compilers, os.version=10.11.6, http.nonProxyHosts=local|*.local|169.254/16|*.169.254/16, user.home=/Users/661225, user.timezone=Asia/Kolkata, java.awt.printerjob=sun.lwawt.macosx.CPrinterJob, java.specification.version=1.8, file.encoding=UTF-8, user.name=661225, java.class.path=/Users/661225/workspace-sts-3.9.1.RELEASE/StudyPlanner/target/test-classes:/Users/661225/workspace-sts-3.9.1.RELEASE/StudyPlanner/target/classes:/Users/661225/.m2/repository/org/springframework/boot/spring-boot-starter-web/1.5.8.RELEASE/spring-boot-starter-web-1.5.8.RELEASE.jar:/Users/661225/.m2/repository/org/springframework/boot/spring-boot-starter/1.5.8.RELEASE/spring-boot-starter-1.5.8.RELEASE.jar:/Users/661225/.m2/repository/org/springframework/boot/spring-boot/1.5.8.RELEASE/spring-boot-1.5.8.RELEASE.jar:/Users/661225/.m2/repository/org/springframework/boot/spring-boot-autoconfigure/1.5.8.RELEASE/spring-boot-autoconfigure-1.5.8.RELEASE.jar:/Users/661225/.m2/repository/org/springframework/boot/spring-boot-starter-logging/1.5.8.RELEASE/spring-boot-starter-logging-1.5.8.RELEASE.jar:/Users/661225/.m2/repository/ch/qos/logback/logback-classic/1.1.11/logback-classic-1.1.11.jar:/Users/661225/.m2/repository/ch/qos/logback/logback-core/1.1.11/logback-core-1.1.11.jar:/Users/661225/.m2/repository/org/slf4j/jul-to-slf4j/1.7.25/jul-to-slf4j-1.7.25.jar:/Users/661225/.m2/repository/org/slf4j/log4j-over-slf4j/1.7.25/log4j-over-slf4j-1.7.25.jar:/Users/661225/.m2/repository/org/yaml/snakeyaml/1.17/snakeyaml-1.17.jar:/Users/661225/.m2/repository/org/hibernate/hibernate-validator/5.3.5.Final/hibernate-validator-5.3.5.Final.jar:/Users/661225/.m2/repository/javax/validation/validation-api/1.1.0.Final/validation-api-1.1.0.Final.jar:/Users/661225/.m2/repository/com/fasterxml/classmate/1.3.4/classmate-1.3.4.jar:/Users/661225/.m2/repository/com/fasterxml/jackson/core/jackson-databind/2.6.7/jackson-databind-2.6.7.jar:/Users/661225/.m2/repository/com/fasterxml/jackson/core/jackson-annotations/2.6.7/jackson-annotations-2.6.7.jar:/Users/661225/.m2/repository/com/fasterxml/jackson/core/jackson-core/2.6.7/jackson-core-2.6.7.jar:/Users/661225/.m2/repository/org/springframework/spring-web/4.3.12.RELEASE/spring-web-4.3.12.RELEASE.jar:/Users/661225/.m2/repository/org/springframework/boot/spring-boot-starter-tomcat/1.5.8.RELEASE/spring-boot-starter-tomcat-1.5.8.RELEASE.jar:/Users/661225/.m2/repository/org/apache/tomcat/embed/tomcat-embed-core/8.5.23/tomcat-embed-core-8.5.23.jar:/Users/661225/.m2/repository/org/apache/tomcat/tomcat-annotations-api/8.5.23/tomcat-annotations-api-8.5.23.jar:/Users/661225/.m2/repository/org/apache/tomcat/embed/tomcat-embed-el/8.5.23/tomcat-embed-el-8.5.23.jar:/Users/661225/.m2/repository/org/apache/tomcat/embed/tomcat-embed-websocket/8.5.23/tomcat-embed-websocket-8.5.23.jar:/Users/661225/.m2/repository/org/springframework/boot/spring-boot-starter-test/1.5.8.RELEASE/spring-boot-starter-test-1.5.8.RELEASE.jar:/Users/661225/.m2/repository/org/springframework/boot/spring-boot-test/1.5.8.RELEASE/spring-boot-test-1.5.8.RELEASE.jar:/Users/661225/.m2/repository/org/springframework/boot/spring-boot-test-autoconfigure/1.5.8.RELEASE/spring-boot-test-autoconfigure-1.5.8.RELEASE.jar:/Users/661225/.m2/repository/com/jayway/jsonpath/json-path/2.2.0/json-path-2.2.0.jar:/Users/661225/.m2/repository/net/minidev/json-smart/2.2.1/json-smart-2.2.1.jar:/Users/661225/.m2/repository/net/minidev/accessors-smart/1.1/accessors-smart-1.1.jar:/Users/661225/.m2/repository/org/ow2/asm/asm/5.0.3/asm-5.0.3.jar:/Users/661225/.m2/repository/org/assertj/assertj-core/2.6.0/assertj-core-2.6.0.jar:/Users/661225/.m2/repository/org/mockito/mockito-core/1.10.19/mockito-core-1.10.19.jar:/Users/661225/.m2/repository/org/objenesis/objenesis/2.1/objenesis-2.1.jar:/Users/661225/.m2/repository/org/hamcrest/hamcrest-core/1.3/hamcrest-core-1.3.jar:/Users/661225/.m2/repository/org/hamcrest/hamcrest-library/1.3/hamcrest-library-1.3.jar:/Users/661225/.m2/repository/org/skyscreamer/jsonassert/1.4.0/jsonassert-1.4.0.jar:/Users/661225/.m2/repository/com/vaadin/external/google/android-json/0.0.20131108.vaadin1/android-json-0.0.20131108.vaadin1.jar:/Users/661225/.m2/repository/org/springframework/spring-core/4.3.12.RELEASE/spring-core-4.3.12.RELEASE.jar:/Users/661225/.m2/repository/org/springframework/spring-test/4.3.12.RELEASE/spring-test-4.3.12.RELEASE.jar:/Users/661225/.m2/repository/org/springframework/spring-context/4.3.12.RELEASE/spring-context-4.3.12.RELEASE.jar:/Users/661225/.m2/repository/org/springframework/spring-beans/4.3.12.RELEASE/spring-beans-4.3.12.RELEASE.jar:/Users/661225/.m2/repository/org/springframework/spring-webmvc/4.3.12.RELEASE/spring-webmvc-4.3.12.RELEASE.jar:/Users/661225/.m2/repository/org/springframework/spring-orm/4.3.12.RELEASE/spring-orm-4.3.12.RELEASE.jar:/Users/661225/.m2/repository/org/springframework/spring-aop/4.3.12.RELEASE/spring-aop-4.3.12.RELEASE.jar:/Users/661225/.m2/repository/org/springframework/spring-jdbc/4.3.12.RELEASE/spring-jdbc-4.3.12.RELEASE.jar:/Users/661225/.m2/repository/org/springframework/spring-tx/4.3.12.RELEASE/spring-tx-4.3.12.RELEASE.jar:/Users/661225/.m2/repository/org/springframework/spring-expression/4.3.12.RELEASE/spring-expression-4.3.12.RELEASE.jar:/Users/661225/.m2/repository/org/springframework/security/spring-security-web/4.2.3.RELEASE/spring-security-web-4.2.3.RELEASE.jar:/Users/661225/.m2/repository/aopalliance/aopalliance/1.0/aopalliance-1.0.jar:/Users/661225/.m2/repository/org/springframework/security/spring-security-core/4.2.3.RELEASE/spring-security-core-4.2.3.RELEASE.jar:/Users/661225/.m2/repository/org/springframework/security/spring-security-config/4.2.3.RELEASE/spring-security-config-4.2.3.RELEASE.jar:/Users/661225/.m2/repository/org/springframework/security/spring-security-taglibs/4.2.3.RELEASE/spring-security-taglibs-4.2.3.RELEASE.jar:/Users/661225/.m2/repository/org/springframework/security/spring-security-acl/4.2.3.RELEASE/spring-security-acl-4.2.3.RELEASE.jar:/Users/661225/.m2/repository/org/hibernate/hibernate-core/4.1.7.Final/hibernate-core-4.1.7.Final.jar:/Users/661225/.m2/repository/antlr/antlr/2.7.7/antlr-2.7.7.jar:/Users/661225/.m2/repository/org/jboss/logging/jboss-logging/3.3.1.Final/jboss-logging-3.3.1.Final.jar:/Users/661225/.m2/repository/org/jboss/spec/javax/transaction/jboss-transaction-api_1.1_spec/1.0.0.Final/jboss-transaction-api_1.1_spec-1.0.0.Final.jar:/Users/661225/.m2/repository/dom4j/dom4j/1.6.1/dom4j-1.6.1.jar:/Users/661225/.m2/repository/org/hibernate/javax/persistence/hibernate-jpa-2.0-api/1.0.1.Final/hibernate-jpa-2.0-api-1.0.1.Final.jar:/Users/661225/.m2/repository/org/javassist/javassist/3.21.0-GA/javassist-3.21.0-GA.jar:/Users/661225/.m2/repository/org/hibernate/common/hibernate-commons-annotations/4.0.1.Final/hibernate-commons-annotations-4.0.1.Final.jar:/Users/661225/.m2/repository/mysql/mysql-connector-java/5.1.26/mysql-connector-java-5.1.26.jar:/Users/661225/.m2/repository/org/aspectj/aspectjrt/1.6.10/aspectjrt-1.6.10.jar:/Users/661225/.m2/repository/log4j/log4j/1.2.15/log4j-1.2.15.jar:/Users/661225/.m2/repository/javax/inject/javax.inject/1/javax.inject-1.jar:/Users/661225/.m2/repository/javax/servlet/javax.servlet-api/3.1.0/javax.servlet-api-3.1.0.jar:/Users/661225/.m2/repository/javax/servlet/jsp/jsp-api/2.1/jsp-api-2.1.jar:/Users/661225/.m2/repository/javax/servlet/jstl/1.2/jstl-1.2.jar:/Users/661225/.m2/repository/org/apache/tiles/tiles-core/3.0.0/tiles-core-3.0.0.jar:/Users/661225/.m2/repository/org/apache/tiles/tiles-api/3.0.0/tiles-api-3.0.0.jar:/Users/661225/.m2/repository/commons-digester/commons-digester/2.1/commons-digester-2.1.jar:/Users/661225/.m2/repository/commons-beanutils/commons-beanutils/1.9.3/commons-beanutils-1.9.3.jar:/Users/661225/.m2/repository/commons-collections/commons-collections/3.2.2/commons-collections-3.2.2.jar:/Users/661225/.m2/repository/org/slf4j/jcl-over-slf4j/1.7.25/jcl-over-slf4j-1.7.25.jar:/Users/661225/.m2/repository/org/apache/tiles/tiles-jsp/2.2.2/tiles-jsp-2.2.2.jar:/Users/661225/.m2/repository/org/apache/tiles/tiles-servlet/2.2.2/tiles-servlet-2.2.2.jar:/Users/661225/.m2/repository/org/apache/tiles/tiles-template/2.2.2/tiles-template-2.2.2.jar:/Users/661225/.m2/repository/org/apache/tiles/tiles-extras/2.2.2/tiles-extras-2.2.2.jar:/Users/661225/.m2/repository/org/apache/tiles/tiles-servlet-wildcard/2.2.2/tiles-servlet-wildcard-2.2.2.jar:/Users/661225/.m2/repository/org/apache/tiles/tiles-freemarker/2.2.2/tiles-freemarker-2.2.2.jar:/Users/661225/.m2/repository/org/freemarker/freemarker/2.3.26-incubating/freemarker-2.3.26-incubating.jar:/Users/661225/.m2/repository/org/apache/tiles/tiles-velocity/2.2.2/tiles-velocity-2.2.2.jar:/Users/661225/.m2/repository/org/apache/velocity/velocity-tools/2.0/velocity-tools-2.0.jar:/Users/661225/.m2/repository/oro/oro/2.0.8/oro-2.0.8.jar:/Users/661225/.m2/repository/org/apache/velocity/velocity/1.6.2/velocity-1.6.2.jar:/Users/661225/.m2/repository/commons-lang/commons-lang/2.4/commons-lang-2.4.jar:/Users/661225/.m2/repository/org/apache/tiles/tiles-el/2.2.2/tiles-el-2.2.2.jar:/Users/661225/.m2/repository/org/apache/tiles/tiles-mvel/2.2.2/tiles-mvel-2.2.2.jar:/Users/661225/.m2/repository/org/mvel/mvel2/2.0.11/mvel2-2.0.11.jar:/Users/661225/.m2/repository/org/apache/tiles/tiles-ognl/2.2.2/tiles-ognl-2.2.2.jar:/Users/661225/.m2/repository/ognl/ognl/2.7.3/ognl-2.7.3.jar:/Users/661225/.m2/repository/jboss/javassist/3.7.ga/javassist-3.7.ga.jar:/Users/661225/.m2/repository/org/apache/tiles/tiles-compat/2.2.2/tiles-compat-2.2.2.jar:/Users/661225/.m2/repository/org/codehaus/jackson/jackson-mapper-asl/1.9.13/jackson-mapper-asl-1.9.13.jar:/Users/661225/.m2/repository/org/codehaus/jackson/jackson-core-asl/1.9.13/jackson-core-asl-1.9.13.jar:/Users/661225/.m2/repository/junit/junit/4.7/junit-4.7.jar:/Users/661225/.m2/repository/org/apache/tiles/tiles-request-api/1.0.7/tiles-request-api-1.0.7.jar:/Users/661225/.m2/repository/org/slf4j/slf4j-api/1.7.25/slf4j-api-1.7.25.jar:/Users/661225/.m2/repository/org/apache/tiles/tiles-request-servlet/1.0.0/tiles-request-servlet-1.0.0.jar:, hibernate.bytecode.use_reflection_optimizer=false, hibernate.classLoader.application=sun.misc.Launcher$AppClassLoader@4aa298b7, java.vm.specification.version=1.8, sun.arch.data.model=64, java.home=/Library/Java/JavaVirtualMachines/jdk1.8.0_151.jdk/Contents/Home/jre, sun.java.command=/Users/661225/workspace-sts-3.9.1.RELEASE/StudyPlanner/target/surefire/surefirebooter2200310865432160619.jar /Users/661225/workspace-sts-3.9.1.RELEASE/StudyPlanner/target/surefire/surefire5712182289959205215tmp /Users/661225/workspace-sts-3.9.1.RELEASE/StudyPlanner/target/surefire/surefire_03968149797359664120tmp, hibernate.dialect=org.hibernate.dialect.MySQLDialect, java.specification.vendor=Oracle Corporation, user.language=en, awt.toolkit=sun.lwawt.macosx.LWCToolkit, java.vm.info=mixed mode, java.version=1.8.0_151, java.ext.dirs=/Users/661225/Library/Java/Extensions:/Library/Java/JavaVirtualMachines/jdk1.8.0_151.jdk/Contents/Home/jre/lib/ext:/Library/Java/Extensions:/Network/Library/Java/Extensions:/System/Library/Java/Extensions:/usr/lib/java, sun.boot.class.path=/Library/Java/JavaVirtualMachines/jdk1.8.0_151.jdk/Contents/Home/jre/lib/resources.jar:/Library/Java/JavaVirtualMachines/jdk1.8.0_151.jdk/Contents/Home/jre/lib/rt.jar:/Library/Java/JavaVirtualMachines/jdk1.8.0_151.jdk/Contents/Home/jre/lib/sunrsasign.jar:/Library/Java/JavaVirtualMachines/jdk1.8.0_151.jdk/Contents/Home/jre/lib/jsse.jar:/Library/Java/JavaVirtualMachines/jdk1.8.0_151.jdk/Contents/Home/jre/lib/jce.jar:/Library/Java/JavaVirtualMachines/jdk1.8.0_151.jdk/Contents/Home/jre/lib/charsets.jar:/Library/Java/JavaVirtualMachines/jdk1.8.0_151.jdk/Contents/Home/jre/lib/jfr.jar:/Library/Java/JavaVirtualMachines/jdk1.8.0_151.jdk/Contents/Home/jre/classes, java.vendor=Oracle Corporation, localRepository=/Users/661225/.m2/repository, file.separator=/, java.vendor.url.bug=http://bugreport.sun.com/bugreport/, sun.cpu.endian=little, sun.io.unicode.encoding=UnicodeBig, socksNonProxyHosts=local|*.local|169.254/16|*.169.254/16, ftp.nonProxyHosts=local|*.local|169.254/16|*.169.254/16, sun.cpu.isalist=}
18:50:54.918 [main] DEBUG org.hibernate.validator.internal.engine.resolver.DefaultTraversableResolver - Found javax.persistence.Persistence on classpath containing 'getPersistenceUtil'. Assuming JPA 2 environment. Trying to instantiate JPA aware TraversableResolver
18:50:54.918 [main] DEBUG org.hibernate.validator.internal.engine.resolver.DefaultTraversableResolver - Instantiated JPA aware TraversableResolver of type org.hibernate.validator.internal.engine.resolver.JPATraversableResolver.
18:50:54.918 [main] DEBUG org.hibernate.validator.internal.xml.ValidationXmlParser - Trying to load META-INF/validation.xml for XML based Validator configuration.
18:50:54.918 [main] DEBUG org.hibernate.validator.internal.xml.ResourceLoaderHelper - Trying to load META-INF/validation.xml via TCCL
18:50:54.918 [main] DEBUG org.hibernate.validator.internal.xml.ResourceLoaderHelper - Trying to load META-INF/validation.xml via Hibernate Validator's class loader
18:50:54.918 [main] DEBUG org.hibernate.validator.internal.xml.ValidationXmlParser - No META-INF/validation.xml found. Using annotation based configuration only.
18:50:54.947 [main] DEBUG org.hibernate.validator.internal.engine.resolver.DefaultTraversableResolver - Found javax.persistence.Persistence on classpath containing 'getPersistenceUtil'. Assuming JPA 2 environment. Trying to instantiate JPA aware TraversableResolver
18:50:54.948 [main] DEBUG org.hibernate.validator.internal.engine.resolver.DefaultTraversableResolver - Instantiated JPA aware TraversableResolver of type org.hibernate.validator.internal.engine.resolver.JPATraversableResolver.
18:50:54.948 [main] DEBUG org.hibernate.validator.internal.xml.ValidationXmlParser - Trying to load META-INF/validation.xml for XML based Validator configuration.
18:50:54.948 [main] DEBUG org.hibernate.validator.internal.xml.ResourceLoaderHelper - Trying to load META-INF/validation.xml via TCCL
18:50:54.948 [main] DEBUG org.hibernate.validator.internal.xml.ResourceLoaderHelper - Trying to load META-INF/validation.xml via Hibernate Validator's class loader
18:50:54.948 [main] DEBUG org.hibernate.validator.internal.xml.ValidationXmlParser - No META-INF/validation.xml found. Using annotation based configuration only.
18:50:54.950 [main] DEBUG org.hibernate.id.factory.internal.DefaultIdentifierGeneratorFactory - Setting dialect [org.hibernate.dialect.MySQLDialect]
18:50:54.950 [main] DEBUG org.hibernate.id.factory.internal.DefaultIdentifierGeneratorFactory - Setting dialect [org.hibernate.dialect.MySQLDialect]
18:50:54.950 [main] DEBUG org.hibernate.id.factory.internal.DefaultIdentifierGeneratorFactory - Setting dialect [org.hibernate.dialect.MySQLDialect]
18:50:54.950 [main] DEBUG org.hibernate.id.factory.internal.DefaultIdentifierGeneratorFactory - Setting dialect [org.hibernate.dialect.MySQLDialect]
18:50:54.950 [main] DEBUG org.hibernate.id.factory.internal.DefaultIdentifierGeneratorFactory - Setting dialect [org.hibernate.dialect.MySQLDialect]
18:50:54.950 [main] DEBUG org.hibernate.id.factory.internal.DefaultIdentifierGeneratorFactory - Setting dialect [org.hibernate.dialect.MySQLDialect]
18:50:54.950 [main] DEBUG org.hibernate.id.factory.internal.DefaultIdentifierGeneratorFactory - Setting dialect [org.hibernate.dialect.MySQLDialect]
18:50:54.950 [main] DEBUG org.hibernate.id.factory.internal.DefaultIdentifierGeneratorFactory - Setting dialect [org.hibernate.dialect.MySQLDialect]
18:50:54.952 [main] DEBUG org.hibernate.persister.entity.AbstractEntityPersister - Static SQL for entity: com.jstudyplanner.domain.Major
18:50:54.952 [main] DEBUG org.hibernate.persister.entity.AbstractEntityPersister -  Version select: select id from major where id =?
18:50:54.952 [main] DEBUG org.hibernate.persister.entity.AbstractEntityPersister -  Snapshot select: select major_.id, major_.code as code75_, major_.title as title75_, major_.enabled as enabled75_, major_.description as descript5_75_, major_.program_fk as program6_75_ from major major_ where major_.id=?
18:50:54.952 [main] DEBUG org.hibernate.persister.entity.AbstractEntityPersister -  Insert 0: insert into major (code, title, enabled, description, program_fk, id) values (?, ?, ?, ?, ?, ?)
18:50:54.952 [main] DEBUG org.hibernate.persister.entity.AbstractEntityPersister -  Update 0: update major set code=?, title=?, enabled=?, description=?, program_fk=? where id=?
18:50:54.952 [main] DEBUG org.hibernate.persister.entity.AbstractEntityPersister -  Delete 0: delete from major where id=?
18:50:54.952 [main] DEBUG org.hibernate.persister.entity.AbstractEntityPersister -  Identity insert: insert into major (code, title, enabled, description, program_fk) values (?, ?, ?, ?, ?)
18:50:54.954 [main] DEBUG org.hibernate.persister.entity.AbstractEntityPersister - Static SQL for entity: com.jstudyplanner.domain.Program
18:50:54.954 [main] DEBUG org.hibernate.persister.entity.AbstractEntityPersister -  Version select: select id from program where id =?
18:50:54.954 [main] DEBUG org.hibernate.persister.entity.AbstractEntityPersister -  Snapshot select: select program_.id, program_.code as code77_, program_.title as title77_, program_.enabled as enabled77_, program_.description as descript5_77_, program_.career as career77_, program_.number_of_courses as number7_77_ from program program_ where program_.id=?
18:50:54.954 [main] DEBUG org.hibernate.persister.entity.AbstractEntityPersister -  Insert 0: insert into program (code, title, enabled, description, career, number_of_courses, id) values (?, ?, ?, ?, ?, ?, ?)
18:50:54.954 [main] DEBUG org.hibernate.persister.entity.AbstractEntityPersister -  Update 0: update program set code=?, title=?, enabled=?, description=?, career=?, number_of_courses=? where id=?
18:50:54.954 [main] DEBUG org.hibernate.persister.entity.AbstractEntityPersister -  Delete 0: delete from program where id=?
18:50:54.954 [main] DEBUG org.hibernate.persister.entity.AbstractEntityPersister -  Identity insert: insert into program (code, title, enabled, description, career, number_of_courses) values (?, ?, ?, ?, ?, ?)
18:50:54.955 [main] DEBUG org.hibernate.persister.entity.AbstractEntityPersister - Static SQL for entity: com.jstudyplanner.domain.Admin
18:50:54.956 [main] DEBUG org.hibernate.persister.entity.AbstractEntityPersister -  Version select: select id from user where id =?
18:50:54.956 [main] DEBUG org.hibernate.persister.entity.AbstractEntityPersister -  Snapshot select: select admin_.id, admin_.email as email83_, admin_.username as username83_, admin_.password as password83_, admin_.enabled as enabled83_, admin_.first_name as first7_83_, admin_.last_name as last8_83_, admin_.phone as phone83_ from user admin_ where admin_.id=?
18:50:54.956 [main] DEBUG org.hibernate.persister.entity.AbstractEntityPersister -  Insert 0: insert into user (email, username, password, enabled, first_name, last_name, phone, utype, id) values (?, ?, ?, ?, ?, ?, ?, 'admin', ?)
18:50:54.956 [main] DEBUG org.hibernate.persister.entity.AbstractEntityPersister -  Update 0: update user set email=?, username=?, password=?, enabled=?, first_name=?, last_name=?, phone=? where id=?
18:50:54.956 [main] DEBUG org.hibernate.persister.entity.AbstractEntityPersister -  Delete 0: delete from user where id=?
18:50:54.956 [main] DEBUG org.hibernate.persister.entity.AbstractEntityPersister -  Identity insert: insert into user (email, username, password, enabled, first_name, last_name, phone, utype) values (?, ?, ?, ?, ?, ?, ?, 'admin')
18:50:54.958 [main] DEBUG org.hibernate.persister.entity.AbstractEntityPersister - Static SQL for entity: com.jstudyplanner.domain.Staff
18:50:54.958 [main] DEBUG org.hibernate.persister.entity.AbstractEntityPersister -  Version select: select id from user where id =?
18:50:54.958 [main] DEBUG org.hibernate.persister.entity.AbstractEntityPersister -  Snapshot select: select staff_.id, staff_.email as email83_, staff_.username as username83_, staff_.password as password83_, staff_.enabled as enabled83_, staff_.first_name as first7_83_, staff_.last_name as last8_83_, staff_.phone as phone83_ from user staff_ where staff_.id=?
18:50:54.958 [main] DEBUG org.hibernate.persister.entity.AbstractEntityPersister -  Insert 0: insert into user (email, username, password, enabled, first_name, last_name, phone, utype, id) values (?, ?, ?, ?, ?, ?, ?, 'staff', ?)
18:50:54.958 [main] DEBUG org.hibernate.persister.entity.AbstractEntityPersister -  Update 0: update user set email=?, username=?, password=?, enabled=?, first_name=?, last_name=?, phone=? where id=?
18:50:54.958 [main] DEBUG org.hibernate.persister.entity.AbstractEntityPersister -  Delete 0: delete from user where id=?
18:50:54.958 [main] DEBUG org.hibernate.persister.entity.AbstractEntityPersister -  Identity insert: insert into user (email, username, password, enabled, first_name, last_name, phone, utype) values (?, ?, ?, ?, ?, ?, ?, 'staff')
18:50:54.959 [main] DEBUG org.hibernate.persister.entity.AbstractEntityPersister - Static SQL for entity: com.jstudyplanner.domain.Campus
18:50:54.959 [main] DEBUG org.hibernate.persister.entity.AbstractEntityPersister -  Version select: select id from campus where id =?
18:50:54.959 [main] DEBUG org.hibernate.persister.entity.AbstractEntityPersister -  Snapshot select: select campus_.id, campus_.code as code72_, campus_.title as title72_, campus_.enabled as enabled72_, campus_.address as address72_, campus_.phone as phone72_, campus_.description as descript7_72_ from campus campus_ where campus_.id=?
18:50:54.959 [main] DEBUG org.hibernate.persister.entity.AbstractEntityPersister -  Insert 0: insert into campus (code, title, enabled, address, phone, description, id) values (?, ?, ?, ?, ?, ?, ?)
18:50:54.959 [main] DEBUG org.hibernate.persister.entity.AbstractEntityPersister -  Update 0: update campus set code=?, title=?, enabled=?, address=?, phone=?, description=? where id=?
18:50:54.959 [main] DEBUG org.hibernate.persister.entity.AbstractEntityPersister -  Delete 0: delete from campus where id=?
18:50:54.959 [main] DEBUG org.hibernate.persister.entity.AbstractEntityPersister -  Identity insert: insert into campus (code, title, enabled, address, phone, description) values (?, ?, ?, ?, ?, ?)
18:50:54.961 [main] DEBUG org.hibernate.persister.entity.AbstractEntityPersister - Static SQL for entity: com.jstudyplanner.domain.Term
18:50:54.961 [main] DEBUG org.hibernate.persister.entity.AbstractEntityPersister -  Version select: select id from term where id =?
18:50:54.961 [main] DEBUG org.hibernate.persister.entity.AbstractEntityPersister -  Snapshot select: select term_.id, term_.year as year80_, term_.number as number80_, term_.start_date as start4_80_, term_.finish_date as finish5_80_, term_.enabled as enabled80_ from term term_ where term_.id=?
18:50:54.961 [main] DEBUG org.hibernate.persister.entity.AbstractEntityPersister -  Insert 0: insert into term (year, number, start_date, finish_date, enabled, id) values (?, ?, ?, ?, ?, ?)
18:50:54.961 [main] DEBUG org.hibernate.persister.entity.AbstractEntityPersister -  Update 0: update term set year=?, number=?, start_date=?, finish_date=?, enabled=? where id=?
18:50:54.961 [main] DEBUG org.hibernate.persister.entity.AbstractEntityPersister -  Delete 0: delete from term where id=?
18:50:54.961 [main] DEBUG org.hibernate.persister.entity.AbstractEntityPersister -  Identity insert: insert into term (year, number, start_date, finish_date, enabled) values (?, ?, ?, ?, ?)
18:50:54.962 [main] DEBUG org.hibernate.persister.entity.AbstractEntityPersister - Static SQL for entity: com.jstudyplanner.domain.Enrollment
18:50:54.962 [main] DEBUG org.hibernate.persister.entity.AbstractEntityPersister -  Version select: select id from enrollment where id =?
18:50:54.962 [main] DEBUG org.hibernate.persister.entity.AbstractEntityPersister -  Snapshot select: select enrollment_.id, enrollment_.ca_fk as ca2_82_, enrollment_.user_fk as user3_82_, enrollment_.status as status82_ from enrollment enrollment_ where enrollment_.id=?
18:50:54.962 [main] DEBUG org.hibernate.persister.entity.AbstractEntityPersister -  Insert 0: insert into enrollment (ca_fk, user_fk, status, id) values (?, ?, ?, ?)
18:50:54.962 [main] DEBUG org.hibernate.persister.entity.AbstractEntityPersister -  Update 0: update enrollment set ca_fk=?, user_fk=?, status=? where id=?
18:50:54.962 [main] DEBUG org.hibernate.persister.entity.AbstractEntityPersister -  Delete 0: delete from enrollment where id=?
18:50:54.962 [main] DEBUG org.hibernate.persister.entity.AbstractEntityPersister -  Identity insert: insert into enrollment (ca_fk, user_fk, status) values (?, ?, ?)
18:50:54.964 [main] DEBUG org.hibernate.persister.entity.AbstractEntityPersister - Static SQL for entity: com.jstudyplanner.domain.Student
18:50:54.965 [main] DEBUG org.hibernate.persister.entity.AbstractEntityPersister -  Version select: select id from user where id =?
18:50:54.965 [main] DEBUG org.hibernate.persister.entity.AbstractEntityPersister -  Snapshot select: select student_.id, student_.email as email83_, student_.username as username83_, student_.password as password83_, student_.enabled as enabled83_, student_.first_name as first7_83_, student_.last_name as last8_83_, student_.phone as phone83_, student_.student_type as student10_83_, student_.major_id as major11_83_, student_.campus_id as campus12_83_ from user student_ where student_.id=?
18:50:54.965 [main] DEBUG org.hibernate.persister.entity.AbstractEntityPersister -  Insert 0: insert into user (email, username, password, enabled, first_name, last_name, phone, student_type, major_id, campus_id, utype, id) values (?, ?, ?, ?, ?, ?, ?, ?, ?, ?, 'student', ?)
18:50:54.965 [main] DEBUG org.hibernate.persister.entity.AbstractEntityPersister -  Update 0: update user set email=?, username=?, password=?, enabled=?, first_name=?, last_name=?, phone=?, student_type=?, major_id=?, campus_id=? where id=?
18:50:54.965 [main] DEBUG org.hibernate.persister.entity.AbstractEntityPersister -  Delete 0: delete from user where id=?
18:50:54.965 [main] DEBUG org.hibernate.persister.entity.AbstractEntityPersister -  Identity insert: insert into user (email, username, password, enabled, first_name, last_name, phone, student_type, major_id, campus_id, utype) values (?, ?, ?, ?, ?, ?, ?, ?, ?, ?, 'student')
18:50:54.967 [main] DEBUG org.hibernate.persister.entity.AbstractEntityPersister - Static SQL for entity: com.jstudyplanner.domain.User
18:50:54.967 [main] DEBUG org.hibernate.persister.entity.AbstractEntityPersister -  Version select: select id from user where id =?
18:50:54.967 [main] DEBUG org.hibernate.persister.entity.AbstractEntityPersister -  Snapshot select: select user_.id, user_.email as email83_, user_.username as username83_, user_.password as password83_, user_.enabled as enabled83_, user_.first_name as first7_83_, user_.last_name as last8_83_, user_.phone as phone83_ from user user_ where user_.id=?
18:50:54.967 [main] DEBUG org.hibernate.persister.entity.AbstractEntityPersister -  Insert 0: insert into user (email, username, password, enabled, first_name, last_name, phone, utype, id) values (?, ?, ?, ?, ?, ?, ?, 'com.jstudyplanner.domain.User', ?)
18:50:54.967 [main] DEBUG org.hibernate.persister.entity.AbstractEntityPersister -  Update 0: update user set email=?, username=?, password=?, enabled=?, first_name=?, last_name=?, phone=? where id=?
18:50:54.967 [main] DEBUG org.hibernate.persister.entity.AbstractEntityPersister -  Delete 0: delete from user where id=?
18:50:54.967 [main] DEBUG org.hibernate.persister.entity.AbstractEntityPersister -  Identity insert: insert into user (email, username, password, enabled, first_name, last_name, phone, utype) values (?, ?, ?, ?, ?, ?, ?, 'com.jstudyplanner.domain.User')
18:50:54.969 [main] DEBUG org.hibernate.persister.entity.AbstractEntityPersister - Static SQL for entity: com.jstudyplanner.domain.Course
18:50:54.969 [main] DEBUG org.hibernate.persister.entity.AbstractEntityPersister -  Version select: select id from course where id =?
18:50:54.969 [main] DEBUG org.hibernate.persister.entity.AbstractEntityPersister -  Snapshot select: select course_.id, course_.code as code73_, course_.title as title73_, course_.enabled as enabled73_, course_.description as descript5_73_ from course course_ where course_.id=?
18:50:54.969 [main] DEBUG org.hibernate.persister.entity.AbstractEntityPersister -  Insert 0: insert into course (code, title, enabled, description, id) values (?, ?, ?, ?, ?)
18:50:54.969 [main] DEBUG org.hibernate.persister.entity.AbstractEntityPersister -  Update 0: update course set code=?, title=?, enabled=?, description=? where id=?
18:50:54.969 [main] DEBUG org.hibernate.persister.entity.AbstractEntityPersister -  Delete 0: delete from course where id=?
18:50:54.969 [main] DEBUG org.hibernate.persister.entity.AbstractEntityPersister -  Identity insert: insert into course (code, title, enabled, description) values (?, ?, ?, ?)
18:50:54.970 [main] DEBUG org.hibernate.persister.entity.AbstractEntityPersister - Static SQL for entity: com.jstudyplanner.domain.CourseAvailability
18:50:54.970 [main] DEBUG org.hibernate.persister.entity.AbstractEntityPersister -  Version select: select id from course_availability where id =?
18:50:54.970 [main] DEBUG org.hibernate.persister.entity.AbstractEntityPersister -  Snapshot select: select courseavai_.id, courseavai_.term_fk as term2_81_, courseavai_.course_fk as course3_81_, courseavai_.campus_fk as campus4_81_, courseavai_.enabled as enabled81_ from course_availability courseavai_ where courseavai_.id=?
18:50:54.970 [main] DEBUG org.hibernate.persister.entity.AbstractEntityPersister -  Insert 0: insert into course_availability (term_fk, course_fk, campus_fk, enabled, id) values (?, ?, ?, ?, ?)
18:50:54.970 [main] DEBUG org.hibernate.persister.entity.AbstractEntityPersister -  Update 0: update course_availability set term_fk=?, course_fk=?, campus_fk=?, enabled=? where id=?
18:50:54.970 [main] DEBUG org.hibernate.persister.entity.AbstractEntityPersister -  Delete 0: delete from course_availability where id=?
18:50:54.970 [main] DEBUG org.hibernate.persister.entity.AbstractEntityPersister -  Identity insert: insert into course_availability (term_fk, course_fk, campus_fk, enabled) values (?, ?, ?, ?)
18:50:54.970 [main] DEBUG org.hibernate.persister.collection.AbstractCollectionPersister - Static SQL for collection: com.jstudyplanner.domain.Staff.managedCampuses
18:50:54.970 [main] DEBUG org.hibernate.persister.collection.AbstractCollectionPersister -  Row insert: insert into campus_management (user_fk, campus_fk) values (?, ?)
18:50:54.970 [main] DEBUG org.hibernate.persister.collection.AbstractCollectionPersister -  Row update: update campus_management set campus_fk=? where user_fk=? and campus_fk=?
18:50:54.970 [main] DEBUG org.hibernate.persister.collection.AbstractCollectionPersister -  Row delete: delete from campus_management where user_fk=? and campus_fk=?
18:50:54.970 [main] DEBUG org.hibernate.persister.collection.AbstractCollectionPersister -  One-shot delete: delete from campus_management where user_fk=?
18:50:54.971 [main] DEBUG org.hibernate.persister.collection.AbstractCollectionPersister - Static SQL for collection: com.jstudyplanner.domain.Program.coreCourses
18:50:54.971 [main] DEBUG org.hibernate.persister.collection.AbstractCollectionPersister -  Row insert: insert into program_core_courses (program_fk, course_fk) values (?, ?)
18:50:54.971 [main] DEBUG org.hibernate.persister.collection.AbstractCollectionPersister -  Row update: update program_core_courses set course_fk=? where program_fk=? and course_fk=?
18:50:54.971 [main] DEBUG org.hibernate.persister.collection.AbstractCollectionPersister -  Row delete: delete from program_core_courses where program_fk=? and course_fk=?
18:50:54.971 [main] DEBUG org.hibernate.persister.collection.AbstractCollectionPersister -  One-shot delete: delete from program_core_courses where program_fk=?
18:50:54.971 [main] DEBUG org.hibernate.persister.collection.AbstractCollectionPersister - Static SQL for collection: com.jstudyplanner.domain.Program.electiveCourses
18:50:54.971 [main] DEBUG org.hibernate.persister.collection.AbstractCollectionPersister -  Row insert: insert into program_elective_courses (program_fk, course_fk) values (?, ?)
18:50:54.971 [main] DEBUG org.hibernate.persister.collection.AbstractCollectionPersister -  Row update: update program_elective_courses set course_fk=? where program_fk=? and course_fk=?
18:50:54.971 [main] DEBUG org.hibernate.persister.collection.AbstractCollectionPersister -  Row delete: delete from program_elective_courses where program_fk=? and course_fk=?
18:50:54.971 [main] DEBUG org.hibernate.persister.collection.AbstractCollectionPersister -  One-shot delete: delete from program_elective_courses where program_fk=?
18:50:54.971 [main] DEBUG org.hibernate.persister.collection.AbstractCollectionPersister - Static SQL for collection: com.jstudyplanner.domain.Course.prerequisites
18:50:54.971 [main] DEBUG org.hibernate.persister.collection.AbstractCollectionPersister -  Row insert: insert into prerequisite (course, prerequisite) values (?, ?)
18:50:54.971 [main] DEBUG org.hibernate.persister.collection.AbstractCollectionPersister -  Row update: update prerequisite set prerequisite=? where course=? and prerequisite=?
18:50:54.971 [main] DEBUG org.hibernate.persister.collection.AbstractCollectionPersister -  Row delete: delete from prerequisite where course=? and prerequisite=?
18:50:54.971 [main] DEBUG org.hibernate.persister.collection.AbstractCollectionPersister -  One-shot delete: delete from prerequisite where course=?
18:50:54.972 [main] DEBUG org.hibernate.persister.collection.AbstractCollectionPersister - Static SQL for collection: com.jstudyplanner.domain.Major.compulsoryCourses
18:50:54.972 [main] DEBUG org.hibernate.persister.collection.AbstractCollectionPersister -  Row insert: insert into major_compulsory_courses (major_fk, course_fk) values (?, ?)
18:50:54.972 [main] DEBUG org.hibernate.persister.collection.AbstractCollectionPersister -  Row update: update major_compulsory_courses set course_fk=? where major_fk=? and course_fk=?
18:50:54.972 [main] DEBUG org.hibernate.persister.collection.AbstractCollectionPersister -  Row delete: delete from major_compulsory_courses where major_fk=? and course_fk=?
18:50:54.972 [main] DEBUG org.hibernate.persister.collection.AbstractCollectionPersister -  One-shot delete: delete from major_compulsory_courses where major_fk=?
18:50:54.972 [main] DEBUG org.hibernate.loader.Loader - Static select for entity com.jstudyplanner.domain.Major [NONE]: select major0_.id as id75_0_, major0_.code as code75_0_, major0_.title as title75_0_, major0_.enabled as enabled75_0_, major0_.description as descript5_75_0_, major0_.program_fk as program6_75_0_ from major major0_ where major0_.id=?
18:50:54.972 [main] DEBUG org.hibernate.loader.Loader - Static select for entity com.jstudyplanner.domain.Major [READ]: select major0_.id as id75_0_, major0_.code as code75_0_, major0_.title as title75_0_, major0_.enabled as enabled75_0_, major0_.description as descript5_75_0_, major0_.program_fk as program6_75_0_ from major major0_ where major0_.id=?
18:50:54.972 [main] DEBUG org.hibernate.loader.Loader - Static select for entity com.jstudyplanner.domain.Major [UPGRADE]: select major0_.id as id75_0_, major0_.code as code75_0_, major0_.title as title75_0_, major0_.enabled as enabled75_0_, major0_.description as descript5_75_0_, major0_.program_fk as program6_75_0_ from major major0_ where major0_.id=? for update
18:50:54.972 [main] DEBUG org.hibernate.loader.Loader - Static select for entity com.jstudyplanner.domain.Major [UPGRADE_NOWAIT]: select major0_.id as id75_0_, major0_.code as code75_0_, major0_.title as title75_0_, major0_.enabled as enabled75_0_, major0_.description as descript5_75_0_, major0_.program_fk as program6_75_0_ from major major0_ where major0_.id=? for update
18:50:54.973 [main] DEBUG org.hibernate.loader.Loader - Static select for entity com.jstudyplanner.domain.Major [FORCE]: select major0_.id as id75_0_, major0_.code as code75_0_, major0_.title as title75_0_, major0_.enabled as enabled75_0_, major0_.description as descript5_75_0_, major0_.program_fk as program6_75_0_ from major major0_ where major0_.id=? for update
18:50:54.973 [main] DEBUG org.hibernate.loader.Loader - Static select for entity com.jstudyplanner.domain.Major [PESSIMISTIC_READ]: select major0_.id as id75_0_, major0_.code as code75_0_, major0_.title as title75_0_, major0_.enabled as enabled75_0_, major0_.description as descript5_75_0_, major0_.program_fk as program6_75_0_ from major major0_ where major0_.id=? lock in share mode
18:50:54.973 [main] DEBUG org.hibernate.loader.Loader - Static select for entity com.jstudyplanner.domain.Major [PESSIMISTIC_WRITE]: select major0_.id as id75_0_, major0_.code as code75_0_, major0_.title as title75_0_, major0_.enabled as enabled75_0_, major0_.description as descript5_75_0_, major0_.program_fk as program6_75_0_ from major major0_ where major0_.id=? for update
18:50:54.973 [main] DEBUG org.hibernate.loader.Loader - Static select for entity com.jstudyplanner.domain.Major [PESSIMISTIC_FORCE_INCREMENT]: select major0_.id as id75_0_, major0_.code as code75_0_, major0_.title as title75_0_, major0_.enabled as enabled75_0_, major0_.description as descript5_75_0_, major0_.program_fk as program6_75_0_ from major major0_ where major0_.id=? for update
18:50:54.973 [main] DEBUG org.hibernate.loader.Loader - Static select for entity com.jstudyplanner.domain.Major [OPTIMISTIC]: select major0_.id as id75_0_, major0_.code as code75_0_, major0_.title as title75_0_, major0_.enabled as enabled75_0_, major0_.description as descript5_75_0_, major0_.program_fk as program6_75_0_ from major major0_ where major0_.id=?
18:50:54.973 [main] DEBUG org.hibernate.loader.Loader - Static select for entity com.jstudyplanner.domain.Major [OPTIMISTIC_FORCE_INCREMENT]: select major0_.id as id75_0_, major0_.code as code75_0_, major0_.title as title75_0_, major0_.enabled as enabled75_0_, major0_.description as descript5_75_0_, major0_.program_fk as program6_75_0_ from major major0_ where major0_.id=?
18:50:54.973 [main] DEBUG org.hibernate.loader.Loader - Static select for action ACTION_MERGE on entity com.jstudyplanner.domain.Major: select major0_.id as id75_0_, major0_.code as code75_0_, major0_.title as title75_0_, major0_.enabled as enabled75_0_, major0_.description as descript5_75_0_, major0_.program_fk as program6_75_0_ from major major0_ where major0_.id=?
18:50:54.973 [main] DEBUG org.hibernate.loader.Loader - Static select for action ACTION_REFRESH on entity com.jstudyplanner.domain.Major: select major0_.id as id75_0_, major0_.code as code75_0_, major0_.title as title75_0_, major0_.enabled as enabled75_0_, major0_.description as descript5_75_0_, major0_.program_fk as program6_75_0_ from major major0_ where major0_.id=?
18:50:54.973 [main] DEBUG org.hibernate.loader.Loader - Static select for entity com.jstudyplanner.domain.Program [NONE]: select program0_.id as id77_0_, program0_.code as code77_0_, program0_.title as title77_0_, program0_.enabled as enabled77_0_, program0_.description as descript5_77_0_, program0_.career as career77_0_, program0_.number_of_courses as number7_77_0_ from program program0_ where program0_.id=?
18:50:54.973 [main] DEBUG org.hibernate.loader.Loader - Static select for entity com.jstudyplanner.domain.Program [READ]: select program0_.id as id77_0_, program0_.code as code77_0_, program0_.title as title77_0_, program0_.enabled as enabled77_0_, program0_.description as descript5_77_0_, program0_.career as career77_0_, program0_.number_of_courses as number7_77_0_ from program program0_ where program0_.id=?
18:50:54.974 [main] DEBUG org.hibernate.loader.Loader - Static select for entity com.jstudyplanner.domain.Program [UPGRADE]: select program0_.id as id77_0_, program0_.code as code77_0_, program0_.title as title77_0_, program0_.enabled as enabled77_0_, program0_.description as descript5_77_0_, program0_.career as career77_0_, program0_.number_of_courses as number7_77_0_ from program program0_ where program0_.id=? for update
18:50:54.974 [main] DEBUG org.hibernate.loader.Loader - Static select for entity com.jstudyplanner.domain.Program [UPGRADE_NOWAIT]: select program0_.id as id77_0_, program0_.code as code77_0_, program0_.title as title77_0_, program0_.enabled as enabled77_0_, program0_.description as descript5_77_0_, program0_.career as career77_0_, program0_.number_of_courses as number7_77_0_ from program program0_ where program0_.id=? for update
18:50:54.974 [main] DEBUG org.hibernate.loader.Loader - Static select for entity com.jstudyplanner.domain.Program [FORCE]: select program0_.id as id77_0_, program0_.code as code77_0_, program0_.title as title77_0_, program0_.enabled as enabled77_0_, program0_.description as descript5_77_0_, program0_.career as career77_0_, program0_.number_of_courses as number7_77_0_ from program program0_ where program0_.id=? for update
18:50:54.974 [main] DEBUG org.hibernate.loader.Loader - Static select for entity com.jstudyplanner.domain.Program [PESSIMISTIC_READ]: select program0_.id as id77_0_, program0_.code as code77_0_, program0_.title as title77_0_, program0_.enabled as enabled77_0_, program0_.description as descript5_77_0_, program0_.career as career77_0_, program0_.number_of_courses as number7_77_0_ from program program0_ where program0_.id=? lock in share mode
18:50:54.974 [main] DEBUG org.hibernate.loader.Loader - Static select for entity com.jstudyplanner.domain.Program [PESSIMISTIC_WRITE]: select program0_.id as id77_0_, program0_.code as code77_0_, program0_.title as title77_0_, program0_.enabled as enabled77_0_, program0_.description as descript5_77_0_, program0_.career as career77_0_, program0_.number_of_courses as number7_77_0_ from program program0_ where program0_.id=? for update
18:50:54.974 [main] DEBUG org.hibernate.loader.Loader - Static select for entity com.jstudyplanner.domain.Program [PESSIMISTIC_FORCE_INCREMENT]: select program0_.id as id77_0_, program0_.code as code77_0_, program0_.title as title77_0_, program0_.enabled as enabled77_0_, program0_.description as descript5_77_0_, program0_.career as career77_0_, program0_.number_of_courses as number7_77_0_ from program program0_ where program0_.id=? for update
18:50:54.974 [main] DEBUG org.hibernate.loader.Loader - Static select for entity com.jstudyplanner.domain.Program [OPTIMISTIC]: select program0_.id as id77_0_, program0_.code as code77_0_, program0_.title as title77_0_, program0_.enabled as enabled77_0_, program0_.description as descript5_77_0_, program0_.career as career77_0_, program0_.number_of_courses as number7_77_0_ from program program0_ where program0_.id=?
18:50:54.974 [main] DEBUG org.hibernate.loader.Loader - Static select for entity com.jstudyplanner.domain.Program [OPTIMISTIC_FORCE_INCREMENT]: select program0_.id as id77_0_, program0_.code as code77_0_, program0_.title as title77_0_, program0_.enabled as enabled77_0_, program0_.description as descript5_77_0_, program0_.career as career77_0_, program0_.number_of_courses as number7_77_0_ from program program0_ where program0_.id=?
18:50:54.974 [main] DEBUG org.hibernate.loader.Loader - Static select for action ACTION_MERGE on entity com.jstudyplanner.domain.Program: select program0_.id as id77_0_, program0_.code as code77_0_, program0_.title as title77_0_, program0_.enabled as enabled77_0_, program0_.description as descript5_77_0_, program0_.career as career77_0_, program0_.number_of_courses as number7_77_0_ from program program0_ where program0_.id=?
18:50:54.975 [main] DEBUG org.hibernate.loader.Loader - Static select for action ACTION_REFRESH on entity com.jstudyplanner.domain.Program: select program0_.id as id77_0_, program0_.code as code77_0_, program0_.title as title77_0_, program0_.enabled as enabled77_0_, program0_.description as descript5_77_0_, program0_.career as career77_0_, program0_.number_of_courses as number7_77_0_ from program program0_ where program0_.id=?
18:50:54.975 [main] DEBUG org.hibernate.loader.Loader - Static select for entity com.jstudyplanner.domain.Admin [NONE]: select admin0_.id as id83_0_, admin0_.utype as utype83_0_, admin0_.email as email83_0_, admin0_.username as username83_0_, admin0_.password as password83_0_, admin0_.enabled as enabled83_0_, admin0_.first_name as first7_83_0_, admin0_.last_name as last8_83_0_, admin0_.phone as phone83_0_ from user admin0_ where admin0_.id=? and admin0_.utype='admin'
18:50:54.975 [main] DEBUG org.hibernate.loader.Loader - Static select for entity com.jstudyplanner.domain.Admin [READ]: select admin0_.id as id83_0_, admin0_.utype as utype83_0_, admin0_.email as email83_0_, admin0_.username as username83_0_, admin0_.password as password83_0_, admin0_.enabled as enabled83_0_, admin0_.first_name as first7_83_0_, admin0_.last_name as last8_83_0_, admin0_.phone as phone83_0_ from user admin0_ where admin0_.id=? and admin0_.utype='admin'
18:50:54.975 [main] DEBUG org.hibernate.loader.Loader - Static select for entity com.jstudyplanner.domain.Admin [UPGRADE]: select admin0_.id as id83_0_, admin0_.utype as utype83_0_, admin0_.email as email83_0_, admin0_.username as username83_0_, admin0_.password as password83_0_, admin0_.enabled as enabled83_0_, admin0_.first_name as first7_83_0_, admin0_.last_name as last8_83_0_, admin0_.phone as phone83_0_ from user admin0_ where admin0_.id=? and admin0_.utype='admin' for update
18:50:54.975 [main] DEBUG org.hibernate.loader.Loader - Static select for entity com.jstudyplanner.domain.Admin [UPGRADE_NOWAIT]: select admin0_.id as id83_0_, admin0_.utype as utype83_0_, admin0_.email as email83_0_, admin0_.username as username83_0_, admin0_.password as password83_0_, admin0_.enabled as enabled83_0_, admin0_.first_name as first7_83_0_, admin0_.last_name as last8_83_0_, admin0_.phone as phone83_0_ from user admin0_ where admin0_.id=? and admin0_.utype='admin' for update
18:50:54.975 [main] DEBUG org.hibernate.loader.Loader - Static select for entity com.jstudyplanner.domain.Admin [FORCE]: select admin0_.id as id83_0_, admin0_.utype as utype83_0_, admin0_.email as email83_0_, admin0_.username as username83_0_, admin0_.password as password83_0_, admin0_.enabled as enabled83_0_, admin0_.first_name as first7_83_0_, admin0_.last_name as last8_83_0_, admin0_.phone as phone83_0_ from user admin0_ where admin0_.id=? and admin0_.utype='admin' for update
18:50:54.975 [main] DEBUG org.hibernate.loader.Loader - Static select for entity com.jstudyplanner.domain.Admin [PESSIMISTIC_READ]: select admin0_.id as id83_0_, admin0_.utype as utype83_0_, admin0_.email as email83_0_, admin0_.username as username83_0_, admin0_.password as password83_0_, admin0_.enabled as enabled83_0_, admin0_.first_name as first7_83_0_, admin0_.last_name as last8_83_0_, admin0_.phone as phone83_0_ from user admin0_ where admin0_.id=? and admin0_.utype='admin' lock in share mode
18:50:54.975 [main] DEBUG org.hibernate.loader.Loader - Static select for entity com.jstudyplanner.domain.Admin [PESSIMISTIC_WRITE]: select admin0_.id as id83_0_, admin0_.utype as utype83_0_, admin0_.email as email83_0_, admin0_.username as username83_0_, admin0_.password as password83_0_, admin0_.enabled as enabled83_0_, admin0_.first_name as first7_83_0_, admin0_.last_name as last8_83_0_, admin0_.phone as phone83_0_ from user admin0_ where admin0_.id=? and admin0_.utype='admin' for update
18:50:54.976 [main] DEBUG org.hibernate.loader.Loader - Static select for entity com.jstudyplanner.domain.Admin [PESSIMISTIC_FORCE_INCREMENT]: select admin0_.id as id83_0_, admin0_.utype as utype83_0_, admin0_.email as email83_0_, admin0_.username as username83_0_, admin0_.password as password83_0_, admin0_.enabled as enabled83_0_, admin0_.first_name as first7_83_0_, admin0_.last_name as last8_83_0_, admin0_.phone as phone83_0_ from user admin0_ where admin0_.id=? and admin0_.utype='admin' for update
18:50:54.976 [main] DEBUG org.hibernate.loader.Loader - Static select for entity com.jstudyplanner.domain.Admin [OPTIMISTIC]: select admin0_.id as id83_0_, admin0_.utype as utype83_0_, admin0_.email as email83_0_, admin0_.username as username83_0_, admin0_.password as password83_0_, admin0_.enabled as enabled83_0_, admin0_.first_name as first7_83_0_, admin0_.last_name as last8_83_0_, admin0_.phone as phone83_0_ from user admin0_ where admin0_.id=? and admin0_.utype='admin'
18:50:54.976 [main] DEBUG org.hibernate.loader.Loader - Static select for entity com.jstudyplanner.domain.Admin [OPTIMISTIC_FORCE_INCREMENT]: select admin0_.id as id83_0_, admin0_.utype as utype83_0_, admin0_.email as email83_0_, admin0_.username as username83_0_, admin0_.password as password83_0_, admin0_.enabled as enabled83_0_, admin0_.first_name as first7_83_0_, admin0_.last_name as last8_83_0_, admin0_.phone as phone83_0_ from user admin0_ where admin0_.id=? and admin0_.utype='admin'
18:50:54.976 [main] DEBUG org.hibernate.loader.Loader - Static select for action ACTION_MERGE on entity com.jstudyplanner.domain.Admin: select admin0_.id as id83_0_, admin0_.utype as utype83_0_, admin0_.email as email83_0_, admin0_.username as username83_0_, admin0_.password as password83_0_, admin0_.enabled as enabled83_0_, admin0_.first_name as first7_83_0_, admin0_.last_name as last8_83_0_, admin0_.phone as phone83_0_ from user admin0_ where admin0_.id=? and admin0_.utype='admin'
18:50:54.976 [main] DEBUG org.hibernate.loader.Loader - Static select for action ACTION_REFRESH on entity com.jstudyplanner.domain.Admin: select admin0_.id as id83_0_, admin0_.utype as utype83_0_, admin0_.email as email83_0_, admin0_.username as username83_0_, admin0_.password as password83_0_, admin0_.enabled as enabled83_0_, admin0_.first_name as first7_83_0_, admin0_.last_name as last8_83_0_, admin0_.phone as phone83_0_ from user admin0_ where admin0_.id=? and admin0_.utype='admin'
18:50:54.976 [main] DEBUG org.hibernate.loader.Loader - Static select for entity com.jstudyplanner.domain.Staff [NONE]: select staff0_.id as id83_0_, staff0_.utype as utype83_0_, staff0_.email as email83_0_, staff0_.username as username83_0_, staff0_.password as password83_0_, staff0_.enabled as enabled83_0_, staff0_.first_name as first7_83_0_, staff0_.last_name as last8_83_0_, staff0_.phone as phone83_0_ from user staff0_ where staff0_.id=? and staff0_.utype='staff'
18:50:54.977 [main] DEBUG org.hibernate.loader.Loader - Static select for entity com.jstudyplanner.domain.Staff [READ]: select staff0_.id as id83_0_, staff0_.utype as utype83_0_, staff0_.email as email83_0_, staff0_.username as username83_0_, staff0_.password as password83_0_, staff0_.enabled as enabled83_0_, staff0_.first_name as first7_83_0_, staff0_.last_name as last8_83_0_, staff0_.phone as phone83_0_ from user staff0_ where staff0_.id=? and staff0_.utype='staff'
18:50:54.977 [main] DEBUG org.hibernate.loader.Loader - Static select for entity com.jstudyplanner.domain.Staff [UPGRADE]: select staff0_.id as id83_0_, staff0_.utype as utype83_0_, staff0_.email as email83_0_, staff0_.username as username83_0_, staff0_.password as password83_0_, staff0_.enabled as enabled83_0_, staff0_.first_name as first7_83_0_, staff0_.last_name as last8_83_0_, staff0_.phone as phone83_0_ from user staff0_ where staff0_.id=? and staff0_.utype='staff' for update
18:50:54.977 [main] DEBUG org.hibernate.loader.Loader - Static select for entity com.jstudyplanner.domain.Staff [UPGRADE_NOWAIT]: select staff0_.id as id83_0_, staff0_.utype as utype83_0_, staff0_.email as email83_0_, staff0_.username as username83_0_, staff0_.password as password83_0_, staff0_.enabled as enabled83_0_, staff0_.first_name as first7_83_0_, staff0_.last_name as last8_83_0_, staff0_.phone as phone83_0_ from user staff0_ where staff0_.id=? and staff0_.utype='staff' for update
18:50:54.977 [main] DEBUG org.hibernate.loader.Loader - Static select for entity com.jstudyplanner.domain.Staff [FORCE]: select staff0_.id as id83_0_, staff0_.utype as utype83_0_, staff0_.email as email83_0_, staff0_.username as username83_0_, staff0_.password as password83_0_, staff0_.enabled as enabled83_0_, staff0_.first_name as first7_83_0_, staff0_.last_name as last8_83_0_, staff0_.phone as phone83_0_ from user staff0_ where staff0_.id=? and staff0_.utype='staff' for update
18:50:54.977 [main] DEBUG org.hibernate.loader.Loader - Static select for entity com.jstudyplanner.domain.Staff [PESSIMISTIC_READ]: select staff0_.id as id83_0_, staff0_.utype as utype83_0_, staff0_.email as email83_0_, staff0_.username as username83_0_, staff0_.password as password83_0_, staff0_.enabled as enabled83_0_, staff0_.first_name as first7_83_0_, staff0_.last_name as last8_83_0_, staff0_.phone as phone83_0_ from user staff0_ where staff0_.id=? and staff0_.utype='staff' lock in share mode
18:50:54.977 [main] DEBUG org.hibernate.loader.Loader - Static select for entity com.jstudyplanner.domain.Staff [PESSIMISTIC_WRITE]: select staff0_.id as id83_0_, staff0_.utype as utype83_0_, staff0_.email as email83_0_, staff0_.username as username83_0_, staff0_.password as password83_0_, staff0_.enabled as enabled83_0_, staff0_.first_name as first7_83_0_, staff0_.last_name as last8_83_0_, staff0_.phone as phone83_0_ from user staff0_ where staff0_.id=? and staff0_.utype='staff' for update
18:50:54.977 [main] DEBUG org.hibernate.loader.Loader - Static select for entity com.jstudyplanner.domain.Staff [PESSIMISTIC_FORCE_INCREMENT]: select staff0_.id as id83_0_, staff0_.utype as utype83_0_, staff0_.email as email83_0_, staff0_.username as username83_0_, staff0_.password as password83_0_, staff0_.enabled as enabled83_0_, staff0_.first_name as first7_83_0_, staff0_.last_name as last8_83_0_, staff0_.phone as phone83_0_ from user staff0_ where staff0_.id=? and staff0_.utype='staff' for update
18:50:54.978 [main] DEBUG org.hibernate.loader.Loader - Static select for entity com.jstudyplanner.domain.Staff [OPTIMISTIC]: select staff0_.id as id83_0_, staff0_.utype as utype83_0_, staff0_.email as email83_0_, staff0_.username as username83_0_, staff0_.password as password83_0_, staff0_.enabled as enabled83_0_, staff0_.first_name as first7_83_0_, staff0_.last_name as last8_83_0_, staff0_.phone as phone83_0_ from user staff0_ where staff0_.id=? and staff0_.utype='staff'
18:50:54.978 [main] DEBUG org.hibernate.loader.Loader - Static select for entity com.jstudyplanner.domain.Staff [OPTIMISTIC_FORCE_INCREMENT]: select staff0_.id as id83_0_, staff0_.utype as utype83_0_, staff0_.email as email83_0_, staff0_.username as username83_0_, staff0_.password as password83_0_, staff0_.enabled as enabled83_0_, staff0_.first_name as first7_83_0_, staff0_.last_name as last8_83_0_, staff0_.phone as phone83_0_ from user staff0_ where staff0_.id=? and staff0_.utype='staff'
18:50:54.978 [main] DEBUG org.hibernate.loader.Loader - Static select for action ACTION_MERGE on entity com.jstudyplanner.domain.Staff: select staff0_.id as id83_0_, staff0_.utype as utype83_0_, staff0_.email as email83_0_, staff0_.username as username83_0_, staff0_.password as password83_0_, staff0_.enabled as enabled83_0_, staff0_.first_name as first7_83_0_, staff0_.last_name as last8_83_0_, staff0_.phone as phone83_0_ from user staff0_ where staff0_.id=? and staff0_.utype='staff'
18:50:54.978 [main] DEBUG org.hibernate.loader.Loader - Static select for action ACTION_REFRESH on entity com.jstudyplanner.domain.Staff: select staff0_.id as id83_0_, staff0_.utype as utype83_0_, staff0_.email as email83_0_, staff0_.username as username83_0_, staff0_.password as password83_0_, staff0_.enabled as enabled83_0_, staff0_.first_name as first7_83_0_, staff0_.last_name as last8_83_0_, staff0_.phone as phone83_0_ from user staff0_ where staff0_.id=? and staff0_.utype='staff'
18:50:54.978 [main] DEBUG org.hibernate.loader.Loader - Static select for entity com.jstudyplanner.domain.Campus [NONE]: select campus0_.id as id72_0_, campus0_.code as code72_0_, campus0_.title as title72_0_, campus0_.enabled as enabled72_0_, campus0_.address as address72_0_, campus0_.phone as phone72_0_, campus0_.description as descript7_72_0_ from campus campus0_ where campus0_.id=?
18:50:54.978 [main] DEBUG org.hibernate.loader.Loader - Static select for entity com.jstudyplanner.domain.Campus [READ]: select campus0_.id as id72_0_, campus0_.code as code72_0_, campus0_.title as title72_0_, campus0_.enabled as enabled72_0_, campus0_.address as address72_0_, campus0_.phone as phone72_0_, campus0_.description as descript7_72_0_ from campus campus0_ where campus0_.id=?
18:50:54.979 [main] DEBUG org.hibernate.loader.Loader - Static select for entity com.jstudyplanner.domain.Campus [UPGRADE]: select campus0_.id as id72_0_, campus0_.code as code72_0_, campus0_.title as title72_0_, campus0_.enabled as enabled72_0_, campus0_.address as address72_0_, campus0_.phone as phone72_0_, campus0_.description as descript7_72_0_ from campus campus0_ where campus0_.id=? for update
18:50:54.979 [main] DEBUG org.hibernate.loader.Loader - Static select for entity com.jstudyplanner.domain.Campus [UPGRADE_NOWAIT]: select campus0_.id as id72_0_, campus0_.code as code72_0_, campus0_.title as title72_0_, campus0_.enabled as enabled72_0_, campus0_.address as address72_0_, campus0_.phone as phone72_0_, campus0_.description as descript7_72_0_ from campus campus0_ where campus0_.id=? for update
18:50:54.979 [main] DEBUG org.hibernate.loader.Loader - Static select for entity com.jstudyplanner.domain.Campus [FORCE]: select campus0_.id as id72_0_, campus0_.code as code72_0_, campus0_.title as title72_0_, campus0_.enabled as enabled72_0_, campus0_.address as address72_0_, campus0_.phone as phone72_0_, campus0_.description as descript7_72_0_ from campus campus0_ where campus0_.id=? for update
18:50:54.979 [main] DEBUG org.hibernate.loader.Loader - Static select for entity com.jstudyplanner.domain.Campus [PESSIMISTIC_READ]: select campus0_.id as id72_0_, campus0_.code as code72_0_, campus0_.title as title72_0_, campus0_.enabled as enabled72_0_, campus0_.address as address72_0_, campus0_.phone as phone72_0_, campus0_.description as descript7_72_0_ from campus campus0_ where campus0_.id=? lock in share mode
18:50:54.979 [main] DEBUG org.hibernate.loader.Loader - Static select for entity com.jstudyplanner.domain.Campus [PESSIMISTIC_WRITE]: select campus0_.id as id72_0_, campus0_.code as code72_0_, campus0_.title as title72_0_, campus0_.enabled as enabled72_0_, campus0_.address as address72_0_, campus0_.phone as phone72_0_, campus0_.description as descript7_72_0_ from campus campus0_ where campus0_.id=? for update
18:50:54.979 [main] DEBUG org.hibernate.loader.Loader - Static select for entity com.jstudyplanner.domain.Campus [PESSIMISTIC_FORCE_INCREMENT]: select campus0_.id as id72_0_, campus0_.code as code72_0_, campus0_.title as title72_0_, campus0_.enabled as enabled72_0_, campus0_.address as address72_0_, campus0_.phone as phone72_0_, campus0_.description as descript7_72_0_ from campus campus0_ where campus0_.id=? for update
18:50:54.979 [main] DEBUG org.hibernate.loader.Loader - Static select for entity com.jstudyplanner.domain.Campus [OPTIMISTIC]: select campus0_.id as id72_0_, campus0_.code as code72_0_, campus0_.title as title72_0_, campus0_.enabled as enabled72_0_, campus0_.address as address72_0_, campus0_.phone as phone72_0_, campus0_.description as descript7_72_0_ from campus campus0_ where campus0_.id=?
18:50:54.980 [main] DEBUG org.hibernate.loader.Loader - Static select for entity com.jstudyplanner.domain.Campus [OPTIMISTIC_FORCE_INCREMENT]: select campus0_.id as id72_0_, campus0_.code as code72_0_, campus0_.title as title72_0_, campus0_.enabled as enabled72_0_, campus0_.address as address72_0_, campus0_.phone as phone72_0_, campus0_.description as descript7_72_0_ from campus campus0_ where campus0_.id=?
18:50:54.980 [main] DEBUG org.hibernate.loader.Loader - Static select for action ACTION_MERGE on entity com.jstudyplanner.domain.Campus: select campus0_.id as id72_0_, campus0_.code as code72_0_, campus0_.title as title72_0_, campus0_.enabled as enabled72_0_, campus0_.address as address72_0_, campus0_.phone as phone72_0_, campus0_.description as descript7_72_0_ from campus campus0_ where campus0_.id=?
18:50:54.980 [main] DEBUG org.hibernate.loader.Loader - Static select for action ACTION_REFRESH on entity com.jstudyplanner.domain.Campus: select campus0_.id as id72_0_, campus0_.code as code72_0_, campus0_.title as title72_0_, campus0_.enabled as enabled72_0_, campus0_.address as address72_0_, campus0_.phone as phone72_0_, campus0_.description as descript7_72_0_ from campus campus0_ where campus0_.id=?
18:50:54.980 [main] DEBUG org.hibernate.loader.Loader - Static select for entity com.jstudyplanner.domain.Term [NONE]: select term0_.id as id80_0_, term0_.year as year80_0_, term0_.number as number80_0_, term0_.start_date as start4_80_0_, term0_.finish_date as finish5_80_0_, term0_.enabled as enabled80_0_ from term term0_ where term0_.id=?
18:50:54.980 [main] DEBUG org.hibernate.loader.Loader - Static select for entity com.jstudyplanner.domain.Term [READ]: select term0_.id as id80_0_, term0_.year as year80_0_, term0_.number as number80_0_, term0_.start_date as start4_80_0_, term0_.finish_date as finish5_80_0_, term0_.enabled as enabled80_0_ from term term0_ where term0_.id=?
18:50:54.980 [main] DEBUG org.hibernate.loader.Loader - Static select for entity com.jstudyplanner.domain.Term [UPGRADE]: select term0_.id as id80_0_, term0_.year as year80_0_, term0_.number as number80_0_, term0_.start_date as start4_80_0_, term0_.finish_date as finish5_80_0_, term0_.enabled as enabled80_0_ from term term0_ where term0_.id=? for update
18:50:54.980 [main] DEBUG org.hibernate.loader.Loader - Static select for entity com.jstudyplanner.domain.Term [UPGRADE_NOWAIT]: select term0_.id as id80_0_, term0_.year as year80_0_, term0_.number as number80_0_, term0_.start_date as start4_80_0_, term0_.finish_date as finish5_80_0_, term0_.enabled as enabled80_0_ from term term0_ where term0_.id=? for update
18:50:54.980 [main] DEBUG org.hibernate.loader.Loader - Static select for entity com.jstudyplanner.domain.Term [FORCE]: select term0_.id as id80_0_, term0_.year as year80_0_, term0_.number as number80_0_, term0_.start_date as start4_80_0_, term0_.finish_date as finish5_80_0_, term0_.enabled as enabled80_0_ from term term0_ where term0_.id=? for update
18:50:54.981 [main] DEBUG org.hibernate.loader.Loader - Static select for entity com.jstudyplanner.domain.Term [PESSIMISTIC_READ]: select term0_.id as id80_0_, term0_.year as year80_0_, term0_.number as number80_0_, term0_.start_date as start4_80_0_, term0_.finish_date as finish5_80_0_, term0_.enabled as enabled80_0_ from term term0_ where term0_.id=? lock in share mode
18:50:54.981 [main] DEBUG org.hibernate.loader.Loader - Static select for entity com.jstudyplanner.domain.Term [PESSIMISTIC_WRITE]: select term0_.id as id80_0_, term0_.year as year80_0_, term0_.number as number80_0_, term0_.start_date as start4_80_0_, term0_.finish_date as finish5_80_0_, term0_.enabled as enabled80_0_ from term term0_ where term0_.id=? for update
18:50:54.981 [main] DEBUG org.hibernate.loader.Loader - Static select for entity com.jstudyplanner.domain.Term [PESSIMISTIC_FORCE_INCREMENT]: select term0_.id as id80_0_, term0_.year as year80_0_, term0_.number as number80_0_, term0_.start_date as start4_80_0_, term0_.finish_date as finish5_80_0_, term0_.enabled as enabled80_0_ from term term0_ where term0_.id=? for update
18:50:54.981 [main] DEBUG org.hibernate.loader.Loader - Static select for entity com.jstudyplanner.domain.Term [OPTIMISTIC]: select term0_.id as id80_0_, term0_.year as year80_0_, term0_.number as number80_0_, term0_.start_date as start4_80_0_, term0_.finish_date as finish5_80_0_, term0_.enabled as enabled80_0_ from term term0_ where term0_.id=?
18:50:54.981 [main] DEBUG org.hibernate.loader.Loader - Static select for entity com.jstudyplanner.domain.Term [OPTIMISTIC_FORCE_INCREMENT]: select term0_.id as id80_0_, term0_.year as year80_0_, term0_.number as number80_0_, term0_.start_date as start4_80_0_, term0_.finish_date as finish5_80_0_, term0_.enabled as enabled80_0_ from term term0_ where term0_.id=?
18:50:54.981 [main] DEBUG org.hibernate.loader.Loader - Static select for action ACTION_MERGE on entity com.jstudyplanner.domain.Term: select term0_.id as id80_0_, term0_.year as year80_0_, term0_.number as number80_0_, term0_.start_date as start4_80_0_, term0_.finish_date as finish5_80_0_, term0_.enabled as enabled80_0_ from term term0_ where term0_.id=?
18:50:54.981 [main] DEBUG org.hibernate.loader.Loader - Static select for action ACTION_REFRESH on entity com.jstudyplanner.domain.Term: select term0_.id as id80_0_, term0_.year as year80_0_, term0_.number as number80_0_, term0_.start_date as start4_80_0_, term0_.finish_date as finish5_80_0_, term0_.enabled as enabled80_0_ from term term0_ where term0_.id=?
18:50:54.982 [main] DEBUG org.hibernate.loader.Loader - Static select for entity com.jstudyplanner.domain.Enrollment [NONE]: select enrollment0_.id as id82_0_, enrollment0_.ca_fk as ca2_82_0_, enrollment0_.user_fk as user3_82_0_, enrollment0_.status as status82_0_ from enrollment enrollment0_ where enrollment0_.id=?
18:50:54.982 [main] DEBUG org.hibernate.loader.Loader - Static select for entity com.jstudyplanner.domain.Enrollment [READ]: select enrollment0_.id as id82_0_, enrollment0_.ca_fk as ca2_82_0_, enrollment0_.user_fk as user3_82_0_, enrollment0_.status as status82_0_ from enrollment enrollment0_ where enrollment0_.id=?
18:50:54.982 [main] DEBUG org.hibernate.loader.Loader - Static select for entity com.jstudyplanner.domain.Enrollment [UPGRADE]: select enrollment0_.id as id82_0_, enrollment0_.ca_fk as ca2_82_0_, enrollment0_.user_fk as user3_82_0_, enrollment0_.status as status82_0_ from enrollment enrollment0_ where enrollment0_.id=? for update
18:50:54.982 [main] DEBUG org.hibernate.loader.Loader - Static select for entity com.jstudyplanner.domain.Enrollment [UPGRADE_NOWAIT]: select enrollment0_.id as id82_0_, enrollment0_.ca_fk as ca2_82_0_, enrollment0_.user_fk as user3_82_0_, enrollment0_.status as status82_0_ from enrollment enrollment0_ where enrollment0_.id=? for update
18:50:54.982 [main] DEBUG org.hibernate.loader.Loader - Static select for entity com.jstudyplanner.domain.Enrollment [FORCE]: select enrollment0_.id as id82_0_, enrollment0_.ca_fk as ca2_82_0_, enrollment0_.user_fk as user3_82_0_, enrollment0_.status as status82_0_ from enrollment enrollment0_ where enrollment0_.id=? for update
18:50:54.982 [main] DEBUG org.hibernate.loader.Loader - Static select for entity com.jstudyplanner.domain.Enrollment [PESSIMISTIC_READ]: select enrollment0_.id as id82_0_, enrollment0_.ca_fk as ca2_82_0_, enrollment0_.user_fk as user3_82_0_, enrollment0_.status as status82_0_ from enrollment enrollment0_ where enrollment0_.id=? lock in share mode
18:50:54.982 [main] DEBUG org.hibernate.loader.Loader - Static select for entity com.jstudyplanner.domain.Enrollment [PESSIMISTIC_WRITE]: select enrollment0_.id as id82_0_, enrollment0_.ca_fk as ca2_82_0_, enrollment0_.user_fk as user3_82_0_, enrollment0_.status as status82_0_ from enrollment enrollment0_ where enrollment0_.id=? for update
18:50:54.983 [main] DEBUG org.hibernate.loader.Loader - Static select for entity com.jstudyplanner.domain.Enrollment [PESSIMISTIC_FORCE_INCREMENT]: select enrollment0_.id as id82_0_, enrollment0_.ca_fk as ca2_82_0_, enrollment0_.user_fk as user3_82_0_, enrollment0_.status as status82_0_ from enrollment enrollment0_ where enrollment0_.id=? for update
18:50:54.983 [main] DEBUG org.hibernate.loader.Loader - Static select for entity com.jstudyplanner.domain.Enrollment [OPTIMISTIC]: select enrollment0_.id as id82_0_, enrollment0_.ca_fk as ca2_82_0_, enrollment0_.user_fk as user3_82_0_, enrollment0_.status as status82_0_ from enrollment enrollment0_ where enrollment0_.id=?
18:50:54.983 [main] DEBUG org.hibernate.loader.Loader - Static select for entity com.jstudyplanner.domain.Enrollment [OPTIMISTIC_FORCE_INCREMENT]: select enrollment0_.id as id82_0_, enrollment0_.ca_fk as ca2_82_0_, enrollment0_.user_fk as user3_82_0_, enrollment0_.status as status82_0_ from enrollment enrollment0_ where enrollment0_.id=?
18:50:54.983 [main] DEBUG org.hibernate.loader.Loader - Static select for action ACTION_MERGE on entity com.jstudyplanner.domain.Enrollment: select enrollment0_.id as id82_0_, enrollment0_.ca_fk as ca2_82_0_, enrollment0_.user_fk as user3_82_0_, enrollment0_.status as status82_0_ from enrollment enrollment0_ where enrollment0_.id=?
18:50:54.983 [main] DEBUG org.hibernate.loader.Loader - Static select for action ACTION_REFRESH on entity com.jstudyplanner.domain.Enrollment: select enrollment0_.id as id82_0_, enrollment0_.ca_fk as ca2_82_0_, enrollment0_.user_fk as user3_82_0_, enrollment0_.status as status82_0_ from enrollment enrollment0_ where enrollment0_.id=?
18:50:54.983 [main] DEBUG org.hibernate.loader.Loader - Static select for entity com.jstudyplanner.domain.Student [NONE]: select student0_.id as id83_0_, student0_.utype as utype83_0_, student0_.email as email83_0_, student0_.username as username83_0_, student0_.password as password83_0_, student0_.enabled as enabled83_0_, student0_.first_name as first7_83_0_, student0_.last_name as last8_83_0_, student0_.phone as phone83_0_, student0_.student_type as student10_83_0_, student0_.major_id as major11_83_0_, student0_.campus_id as campus12_83_0_ from user student0_ where student0_.id=? and student0_.utype='student'
18:50:54.984 [main] DEBUG org.hibernate.loader.Loader - Static select for entity com.jstudyplanner.domain.Student [READ]: select student0_.id as id83_0_, student0_.utype as utype83_0_, student0_.email as email83_0_, student0_.username as username83_0_, student0_.password as password83_0_, student0_.enabled as enabled83_0_, student0_.first_name as first7_83_0_, student0_.last_name as last8_83_0_, student0_.phone as phone83_0_, student0_.student_type as student10_83_0_, student0_.major_id as major11_83_0_, student0_.campus_id as campus12_83_0_ from user student0_ where student0_.id=? and student0_.utype='student'
18:50:54.984 [main] DEBUG org.hibernate.loader.Loader - Static select for entity com.jstudyplanner.domain.Student [UPGRADE]: select student0_.id as id83_0_, student0_.utype as utype83_0_, student0_.email as email83_0_, student0_.username as username83_0_, student0_.password as password83_0_, student0_.enabled as enabled83_0_, student0_.first_name as first7_83_0_, student0_.last_name as last8_83_0_, student0_.phone as phone83_0_, student0_.student_type as student10_83_0_, student0_.major_id as major11_83_0_, student0_.campus_id as campus12_83_0_ from user student0_ where student0_.id=? and student0_.utype='student' for update
18:50:54.984 [main] DEBUG org.hibernate.loader.Loader - Static select for entity com.jstudyplanner.domain.Student [UPGRADE_NOWAIT]: select student0_.id as id83_0_, student0_.utype as utype83_0_, student0_.email as email83_0_, student0_.username as username83_0_, student0_.password as password83_0_, student0_.enabled as enabled83_0_, student0_.first_name as first7_83_0_, student0_.last_name as last8_83_0_, student0_.phone as phone83_0_, student0_.student_type as student10_83_0_, student0_.major_id as major11_83_0_, student0_.campus_id as campus12_83_0_ from user student0_ where student0_.id=? and student0_.utype='student' for update
18:50:54.984 [main] DEBUG org.hibernate.loader.Loader - Static select for entity com.jstudyplanner.domain.Student [FORCE]: select student0_.id as id83_0_, student0_.utype as utype83_0_, student0_.email as email83_0_, student0_.username as username83_0_, student0_.password as password83_0_, student0_.enabled as enabled83_0_, student0_.first_name as first7_83_0_, student0_.last_name as last8_83_0_, student0_.phone as phone83_0_, student0_.student_type as student10_83_0_, student0_.major_id as major11_83_0_, student0_.campus_id as campus12_83_0_ from user student0_ where student0_.id=? and student0_.utype='student' for update
18:50:54.984 [main] DEBUG org.hibernate.loader.Loader - Static select for entity com.jstudyplanner.domain.Student [PESSIMISTIC_READ]: select student0_.id as id83_0_, student0_.utype as utype83_0_, student0_.email as email83_0_, student0_.username as username83_0_, student0_.password as password83_0_, student0_.enabled as enabled83_0_, student0_.first_name as first7_83_0_, student0_.last_name as last8_83_0_, student0_.phone as phone83_0_, student0_.student_type as student10_83_0_, student0_.major_id as major11_83_0_, student0_.campus_id as campus12_83_0_ from user student0_ where student0_.id=? and student0_.utype='student' lock in share mode
18:50:54.984 [main] DEBUG org.hibernate.loader.Loader - Static select for entity com.jstudyplanner.domain.Student [PESSIMISTIC_WRITE]: select student0_.id as id83_0_, student0_.utype as utype83_0_, student0_.email as email83_0_, student0_.username as username83_0_, student0_.password as password83_0_, student0_.enabled as enabled83_0_, student0_.first_name as first7_83_0_, student0_.last_name as last8_83_0_, student0_.phone as phone83_0_, student0_.student_type as student10_83_0_, student0_.major_id as major11_83_0_, student0_.campus_id as campus12_83_0_ from user student0_ where student0_.id=? and student0_.utype='student' for update
18:50:54.985 [main] DEBUG org.hibernate.loader.Loader - Static select for entity com.jstudyplanner.domain.Student [PESSIMISTIC_FORCE_INCREMENT]: select student0_.id as id83_0_, student0_.utype as utype83_0_, student0_.email as email83_0_, student0_.username as username83_0_, student0_.password as password83_0_, student0_.enabled as enabled83_0_, student0_.first_name as first7_83_0_, student0_.last_name as last8_83_0_, student0_.phone as phone83_0_, student0_.student_type as student10_83_0_, student0_.major_id as major11_83_0_, student0_.campus_id as campus12_83_0_ from user student0_ where student0_.id=? and student0_.utype='student' for update
18:50:54.985 [main] DEBUG org.hibernate.loader.Loader - Static select for entity com.jstudyplanner.domain.Student [OPTIMISTIC]: select student0_.id as id83_0_, student0_.utype as utype83_0_, student0_.email as email83_0_, student0_.username as username83_0_, student0_.password as password83_0_, student0_.enabled as enabled83_0_, student0_.first_name as first7_83_0_, student0_.last_name as last8_83_0_, student0_.phone as phone83_0_, student0_.student_type as student10_83_0_, student0_.major_id as major11_83_0_, student0_.campus_id as campus12_83_0_ from user student0_ where student0_.id=? and student0_.utype='student'
18:50:54.985 [main] DEBUG org.hibernate.loader.Loader - Static select for entity com.jstudyplanner.domain.Student [OPTIMISTIC_FORCE_INCREMENT]: select student0_.id as id83_0_, student0_.utype as utype83_0_, student0_.email as email83_0_, student0_.username as username83_0_, student0_.password as password83_0_, student0_.enabled as enabled83_0_, student0_.first_name as first7_83_0_, student0_.last_name as last8_83_0_, student0_.phone as phone83_0_, student0_.student_type as student10_83_0_, student0_.major_id as major11_83_0_, student0_.campus_id as campus12_83_0_ from user student0_ where student0_.id=? and student0_.utype='student'
18:50:54.985 [main] DEBUG org.hibernate.loader.Loader - Static select for action ACTION_MERGE on entity com.jstudyplanner.domain.Student: select student0_.id as id83_0_, student0_.utype as utype83_0_, student0_.email as email83_0_, student0_.username as username83_0_, student0_.password as password83_0_, student0_.enabled as enabled83_0_, student0_.first_name as first7_83_0_, student0_.last_name as last8_83_0_, student0_.phone as phone83_0_, student0_.student_type as student10_83_0_, student0_.major_id as major11_83_0_, student0_.campus_id as campus12_83_0_ from user student0_ where student0_.id=? and student0_.utype='student'
18:50:54.985 [main] DEBUG org.hibernate.loader.Loader - Static select for action ACTION_REFRESH on entity com.jstudyplanner.domain.Student: select student0_.id as id83_0_, student0_.utype as utype83_0_, student0_.email as email83_0_, student0_.username as username83_0_, student0_.password as password83_0_, student0_.enabled as enabled83_0_, student0_.first_name as first7_83_0_, student0_.last_name as last8_83_0_, student0_.phone as phone83_0_, student0_.student_type as student10_83_0_, student0_.major_id as major11_83_0_, student0_.campus_id as campus12_83_0_ from user student0_ where student0_.id=? and student0_.utype='student'
18:50:54.985 [main] DEBUG org.hibernate.loader.Loader - Static select for entity com.jstudyplanner.domain.User [NONE]: select user0_.id as id83_0_, user0_.utype as utype83_0_, user0_.email as email83_0_, user0_.username as username83_0_, user0_.password as password83_0_, user0_.enabled as enabled83_0_, user0_.first_name as first7_83_0_, user0_.last_name as last8_83_0_, user0_.phone as phone83_0_, user0_.student_type as student10_83_0_, user0_.major_id as major11_83_0_, user0_.campus_id as campus12_83_0_ from user user0_ where user0_.id=?
18:50:54.986 [main] DEBUG org.hibernate.loader.Loader - Static select for entity com.jstudyplanner.domain.User [READ]: select user0_.id as id83_0_, user0_.utype as utype83_0_, user0_.email as email83_0_, user0_.username as username83_0_, user0_.password as password83_0_, user0_.enabled as enabled83_0_, user0_.first_name as first7_83_0_, user0_.last_name as last8_83_0_, user0_.phone as phone83_0_, user0_.student_type as student10_83_0_, user0_.major_id as major11_83_0_, user0_.campus_id as campus12_83_0_ from user user0_ where user0_.id=?
18:50:54.986 [main] DEBUG org.hibernate.loader.Loader - Static select for entity com.jstudyplanner.domain.User [UPGRADE]: select user0_.id as id83_0_, user0_.utype as utype83_0_, user0_.email as email83_0_, user0_.username as username83_0_, user0_.password as password83_0_, user0_.enabled as enabled83_0_, user0_.first_name as first7_83_0_, user0_.last_name as last8_83_0_, user0_.phone as phone83_0_, user0_.student_type as student10_83_0_, user0_.major_id as major11_83_0_, user0_.campus_id as campus12_83_0_ from user user0_ where user0_.id=? for update
18:50:54.986 [main] DEBUG org.hibernate.loader.Loader - Static select for entity com.jstudyplanner.domain.User [UPGRADE_NOWAIT]: select user0_.id as id83_0_, user0_.utype as utype83_0_, user0_.email as email83_0_, user0_.username as username83_0_, user0_.password as password83_0_, user0_.enabled as enabled83_0_, user0_.first_name as first7_83_0_, user0_.last_name as last8_83_0_, user0_.phone as phone83_0_, user0_.student_type as student10_83_0_, user0_.major_id as major11_83_0_, user0_.campus_id as campus12_83_0_ from user user0_ where user0_.id=? for update
18:50:54.986 [main] DEBUG org.hibernate.loader.Loader - Static select for entity com.jstudyplanner.domain.User [FORCE]: select user0_.id as id83_0_, user0_.utype as utype83_0_, user0_.email as email83_0_, user0_.username as username83_0_, user0_.password as password83_0_, user0_.enabled as enabled83_0_, user0_.first_name as first7_83_0_, user0_.last_name as last8_83_0_, user0_.phone as phone83_0_, user0_.student_type as student10_83_0_, user0_.major_id as major11_83_0_, user0_.campus_id as campus12_83_0_ from user user0_ where user0_.id=? for update
18:50:54.987 [main] DEBUG org.hibernate.loader.Loader - Static select for entity com.jstudyplanner.domain.User [PESSIMISTIC_READ]: select user0_.id as id83_0_, user0_.utype as utype83_0_, user0_.email as email83_0_, user0_.username as username83_0_, user0_.password as password83_0_, user0_.enabled as enabled83_0_, user0_.first_name as first7_83_0_, user0_.last_name as last8_83_0_, user0_.phone as phone83_0_, user0_.student_type as student10_83_0_, user0_.major_id as major11_83_0_, user0_.campus_id as campus12_83_0_ from user user0_ where user0_.id=? lock in share mode
18:50:54.987 [main] DEBUG org.hibernate.loader.Loader - Static select for entity com.jstudyplanner.domain.User [PESSIMISTIC_WRITE]: select user0_.id as id83_0_, user0_.utype as utype83_0_, user0_.email as email83_0_, user0_.username as username83_0_, user0_.password as password83_0_, user0_.enabled as enabled83_0_, user0_.first_name as first7_83_0_, user0_.last_name as last8_83_0_, user0_.phone as phone83_0_, user0_.student_type as student10_83_0_, user0_.major_id as major11_83_0_, user0_.campus_id as campus12_83_0_ from user user0_ where user0_.id=? for update
18:50:54.987 [main] DEBUG org.hibernate.loader.Loader - Static select for entity com.jstudyplanner.domain.User [PESSIMISTIC_FORCE_INCREMENT]: select user0_.id as id83_0_, user0_.utype as utype83_0_, user0_.email as email83_0_, user0_.username as username83_0_, user0_.password as password83_0_, user0_.enabled as enabled83_0_, user0_.first_name as first7_83_0_, user0_.last_name as last8_83_0_, user0_.phone as phone83_0_, user0_.student_type as student10_83_0_, user0_.major_id as major11_83_0_, user0_.campus_id as campus12_83_0_ from user user0_ where user0_.id=? for update
18:50:54.987 [main] DEBUG org.hibernate.loader.Loader - Static select for entity com.jstudyplanner.domain.User [OPTIMISTIC]: select user0_.id as id83_0_, user0_.utype as utype83_0_, user0_.email as email83_0_, user0_.username as username83_0_, user0_.password as password83_0_, user0_.enabled as enabled83_0_, user0_.first_name as first7_83_0_, user0_.last_name as last8_83_0_, user0_.phone as phone83_0_, user0_.student_type as student10_83_0_, user0_.major_id as major11_83_0_, user0_.campus_id as campus12_83_0_ from user user0_ where user0_.id=?
18:50:54.987 [main] DEBUG org.hibernate.loader.Loader - Static select for entity com.jstudyplanner.domain.User [OPTIMISTIC_FORCE_INCREMENT]: select user0_.id as id83_0_, user0_.utype as utype83_0_, user0_.email as email83_0_, user0_.username as username83_0_, user0_.password as password83_0_, user0_.enabled as enabled83_0_, user0_.first_name as first7_83_0_, user0_.last_name as last8_83_0_, user0_.phone as phone83_0_, user0_.student_type as student10_83_0_, user0_.major_id as major11_83_0_, user0_.campus_id as campus12_83_0_ from user user0_ where user0_.id=?
18:50:54.987 [main] DEBUG org.hibernate.loader.Loader - Static select for action ACTION_MERGE on entity com.jstudyplanner.domain.User: select user0_.id as id83_0_, user0_.utype as utype83_0_, user0_.email as email83_0_, user0_.username as username83_0_, user0_.password as password83_0_, user0_.enabled as enabled83_0_, user0_.first_name as first7_83_0_, user0_.last_name as last8_83_0_, user0_.phone as phone83_0_, user0_.student_type as student10_83_0_, user0_.major_id as major11_83_0_, user0_.campus_id as campus12_83_0_ from user user0_ where user0_.id=?
18:50:54.987 [main] DEBUG org.hibernate.loader.Loader - Static select for action ACTION_REFRESH on entity com.jstudyplanner.domain.User: select user0_.id as id83_0_, user0_.utype as utype83_0_, user0_.email as email83_0_, user0_.username as username83_0_, user0_.password as password83_0_, user0_.enabled as enabled83_0_, user0_.first_name as first7_83_0_, user0_.last_name as last8_83_0_, user0_.phone as phone83_0_, user0_.student_type as student10_83_0_, user0_.major_id as major11_83_0_, user0_.campus_id as campus12_83_0_ from user user0_ where user0_.id=?
18:50:54.988 [main] DEBUG org.hibernate.loader.Loader - Static select for entity com.jstudyplanner.domain.Course [NONE]: select course0_.id as id73_0_, course0_.code as code73_0_, course0_.title as title73_0_, course0_.enabled as enabled73_0_, course0_.description as descript5_73_0_ from course course0_ where course0_.id=?
18:50:54.988 [main] DEBUG org.hibernate.loader.Loader - Static select for entity com.jstudyplanner.domain.Course [READ]: select course0_.id as id73_0_, course0_.code as code73_0_, course0_.title as title73_0_, course0_.enabled as enabled73_0_, course0_.description as descript5_73_0_ from course course0_ where course0_.id=?
18:50:54.988 [main] DEBUG org.hibernate.loader.Loader - Static select for entity com.jstudyplanner.domain.Course [UPGRADE]: select course0_.id as id73_0_, course0_.code as code73_0_, course0_.title as title73_0_, course0_.enabled as enabled73_0_, course0_.description as descript5_73_0_ from course course0_ where course0_.id=? for update
18:50:54.988 [main] DEBUG org.hibernate.loader.Loader - Static select for entity com.jstudyplanner.domain.Course [UPGRADE_NOWAIT]: select course0_.id as id73_0_, course0_.code as code73_0_, course0_.title as title73_0_, course0_.enabled as enabled73_0_, course0_.description as descript5_73_0_ from course course0_ where course0_.id=? for update
18:50:54.988 [main] DEBUG org.hibernate.loader.Loader - Static select for entity com.jstudyplanner.domain.Course [FORCE]: select course0_.id as id73_0_, course0_.code as code73_0_, course0_.title as title73_0_, course0_.enabled as enabled73_0_, course0_.description as descript5_73_0_ from course course0_ where course0_.id=? for update
18:50:54.988 [main] DEBUG org.hibernate.loader.Loader - Static select for entity com.jstudyplanner.domain.Course [PESSIMISTIC_READ]: select course0_.id as id73_0_, course0_.code as code73_0_, course0_.title as title73_0_, course0_.enabled as enabled73_0_, course0_.description as descript5_73_0_ from course course0_ where course0_.id=? lock in share mode
18:50:54.988 [main] DEBUG org.hibernate.loader.Loader - Static select for entity com.jstudyplanner.domain.Course [PESSIMISTIC_WRITE]: select course0_.id as id73_0_, course0_.code as code73_0_, course0_.title as title73_0_, course0_.enabled as enabled73_0_, course0_.description as descript5_73_0_ from course course0_ where course0_.id=? for update
18:50:54.989 [main] DEBUG org.hibernate.loader.Loader - Static select for entity com.jstudyplanner.domain.Course [PESSIMISTIC_FORCE_INCREMENT]: select course0_.id as id73_0_, course0_.code as code73_0_, course0_.title as title73_0_, course0_.enabled as enabled73_0_, course0_.description as descript5_73_0_ from course course0_ where course0_.id=? for update
18:50:54.989 [main] DEBUG org.hibernate.loader.Loader - Static select for entity com.jstudyplanner.domain.Course [OPTIMISTIC]: select course0_.id as id73_0_, course0_.code as code73_0_, course0_.title as title73_0_, course0_.enabled as enabled73_0_, course0_.description as descript5_73_0_ from course course0_ where course0_.id=?
18:50:54.989 [main] DEBUG org.hibernate.loader.Loader - Static select for entity com.jstudyplanner.domain.Course [OPTIMISTIC_FORCE_INCREMENT]: select course0_.id as id73_0_, course0_.code as code73_0_, course0_.title as title73_0_, course0_.enabled as enabled73_0_, course0_.description as descript5_73_0_ from course course0_ where course0_.id=?
18:50:54.989 [main] DEBUG org.hibernate.loader.Loader - Static select for action ACTION_MERGE on entity com.jstudyplanner.domain.Course: select course0_.id as id73_0_, course0_.code as code73_0_, course0_.title as title73_0_, course0_.enabled as enabled73_0_, course0_.description as descript5_73_0_ from course course0_ where course0_.id=?
18:50:54.989 [main] DEBUG org.hibernate.loader.Loader - Static select for action ACTION_REFRESH on entity com.jstudyplanner.domain.Course: select course0_.id as id73_0_, course0_.code as code73_0_, course0_.title as title73_0_, course0_.enabled as enabled73_0_, course0_.description as descript5_73_0_ from course course0_ where course0_.id=?
18:50:54.989 [main] DEBUG org.hibernate.loader.Loader - Static select for entity com.jstudyplanner.domain.CourseAvailability [NONE]: select courseavai0_.id as id81_0_, courseavai0_.term_fk as term2_81_0_, courseavai0_.course_fk as course3_81_0_, courseavai0_.campus_fk as campus4_81_0_, courseavai0_.enabled as enabled81_0_ from course_availability courseavai0_ where courseavai0_.id=?
18:50:54.990 [main] DEBUG org.hibernate.loader.Loader - Static select for entity com.jstudyplanner.domain.CourseAvailability [READ]: select courseavai0_.id as id81_0_, courseavai0_.term_fk as term2_81_0_, courseavai0_.course_fk as course3_81_0_, courseavai0_.campus_fk as campus4_81_0_, courseavai0_.enabled as enabled81_0_ from course_availability courseavai0_ where courseavai0_.id=?
18:50:54.990 [main] DEBUG org.hibernate.loader.Loader - Static select for entity com.jstudyplanner.domain.CourseAvailability [UPGRADE]: select courseavai0_.id as id81_0_, courseavai0_.term_fk as term2_81_0_, courseavai0_.course_fk as course3_81_0_, courseavai0_.campus_fk as campus4_81_0_, courseavai0_.enabled as enabled81_0_ from course_availability courseavai0_ where courseavai0_.id=? for update
18:50:54.990 [main] DEBUG org.hibernate.loader.Loader - Static select for entity com.jstudyplanner.domain.CourseAvailability [UPGRADE_NOWAIT]: select courseavai0_.id as id81_0_, courseavai0_.term_fk as term2_81_0_, courseavai0_.course_fk as course3_81_0_, courseavai0_.campus_fk as campus4_81_0_, courseavai0_.enabled as enabled81_0_ from course_availability courseavai0_ where courseavai0_.id=? for update
18:50:54.990 [main] DEBUG org.hibernate.loader.Loader - Static select for entity com.jstudyplanner.domain.CourseAvailability [FORCE]: select courseavai0_.id as id81_0_, courseavai0_.term_fk as term2_81_0_, courseavai0_.course_fk as course3_81_0_, courseavai0_.campus_fk as campus4_81_0_, courseavai0_.enabled as enabled81_0_ from course_availability courseavai0_ where courseavai0_.id=? for update
18:50:54.990 [main] DEBUG org.hibernate.loader.Loader - Static select for entity com.jstudyplanner.domain.CourseAvailability [PESSIMISTIC_READ]: select courseavai0_.id as id81_0_, courseavai0_.term_fk as term2_81_0_, courseavai0_.course_fk as course3_81_0_, courseavai0_.campus_fk as campus4_81_0_, courseavai0_.enabled as enabled81_0_ from course_availability courseavai0_ where courseavai0_.id=? lock in share mode
18:50:54.990 [main] DEBUG org.hibernate.loader.Loader - Static select for entity com.jstudyplanner.domain.CourseAvailability [PESSIMISTIC_WRITE]: select courseavai0_.id as id81_0_, courseavai0_.term_fk as term2_81_0_, courseavai0_.course_fk as course3_81_0_, courseavai0_.campus_fk as campus4_81_0_, courseavai0_.enabled as enabled81_0_ from course_availability courseavai0_ where courseavai0_.id=? for update
18:50:54.990 [main] DEBUG org.hibernate.loader.Loader - Static select for entity com.jstudyplanner.domain.CourseAvailability [PESSIMISTIC_FORCE_INCREMENT]: select courseavai0_.id as id81_0_, courseavai0_.term_fk as term2_81_0_, courseavai0_.course_fk as course3_81_0_, courseavai0_.campus_fk as campus4_81_0_, courseavai0_.enabled as enabled81_0_ from course_availability courseavai0_ where courseavai0_.id=? for update
18:50:54.991 [main] DEBUG org.hibernate.loader.Loader - Static select for entity com.jstudyplanner.domain.CourseAvailability [OPTIMISTIC]: select courseavai0_.id as id81_0_, courseavai0_.term_fk as term2_81_0_, courseavai0_.course_fk as course3_81_0_, courseavai0_.campus_fk as campus4_81_0_, courseavai0_.enabled as enabled81_0_ from course_availability courseavai0_ where courseavai0_.id=?
18:50:54.991 [main] DEBUG org.hibernate.loader.Loader - Static select for entity com.jstudyplanner.domain.CourseAvailability [OPTIMISTIC_FORCE_INCREMENT]: select courseavai0_.id as id81_0_, courseavai0_.term_fk as term2_81_0_, courseavai0_.course_fk as course3_81_0_, courseavai0_.campus_fk as campus4_81_0_, courseavai0_.enabled as enabled81_0_ from course_availability courseavai0_ where courseavai0_.id=?
18:50:54.991 [main] DEBUG org.hibernate.loader.Loader - Static select for action ACTION_MERGE on entity com.jstudyplanner.domain.CourseAvailability: select courseavai0_.id as id81_0_, courseavai0_.term_fk as term2_81_0_, courseavai0_.course_fk as course3_81_0_, courseavai0_.campus_fk as campus4_81_0_, courseavai0_.enabled as enabled81_0_ from course_availability courseavai0_ where courseavai0_.id=?
18:50:54.991 [main] DEBUG org.hibernate.loader.Loader - Static select for action ACTION_REFRESH on entity com.jstudyplanner.domain.CourseAvailability: select courseavai0_.id as id81_0_, courseavai0_.term_fk as term2_81_0_, courseavai0_.course_fk as course3_81_0_, courseavai0_.campus_fk as campus4_81_0_, courseavai0_.enabled as enabled81_0_ from course_availability courseavai0_ where courseavai0_.id=?
18:50:54.991 [main] DEBUG org.hibernate.loader.collection.BasicCollectionLoader - Static select for collection com.jstudyplanner.domain.Staff.managedCampuses: select managedcam0_.user_fk as user1_83_1_, managedcam0_.campus_fk as campus2_84_1_, campus1_.id as id72_0_, campus1_.code as code72_0_, campus1_.title as title72_0_, campus1_.enabled as enabled72_0_, campus1_.address as address72_0_, campus1_.phone as phone72_0_, campus1_.description as descript7_72_0_ from campus_management managedcam0_ inner join campus campus1_ on managedcam0_.campus_fk=campus1_.id where managedcam0_.user_fk=?
18:50:54.992 [main] DEBUG org.hibernate.loader.collection.BasicCollectionLoader - Static select for collection com.jstudyplanner.domain.Program.coreCourses: select corecourse0_.program_fk as program1_77_1_, corecourse0_.course_fk as course2_78_1_, course1_.id as id73_0_, course1_.code as code73_0_, course1_.title as title73_0_, course1_.enabled as enabled73_0_, course1_.description as descript5_73_0_ from program_core_courses corecourse0_ inner join course course1_ on corecourse0_.course_fk=course1_.id where corecourse0_.program_fk=?
18:50:54.992 [main] DEBUG org.hibernate.loader.collection.BasicCollectionLoader - Static select for collection com.jstudyplanner.domain.Program.electiveCourses: select electiveco0_.program_fk as program1_77_1_, electiveco0_.course_fk as course2_79_1_, course1_.id as id73_0_, course1_.code as code73_0_, course1_.title as title73_0_, course1_.enabled as enabled73_0_, course1_.description as descript5_73_0_ from program_elective_courses electiveco0_ inner join course course1_ on electiveco0_.course_fk=course1_.id where electiveco0_.program_fk=?
18:50:54.993 [main] DEBUG org.hibernate.loader.collection.BasicCollectionLoader - Static select for collection com.jstudyplanner.domain.Course.prerequisites: select prerequisi0_.course as course73_1_, prerequisi0_.prerequisite as prerequi2_74_1_, course1_.id as id73_0_, course1_.code as code73_0_, course1_.title as title73_0_, course1_.enabled as enabled73_0_, course1_.description as descript5_73_0_ from prerequisite prerequisi0_ inner join course course1_ on prerequisi0_.prerequisite=course1_.id where prerequisi0_.course=?
18:50:54.994 [main] DEBUG org.hibernate.loader.collection.BasicCollectionLoader - Static select for collection com.jstudyplanner.domain.Major.compulsoryCourses: select compulsory0_.major_fk as major1_75_1_, compulsory0_.course_fk as course2_76_1_, course1_.id as id73_0_, course1_.code as code73_0_, course1_.title as title73_0_, course1_.enabled as enabled73_0_, course1_.description as descript5_73_0_ from major_compulsory_courses compulsory0_ inner join course course1_ on compulsory0_.course_fk=course1_.id where compulsory0_.major_fk=?
18:50:54.994 [main] DEBUG org.hibernate.internal.SessionFactoryRegistry - Registering SessionFactory: 2334669d-2dab-4fad-93dc-180d4de4b90f (<unnamed>)
18:50:54.994 [main] DEBUG org.hibernate.internal.SessionFactoryRegistry - Not binding SessionFactory to JNDI, no JNDI name configured
18:50:54.994 [main] DEBUG org.hibernate.internal.SessionFactoryImpl - Instantiated session factory
18:50:54.994 [main] DEBUG org.hibernate.internal.SessionFactoryImpl - Checking 0 named HQL queries
18:50:54.994 [main] DEBUG org.hibernate.internal.SessionFactoryImpl - Checking 0 named SQL queries
18:50:54.994 [main] DEBUG org.hibernate.stat.internal.StatisticsInitiator - Statistics initialized [enabled=false]
18:50:54.994 [main] DEBUG org.springframework.beans.factory.support.DefaultListableBeanFactory - Returning cached instance of singleton bean 'org.springframework.transaction.config.internalTransactionAdvisor'
18:50:54.995 [main] DEBUG org.springframework.beans.factory.support.DefaultListableBeanFactory - Finished creating instance of bean 'sessionFactory'
18:50:54.995 [main] DEBUG org.springframework.beans.factory.support.DefaultListableBeanFactory - Creating shared instance of singleton bean 'transactionManager'
18:50:54.995 [main] DEBUG org.springframework.beans.factory.support.DefaultListableBeanFactory - Creating instance of bean 'transactionManager'
18:50:54.995 [main] DEBUG org.springframework.beans.factory.support.DefaultListableBeanFactory - Eagerly caching bean 'transactionManager' to allow for resolving potential circular references
18:50:54.998 [main] DEBUG org.springframework.beans.factory.support.DefaultListableBeanFactory - Returning cached instance of singleton bean 'sessionFactory'
18:50:54.998 [main] DEBUG org.springframework.beans.factory.support.DefaultListableBeanFactory - Returning cached instance of singleton bean 'org.springframework.transaction.config.internalTransactionAdvisor'
18:50:55.000 [main] DEBUG org.springframework.beans.factory.support.DefaultListableBeanFactory - Invoking afterPropertiesSet() on bean with name 'transactionManager'
18:50:55.000 [main] INFO org.springframework.orm.hibernate4.HibernateTransactionManager - Using DataSource [org.springframework.jdbc.datasource.DriverManagerDataSource@479111ba] of Hibernate SessionFactory for HibernateTransactionManager
18:50:55.000 [main] DEBUG org.springframework.beans.factory.support.DefaultListableBeanFactory - Returning cached instance of singleton bean 'org.springframework.transaction.config.internalTransactionAdvisor'
18:50:55.000 [main] DEBUG org.springframework.beans.factory.support.DefaultListableBeanFactory - Finished creating instance of bean 'transactionManager'
18:50:55.000 [main] DEBUG org.springframework.beans.factory.support.DefaultListableBeanFactory - Creating shared instance of singleton bean 'campusDAO'
18:50:55.000 [main] DEBUG org.springframework.beans.factory.support.DefaultListableBeanFactory - Creating instance of bean 'campusDAO'
18:50:55.000 [main] DEBUG org.springframework.beans.factory.support.DefaultListableBeanFactory - Eagerly caching bean 'campusDAO' to allow for resolving potential circular references
18:50:55.001 [main] DEBUG org.springframework.beans.factory.support.DefaultListableBeanFactory - Returning cached instance of singleton bean 'sessionFactory'
18:50:55.002 [main] DEBUG org.springframework.beans.factory.support.DefaultListableBeanFactory - Returning cached instance of singleton bean 'org.springframework.transaction.config.internalTransactionAdvisor'
18:50:55.002 [main] DEBUG org.springframework.transaction.annotation.AnnotationTransactionAttributeSource - Adding transactional method 'com.jstudyplanner.dao.hibernate.HibernateCampusDAO.add' with attribute: PROPAGATION_REQUIRED,ISOLATION_DEFAULT; ''
18:50:55.002 [main] DEBUG org.springframework.aop.framework.autoproxy.InfrastructureAdvisorAutoProxyCreator - Creating implicit proxy for bean 'campusDAO' with 0 common interceptors and 1 specific interceptors
18:50:55.002 [main] DEBUG org.springframework.aop.framework.JdkDynamicAopProxy - Creating JDK dynamic proxy: target source is SingletonTargetSource for target object [com.jstudyplanner.dao.hibernate.HibernateCampusDAO@6b415f5f]
18:50:55.002 [main] DEBUG org.springframework.beans.factory.support.DefaultListableBeanFactory - Finished creating instance of bean 'campusDAO'
18:50:55.002 [main] DEBUG org.springframework.beans.factory.support.DefaultListableBeanFactory - Creating shared instance of singleton bean 'userDAO'
18:50:55.002 [main] DEBUG org.springframework.beans.factory.support.DefaultListableBeanFactory - Creating instance of bean 'userDAO'
18:50:55.002 [main] DEBUG org.springframework.beans.factory.support.DefaultListableBeanFactory - Eagerly caching bean 'userDAO' to allow for resolving potential circular references
18:50:55.003 [main] DEBUG org.springframework.beans.factory.support.DefaultListableBeanFactory - Returning cached instance of singleton bean 'sessionFactory'
18:50:55.003 [main] DEBUG org.springframework.beans.factory.support.DefaultListableBeanFactory - Returning cached instance of singleton bean 'org.springframework.transaction.config.internalTransactionAdvisor'
18:50:55.004 [main] DEBUG org.springframework.transaction.annotation.AnnotationTransactionAttributeSource - Adding transactional method 'com.jstudyplanner.dao.hibernate.HibernateUserDAO.add' with attribute: PROPAGATION_REQUIRED,ISOLATION_DEFAULT; ''
18:50:55.004 [main] DEBUG org.springframework.aop.framework.autoproxy.InfrastructureAdvisorAutoProxyCreator - Creating implicit proxy for bean 'userDAO' with 0 common interceptors and 1 specific interceptors
18:50:55.004 [main] DEBUG org.springframework.aop.framework.JdkDynamicAopProxy - Creating JDK dynamic proxy: target source is SingletonTargetSource for target object [com.jstudyplanner.dao.hibernate.HibernateUserDAO@66749eea]
18:50:55.004 [main] DEBUG org.springframework.beans.factory.support.DefaultListableBeanFactory - Finished creating instance of bean 'userDAO'
18:50:55.004 [main] DEBUG org.springframework.beans.factory.support.DefaultListableBeanFactory - Creating shared instance of singleton bean 'courseDAO'
18:50:55.004 [main] DEBUG org.springframework.beans.factory.support.DefaultListableBeanFactory - Creating instance of bean 'courseDAO'
18:50:55.004 [main] DEBUG org.springframework.beans.factory.support.DefaultListableBeanFactory - Eagerly caching bean 'courseDAO' to allow for resolving potential circular references
18:50:55.005 [main] DEBUG org.springframework.beans.factory.support.DefaultListableBeanFactory - Returning cached instance of singleton bean 'sessionFactory'
18:50:55.005 [main] DEBUG org.springframework.beans.factory.support.DefaultListableBeanFactory - Returning cached instance of singleton bean 'org.springframework.transaction.config.internalTransactionAdvisor'
18:50:55.006 [main] DEBUG org.springframework.transaction.annotation.AnnotationTransactionAttributeSource - Adding transactional method 'com.jstudyplanner.dao.hibernate.HibernateCourseDAO.add' with attribute: PROPAGATION_REQUIRED,ISOLATION_DEFAULT; ''
18:50:55.006 [main] DEBUG org.springframework.aop.framework.autoproxy.InfrastructureAdvisorAutoProxyCreator - Creating implicit proxy for bean 'courseDAO' with 0 common interceptors and 1 specific interceptors
18:50:55.006 [main] DEBUG org.springframework.aop.framework.JdkDynamicAopProxy - Creating JDK dynamic proxy: target source is SingletonTargetSource for target object [com.jstudyplanner.dao.hibernate.HibernateCourseDAO@7135ce0a]
18:50:55.006 [main] DEBUG org.springframework.beans.factory.support.DefaultListableBeanFactory - Finished creating instance of bean 'courseDAO'
18:50:55.006 [main] DEBUG org.springframework.beans.factory.support.DefaultListableBeanFactory - Creating shared instance of singleton bean 'majorDAO'
18:50:55.006 [main] DEBUG org.springframework.beans.factory.support.DefaultListableBeanFactory - Creating instance of bean 'majorDAO'
18:50:55.006 [main] DEBUG org.springframework.beans.factory.support.DefaultListableBeanFactory - Eagerly caching bean 'majorDAO' to allow for resolving potential circular references
18:50:55.007 [main] DEBUG org.springframework.beans.factory.support.DefaultListableBeanFactory - Returning cached instance of singleton bean 'sessionFactory'
18:50:55.007 [main] DEBUG org.springframework.beans.factory.support.DefaultListableBeanFactory - Returning cached instance of singleton bean 'org.springframework.transaction.config.internalTransactionAdvisor'
18:50:55.008 [main] DEBUG org.springframework.transaction.annotation.AnnotationTransactionAttributeSource - Adding transactional method 'com.jstudyplanner.dao.hibernate.HibernateMajorDAO.add' with attribute: PROPAGATION_REQUIRED,ISOLATION_DEFAULT; ''
18:50:55.008 [main] DEBUG org.springframework.aop.framework.autoproxy.InfrastructureAdvisorAutoProxyCreator - Creating implicit proxy for bean 'majorDAO' with 0 common interceptors and 1 specific interceptors
18:50:55.008 [main] DEBUG org.springframework.aop.framework.JdkDynamicAopProxy - Creating JDK dynamic proxy: target source is SingletonTargetSource for target object [com.jstudyplanner.dao.hibernate.HibernateMajorDAO@617449dd]
18:50:55.008 [main] DEBUG org.springframework.beans.factory.support.DefaultListableBeanFactory - Finished creating instance of bean 'majorDAO'
18:50:55.008 [main] DEBUG org.springframework.beans.factory.support.DefaultListableBeanFactory - Creating shared instance of singleton bean 'programDAO'
18:50:55.008 [main] DEBUG org.springframework.beans.factory.support.DefaultListableBeanFactory - Creating instance of bean 'programDAO'
18:50:55.008 [main] DEBUG org.springframework.beans.factory.support.DefaultListableBeanFactory - Eagerly caching bean 'programDAO' to allow for resolving potential circular references
18:50:55.009 [main] DEBUG org.springframework.beans.factory.support.DefaultListableBeanFactory - Returning cached instance of singleton bean 'sessionFactory'
18:50:55.009 [main] DEBUG org.springframework.beans.factory.support.DefaultListableBeanFactory - Returning cached instance of singleton bean 'org.springframework.transaction.config.internalTransactionAdvisor'
18:50:55.009 [main] DEBUG org.springframework.transaction.annotation.AnnotationTransactionAttributeSource - Adding transactional method 'com.jstudyplanner.dao.hibernate.HibernateProgramDAO.add' with attribute: PROPAGATION_REQUIRED,ISOLATION_DEFAULT; ''
18:50:55.010 [main] DEBUG org.springframework.aop.framework.autoproxy.InfrastructureAdvisorAutoProxyCreator - Creating implicit proxy for bean 'programDAO' with 0 common interceptors and 1 specific interceptors
18:50:55.010 [main] DEBUG org.springframework.aop.framework.JdkDynamicAopProxy - Creating JDK dynamic proxy: target source is SingletonTargetSource for target object [com.jstudyplanner.dao.hibernate.HibernateProgramDAO@2e590b]
18:50:55.010 [main] DEBUG org.springframework.beans.factory.support.DefaultListableBeanFactory - Finished creating instance of bean 'programDAO'
18:50:55.010 [main] DEBUG org.springframework.beans.factory.support.DefaultListableBeanFactory - Creating shared instance of singleton bean 'termDAO'
18:50:55.010 [main] DEBUG org.springframework.beans.factory.support.DefaultListableBeanFactory - Creating instance of bean 'termDAO'
18:50:55.010 [main] DEBUG org.springframework.beans.factory.support.DefaultListableBeanFactory - Eagerly caching bean 'termDAO' to allow for resolving potential circular references
18:50:55.010 [main] DEBUG org.springframework.beans.factory.support.DefaultListableBeanFactory - Returning cached instance of singleton bean 'sessionFactory'
18:50:55.010 [main] DEBUG org.springframework.beans.factory.support.DefaultListableBeanFactory - Returning cached instance of singleton bean 'org.springframework.transaction.config.internalTransactionAdvisor'
18:50:55.011 [main] DEBUG org.springframework.transaction.annotation.AnnotationTransactionAttributeSource - Adding transactional method 'com.jstudyplanner.dao.hibernate.HibernateTermDAO.add' with attribute: PROPAGATION_REQUIRED,ISOLATION_DEFAULT; ''
18:50:55.011 [main] DEBUG org.springframework.aop.framework.autoproxy.InfrastructureAdvisorAutoProxyCreator - Creating implicit proxy for bean 'termDAO' with 0 common interceptors and 1 specific interceptors
18:50:55.011 [main] DEBUG org.springframework.aop.framework.JdkDynamicAopProxy - Creating JDK dynamic proxy: target source is SingletonTargetSource for target object [com.jstudyplanner.dao.hibernate.HibernateTermDAO@42ef042a]
18:50:55.011 [main] DEBUG org.springframework.beans.factory.support.DefaultListableBeanFactory - Finished creating instance of bean 'termDAO'
18:50:55.011 [main] DEBUG org.springframework.beans.factory.support.DefaultListableBeanFactory - Creating shared instance of singleton bean 'courseAvailabilityDAO'
18:50:55.011 [main] DEBUG org.springframework.beans.factory.support.DefaultListableBeanFactory - Creating instance of bean 'courseAvailabilityDAO'
18:50:55.011 [main] DEBUG org.springframework.beans.factory.support.DefaultListableBeanFactory - Eagerly caching bean 'courseAvailabilityDAO' to allow for resolving potential circular references
18:50:55.012 [main] DEBUG org.springframework.beans.factory.support.DefaultListableBeanFactory - Returning cached instance of singleton bean 'sessionFactory'
18:50:55.012 [main] DEBUG org.springframework.beans.factory.support.DefaultListableBeanFactory - Returning cached instance of singleton bean 'org.springframework.transaction.config.internalTransactionAdvisor'
18:50:55.012 [main] DEBUG org.springframework.transaction.annotation.AnnotationTransactionAttributeSource - Adding transactional method 'com.jstudyplanner.dao.hibernate.HibernateCourseAvailabilityDAO.add' with attribute: PROPAGATION_REQUIRED,ISOLATION_DEFAULT; ''
18:50:55.012 [main] DEBUG org.springframework.aop.framework.autoproxy.InfrastructureAdvisorAutoProxyCreator - Creating implicit proxy for bean 'courseAvailabilityDAO' with 0 common interceptors and 1 specific interceptors
18:50:55.012 [main] DEBUG org.springframework.aop.framework.JdkDynamicAopProxy - Creating JDK dynamic proxy: target source is SingletonTargetSource for target object [com.jstudyplanner.dao.hibernate.HibernateCourseAvailabilityDAO@1df5c7e3]
18:50:55.012 [main] DEBUG org.springframework.beans.factory.support.DefaultListableBeanFactory - Finished creating instance of bean 'courseAvailabilityDAO'
18:50:55.012 [main] DEBUG org.springframework.beans.factory.support.DefaultListableBeanFactory - Creating shared instance of singleton bean 'enrollmentDAO'
18:50:55.012 [main] DEBUG org.springframework.beans.factory.support.DefaultListableBeanFactory - Creating instance of bean 'enrollmentDAO'
18:50:55.012 [main] DEBUG org.springframework.beans.factory.support.DefaultListableBeanFactory - Eagerly caching bean 'enrollmentDAO' to allow for resolving potential circular references
18:50:55.013 [main] DEBUG org.springframework.beans.factory.support.DefaultListableBeanFactory - Returning cached instance of singleton bean 'sessionFactory'
18:50:55.013 [main] DEBUG org.springframework.beans.factory.support.DefaultListableBeanFactory - Returning cached instance of singleton bean 'org.springframework.transaction.config.internalTransactionAdvisor'
18:50:55.013 [main] DEBUG org.springframework.transaction.annotation.AnnotationTransactionAttributeSource - Adding transactional method 'com.jstudyplanner.dao.hibernate.HibernateEnrollmentDAO.add' with attribute: PROPAGATION_REQUIRED,ISOLATION_DEFAULT; ''
18:50:55.013 [main] DEBUG org.springframework.aop.framework.autoproxy.InfrastructureAdvisorAutoProxyCreator - Creating implicit proxy for bean 'enrollmentDAO' with 0 common interceptors and 1 specific interceptors
18:50:55.013 [main] DEBUG org.springframework.aop.framework.JdkDynamicAopProxy - Creating JDK dynamic proxy: target source is SingletonTargetSource for target object [com.jstudyplanner.dao.hibernate.HibernateEnrollmentDAO@5e0c4f21]
18:50:55.013 [main] DEBUG org.springframework.beans.factory.support.DefaultListableBeanFactory - Finished creating instance of bean 'enrollmentDAO'
18:50:55.013 [main] DEBUG org.springframework.beans.factory.support.DefaultListableBeanFactory - Creating shared instance of singleton bean 'org.springframework.transaction.config.internalTransactionalEventListenerFactory'
18:50:55.013 [main] DEBUG org.springframework.beans.factory.support.DefaultListableBeanFactory - Creating instance of bean 'org.springframework.transaction.config.internalTransactionalEventListenerFactory'
18:50:55.013 [main] DEBUG org.springframework.beans.factory.support.DefaultListableBeanFactory - Eagerly caching bean 'org.springframework.transaction.config.internalTransactionalEventListenerFactory' to allow for resolving potential circular references
18:50:55.014 [main] DEBUG org.springframework.beans.factory.support.DefaultListableBeanFactory - Returning cached instance of singleton bean 'org.springframework.transaction.config.internalTransactionAdvisor'
18:50:55.014 [main] DEBUG org.springframework.beans.factory.support.DefaultListableBeanFactory - Finished creating instance of bean 'org.springframework.transaction.config.internalTransactionalEventListenerFactory'
18:50:55.014 [main] DEBUG org.springframework.beans.factory.support.DefaultListableBeanFactory - Returning cached instance of singleton bean 'org.springframework.aop.config.internalAutoProxyCreator'
18:50:55.014 [main] DEBUG org.springframework.beans.factory.support.DefaultListableBeanFactory - Returning cached instance of singleton bean 'org.springframework.transaction.annotation.AnnotationTransactionAttributeSource#0'
18:50:55.014 [main] DEBUG org.springframework.beans.factory.support.DefaultListableBeanFactory - Creating shared instance of singleton bean 'org.springframework.transaction.interceptor.TransactionInterceptor#0'
18:50:55.014 [main] DEBUG org.springframework.beans.factory.support.DefaultListableBeanFactory - Creating instance of bean 'org.springframework.transaction.interceptor.TransactionInterceptor#0'
18:50:55.014 [main] DEBUG org.springframework.beans.factory.support.DefaultListableBeanFactory - Eagerly caching bean 'org.springframework.transaction.interceptor.TransactionInterceptor#0' to allow for resolving potential circular references
18:50:55.016 [main] DEBUG org.springframework.beans.factory.support.DefaultListableBeanFactory - Returning cached instance of singleton bean 'org.springframework.transaction.annotation.AnnotationTransactionAttributeSource#0'
18:50:55.016 [main] DEBUG org.springframework.beans.factory.support.DefaultListableBeanFactory - Invoking afterPropertiesSet() on bean with name 'org.springframework.transaction.interceptor.TransactionInterceptor#0'
18:50:55.016 [main] DEBUG org.springframework.beans.factory.support.DefaultListableBeanFactory - Finished creating instance of bean 'org.springframework.transaction.interceptor.TransactionInterceptor#0'
18:50:55.016 [main] DEBUG org.springframework.beans.factory.support.DefaultListableBeanFactory - Returning cached instance of singleton bean 'org.springframework.transaction.config.internalTransactionAdvisor'
18:50:55.016 [main] DEBUG org.springframework.context.support.ClassPathXmlApplicationContext - Unable to locate LifecycleProcessor with name 'lifecycleProcessor': using default [org.springframework.context.support.DefaultLifecycleProcessor@2c18a3ea]
18:50:55.016 [main] DEBUG org.springframework.beans.factory.support.DefaultListableBeanFactory - Returning cached instance of singleton bean 'lifecycleProcessor'
18:50:55.016 [main] DEBUG org.springframework.core.env.PropertySourcesPropertyResolver - Could not find key 'spring.liveBeansView.mbeanDomain' in any property source
18:50:55.016 [main] DEBUG org.springframework.beans.factory.support.DefaultListableBeanFactory - Returning cached instance of singleton bean 'term1_2012'
18:50:55.016 [main] DEBUG org.springframework.beans.factory.support.DefaultListableBeanFactory - Returning cached instance of singleton bean 'webDevelopment'
18:50:55.016 [main] DEBUG org.springframework.beans.factory.support.DefaultListableBeanFactory - Returning cached instance of singleton bean 'programmingFoundation'
18:50:55.016 [main] DEBUG org.springframework.beans.factory.support.DefaultListableBeanFactory - Returning cached instance of singleton bean 'newcastle'
18:50:55.016 [main] DEBUG org.springframework.beans.factory.support.DefaultListableBeanFactory - Returning cached instance of singleton bean 'ipswich'
18:50:55.016 [main] DEBUG org.springframework.beans.factory.support.DefaultListableBeanFactory - Returning cached instance of singleton bean 'softwareDevelopment'
18:50:55.016 [main] DEBUG org.springframework.beans.factory.support.DefaultListableBeanFactory - Returning cached instance of singleton bean 'webDevelopment_newcastle_term1_2012'
18:50:55.016 [main] DEBUG org.springframework.beans.factory.support.DefaultListableBeanFactory - Returning cached instance of singleton bean 'programmingFoundation_newcastle_term1_2012'
18:50:55.016 [main] DEBUG org.springframework.beans.factory.support.DefaultListableBeanFactory - Returning cached instance of singleton bean 'programmingFoundation_ipswich_term1_2012'
18:50:55.016 [main] DEBUG org.springframework.beans.factory.support.DefaultListableBeanFactory - Returning cached instance of singleton bean 'student'
18:50:55.017 [main] DEBUG org.springframework.beans.factory.support.DefaultListableBeanFactory - Returning cached instance of singleton bean 'enrollment1'
18:50:55.017 [main] DEBUG org.springframework.beans.factory.support.DefaultListableBeanFactory - Returning cached instance of singleton bean 'enrollment2'
18:50:55.017 [main] DEBUG org.springframework.beans.factory.support.DefaultListableBeanFactory - Returning cached instance of singleton bean 'termDAO'
18:50:55.017 [main] DEBUG org.springframework.beans.factory.support.DefaultListableBeanFactory - Returning cached instance of singleton bean 'courseDAO'
18:50:55.017 [main] DEBUG org.springframework.beans.factory.support.DefaultListableBeanFactory - Returning cached instance of singleton bean 'campusDAO'
18:50:55.017 [main] DEBUG org.springframework.beans.factory.support.DefaultListableBeanFactory - Returning cached instance of singleton bean 'majorDAO'
18:50:55.017 [main] DEBUG org.springframework.beans.factory.support.DefaultListableBeanFactory - Returning cached instance of singleton bean 'courseAvailabilityDAO'
18:50:55.017 [main] DEBUG org.springframework.beans.factory.support.DefaultListableBeanFactory - Returning cached instance of singleton bean 'enrollmentDAO'
18:50:55.017 [main] DEBUG org.springframework.beans.factory.support.DefaultListableBeanFactory - Returning cached instance of singleton bean 'userDAO'
18:50:55.017 [main] DEBUG org.springframework.beans.factory.support.DefaultListableBeanFactory - Returning cached instance of singleton bean 'org.springframework.transaction.interceptor.TransactionInterceptor#0'
18:50:55.017 [main] DEBUG org.springframework.beans.factory.support.DefaultListableBeanFactory - Returning cached instance of singleton bean 'transactionManager'
18:50:55.017 [main] DEBUG org.springframework.orm.hibernate4.HibernateTransactionManager - Creating new transaction with name [com.jstudyplanner.dao.hibernate.HibernateTermDAO.add]: PROPAGATION_REQUIRED,ISOLATION_DEFAULT; ''
18:50:55.017 [main] DEBUG org.hibernate.internal.SessionImpl - Opened session at timestamp: 15109248550
18:50:55.017 [main] DEBUG org.springframework.orm.hibernate4.HibernateTransactionManager - Opened new Session [SessionImpl(PersistenceContext[entityKeys=[],collectionKeys=[]];ActionQueue[insertions=[] updates=[] deletions=[] collectionCreations=[] collectionRemovals=[] collectionUpdates=[] unresolvedInsertDependencies=UnresolvedEntityInsertActions[]])] for Hibernate transaction
18:50:55.017 [main] DEBUG org.springframework.orm.hibernate4.HibernateTransactionManager - Preparing JDBC Connection of Hibernate Session [SessionImpl(PersistenceContext[entityKeys=[],collectionKeys=[]];ActionQueue[insertions=[] updates=[] deletions=[] collectionCreations=[] collectionRemovals=[] collectionUpdates=[] unresolvedInsertDependencies=UnresolvedEntityInsertActions[]])]
18:50:55.017 [main] DEBUG org.hibernate.engine.transaction.spi.AbstractTransactionImpl - begin
18:50:55.017 [main] DEBUG org.hibernate.engine.jdbc.internal.LogicalConnectionImpl - Obtaining JDBC connection
18:50:55.017 [main] DEBUG org.springframework.jdbc.datasource.DriverManagerDataSource - Creating new JDBC DriverManager Connection to [jdbc:mysql://localhost:3307/jstudyplanner]
18:50:55.020 [main] DEBUG org.hibernate.engine.jdbc.spi.SqlExceptionHelper - Could not open connection [n/a]
com.mysql.jdbc.exceptions.jdbc4.CommunicationsException: Communications link failure

The last packet sent successfully to the server was 0 milliseconds ago. The driver has not received any packets from the server.
	at sun.reflect.NativeConstructorAccessorImpl.newInstance0(Native Method)
	at sun.reflect.NativeConstructorAccessorImpl.newInstance(NativeConstructorAccessorImpl.java:62)
	at sun.reflect.DelegatingConstructorAccessorImpl.newInstance(DelegatingConstructorAccessorImpl.java:45)
	at java.lang.reflect.Constructor.newInstance(Constructor.java:423)
	at com.mysql.jdbc.Util.handleNewInstance(Util.java:411)
	at com.mysql.jdbc.SQLError.createCommunicationsException(SQLError.java:1121)
	at com.mysql.jdbc.MysqlIO.<init>(MysqlIO.java:357)
	at com.mysql.jdbc.ConnectionImpl.coreConnect(ConnectionImpl.java:2482)
	at com.mysql.jdbc.ConnectionImpl.connectOneTryOnly(ConnectionImpl.java:2519)
	at com.mysql.jdbc.ConnectionImpl.createNewIO(ConnectionImpl.java:2304)
	at com.mysql.jdbc.ConnectionImpl.<init>(ConnectionImpl.java:834)
	at com.mysql.jdbc.JDBC4Connection.<init>(JDBC4Connection.java:47)
	at sun.reflect.NativeConstructorAccessorImpl.newInstance0(Native Method)
	at sun.reflect.NativeConstructorAccessorImpl.newInstance(NativeConstructorAccessorImpl.java:62)
	at sun.reflect.DelegatingConstructorAccessorImpl.newInstance(DelegatingConstructorAccessorImpl.java:45)
	at java.lang.reflect.Constructor.newInstance(Constructor.java:423)
	at com.mysql.jdbc.Util.handleNewInstance(Util.java:411)
	at com.mysql.jdbc.ConnectionImpl.getInstance(ConnectionImpl.java:416)
	at com.mysql.jdbc.NonRegisteringDriver.connect(NonRegisteringDriver.java:346)
	at java.sql.DriverManager.getConnection(DriverManager.java:664)
	at java.sql.DriverManager.getConnection(DriverManager.java:208)
	at org.springframework.jdbc.datasource.DriverManagerDataSource.getConnectionFromDriverManager(DriverManagerDataSource.java:153)
	at org.springframework.jdbc.datasource.DriverManagerDataSource.getConnectionFromDriver(DriverManagerDataSource.java:144)
	at org.springframework.jdbc.datasource.AbstractDriverBasedDataSource.getConnectionFromDriver(AbstractDriverBasedDataSource.java:196)
	at org.springframework.jdbc.datasource.AbstractDriverBasedDataSource.getConnection(AbstractDriverBasedDataSource.java:159)
	at org.hibernate.service.jdbc.connections.internal.DatasourceConnectionProviderImpl.getConnection(DatasourceConnectionProviderImpl.java:141)
	at org.hibernate.internal.AbstractSessionImpl$NonContextualJdbcConnectionAccess.obtainConnection(AbstractSessionImpl.java:281)
	at org.hibernate.engine.jdbc.internal.LogicalConnectionImpl.obtainConnection(LogicalConnectionImpl.java:297)
	at org.hibernate.engine.jdbc.internal.LogicalConnectionImpl.getConnection(LogicalConnectionImpl.java:169)
	at org.hibernate.engine.transaction.internal.jdbc.JdbcTransaction.doBegin(JdbcTransaction.java:67)
	at org.hibernate.engine.transaction.spi.AbstractTransactionImpl.begin(AbstractTransactionImpl.java:160)
	at org.hibernate.internal.SessionImpl.beginTransaction(SessionImpl.java:1392)
	at org.springframework.orm.hibernate4.HibernateTransactionManager.doBegin(HibernateTransactionManager.java:502)
	at org.springframework.transaction.support.AbstractPlatformTransactionManager.getTransaction(AbstractPlatformTransactionManager.java:373)
	at org.springframework.transaction.interceptor.TransactionAspectSupport.createTransactionIfNecessary(TransactionAspectSupport.java:447)
	at org.springframework.transaction.interceptor.TransactionAspectSupport.invokeWithinTransaction(TransactionAspectSupport.java:277)
	at org.springframework.transaction.interceptor.TransactionInterceptor.invoke(TransactionInterceptor.java:96)
	at org.springframework.aop.framework.ReflectiveMethodInvocation.proceed(ReflectiveMethodInvocation.java:179)
	at org.springframework.aop.framework.JdkDynamicAopProxy.invoke(JdkDynamicAopProxy.java:213)
	at com.sun.proxy.$Proxy18.add(Unknown Source)
	at com.jstudyplanner.dao.hibernate.HibernateEnrollmentDAOTest.testCRUDEnrollment(HibernateEnrollmentDAOTest.java:90)
	at sun.reflect.NativeMethodAccessorImpl.invoke0(Native Method)
	at sun.reflect.NativeMethodAccessorImpl.invoke(NativeMethodAccessorImpl.java:62)
	at sun.reflect.DelegatingMethodAccessorImpl.invoke(DelegatingMethodAccessorImpl.java:43)
	at java.lang.reflect.Method.invoke(Method.java:498)
	at org.junit.runners.model.FrameworkMethod$1.runReflectiveCall(FrameworkMethod.java:44)
	at org.junit.internal.runners.model.ReflectiveCallable.run(ReflectiveCallable.java:15)
	at org.junit.runners.model.FrameworkMethod.invokeExplosively(FrameworkMethod.java:41)
	at org.junit.internal.runners.statements.InvokeMethod.evaluate(InvokeMethod.java:20)
	at org.junit.runners.BlockJUnit4ClassRunner.runChild(BlockJUnit4ClassRunner.java:76)
	at org.junit.runners.BlockJUnit4ClassRunner.runChild(BlockJUnit4ClassRunner.java:50)
	at org.junit.runners.ParentRunner$3.run(ParentRunner.java:193)
	at org.junit.runners.ParentRunner$1.schedule(ParentRunner.java:52)
	at org.junit.runners.ParentRunner.runChildren(ParentRunner.java:191)
	at org.junit.runners.ParentRunner.access$000(ParentRunner.java:42)
	at org.junit.runners.ParentRunner$2.evaluate(ParentRunner.java:184)
	at org.junit.internal.runners.statements.RunBefores.evaluate(RunBefores.java:28)
	at org.junit.runners.ParentRunner.run(ParentRunner.java:236)
	at org.apache.maven.surefire.junit4.JUnit4Provider.execute(JUnit4Provider.java:283)
	at org.apache.maven.surefire.junit4.JUnit4Provider.executeWithRerun(JUnit4Provider.java:173)
	at org.apache.maven.surefire.junit4.JUnit4Provider.executeTestSet(JUnit4Provider.java:153)
	at org.apache.maven.surefire.junit4.JUnit4Provider.invoke(JUnit4Provider.java:128)
	at org.apache.maven.surefire.booter.ForkedBooter.invokeProviderInSameClassLoader(ForkedBooter.java:203)
	at org.apache.maven.surefire.booter.ForkedBooter.runSuitesInProcess(ForkedBooter.java:155)
	at org.apache.maven.surefire.booter.ForkedBooter.main(ForkedBooter.java:103)
Caused by: java.net.ConnectException: Connection refused (Connection refused)
	at java.net.PlainSocketImpl.socketConnect(Native Method)
	at java.net.AbstractPlainSocketImpl.doConnect(AbstractPlainSocketImpl.java:350)
	at java.net.AbstractPlainSocketImpl.connectToAddress(AbstractPlainSocketImpl.java:206)
	at java.net.AbstractPlainSocketImpl.connect(AbstractPlainSocketImpl.java:188)
	at java.net.SocksSocketImpl.connect(SocksSocketImpl.java:392)
	at java.net.Socket.connect(Socket.java:589)
	at java.net.Socket.connect(Socket.java:538)
	at java.net.Socket.<init>(Socket.java:434)
	at java.net.Socket.<init>(Socket.java:244)
	at com.mysql.jdbc.StandardSocketFactory.connect(StandardSocketFactory.java:259)
	at com.mysql.jdbc.MysqlIO.<init>(MysqlIO.java:307)
	... 58 common frames omitted
18:50:55.020 [main] WARN org.hibernate.engine.jdbc.spi.SqlExceptionHelper - SQL Error: 0, SQLState: 08S01
18:50:55.020 [main] ERROR org.hibernate.engine.jdbc.spi.SqlExceptionHelper - Communications link failure

The last packet sent successfully to the server was 0 milliseconds ago. The driver has not received any packets from the server.
18:50:55.020 [main] DEBUG org.hibernate.engine.jdbc.internal.proxy.ConnectionProxyHandler - HHH000162: *** Logical connection closed ***
]]></system-out>
  </testcase>
</testsuite>